<?xml version="1.0" encoding="UTF-8"?>
<rss version="2.0" xmlns:dc="http://purl.org/dc/elements/1.1/"><channel><title>Sample RSS Feed</title><link>http://www.example.com/rss</link><description>This is an example of how to use rfeed to generate an RSS 2.0 feed</description><language>en-US</language><lastBuildDate>Sun, 21 Jun 2020 19:35:50 GMT</lastBuildDate><generator>rfeed v1.1.1</generator><docs>https://github.com/svpino/rfeed/blob/master/README.md</docs><item><title>Dhammapada Verse 223: Conquer</title><description>223
akkodhena jine kodhaṃ, asādhuṃ sādhunā jine.
jine kadariyaṃ dānena, saccenālikavādinaṃ.

Part of a series on the Dhammapada, a set of 423 verse teachings given by the Buddha, including explanation of the Pali verse, a synopsis of the background story and application of the teaching to our practice.

&lt;b&gt;Original YouTube-Video:&lt;/b&gt; https://youtu.be/TrJkuOuha1U
&lt;b&gt;For more information on the Dhammapada:&lt;/b&gt; http://www.buddhanet.net/e-learning/buddhism/dhammapada.htm
&lt;b&gt;Automatic Keywords:&lt;/b&gt; anger, power, conquer, said, goodness
</description><pubDate>Tue, 02 Jun 2020 06:26:37 GMT</pubDate><enclosure url="https://almedia.blob.core.windows.net/audio/TrJkuOuha1U.mp3" length="0" type="audio/mpeg"></enclosure><guid isPermaLink="true">TrJkuOuha1U</guid><itunes:duration>3325</itunes:duration><itunes:order>None</itunes:order></item><item><title>Dhammapada Verse 222: A Charioteer</title><description>222
yo ve uppatitaṃ kodhaṃ, rathaṃ bhantaṃva vāraye.
tamahaṃ sārathiṃ brūmi, rasmiggāho itaro jano.

Part of a series on the Dhammapada, a set of 423 verse teachings given by the Buddha, including explanation of the Pali verse, a synopsis of the background story and application of the teaching to our practice.

&lt;b&gt;Original YouTube-Video:&lt;/b&gt; https://youtu.be/Sd0i55ikM_Q
&lt;b&gt;For more information on the Dhammapada:&lt;/b&gt; http://www.buddhanet.net/e-learning/buddhism/dhammapada.htm
&lt;b&gt;Automatic Keywords:&lt;/b&gt; horses, justice, samwara, vengeance, chariot
</description><pubDate>Tue, 26 May 2020 05:46:26 GMT</pubDate><enclosure url="https://almedia.blob.core.windows.net/audio/Sd0i55ikM_Q.mp3" length="0" type="audio/mpeg"></enclosure><guid isPermaLink="true">Sd0i55ikM_Q</guid><itunes:duration>2703</itunes:duration><itunes:order>None</itunes:order></item><item><title>Dhammapada Verse 221: Nothing to Get Hung About</title><description>221
kodhaṃ jahe vippajaheyya mānaṃ, saṃyojanaṃ sabbamatikkameyya.
taṃ nāmarūpasmimasajjamānaṃ, akiñcanaṃ nānupatanti dukkhā.

Part of a series on the Dhammapada, a set of 423 verse teachings given by the Buddha, including explanation of the Pali verse, a synopsis of the background story and application of the teaching to our practice.

&lt;b&gt;Original YouTube-Video:&lt;/b&gt; https://youtu.be/Zyza4h1AvHc
&lt;b&gt;For more information on the Dhammapada:&lt;/b&gt; http://www.buddhanet.net/e-learning/buddhism/dhammapada.htm
&lt;b&gt;Automatic Keywords:&lt;/b&gt; skin, hung, nama, rupa, esteem
</description><pubDate>Tue, 19 May 2020 04:55:09 GMT</pubDate><enclosure url="https://almedia.blob.core.windows.net/audio/Zyza4h1AvHc.mp3" length="0" type="audio/mpeg"></enclosure><guid isPermaLink="true">Zyza4h1AvHc</guid><itunes:duration>1742</itunes:duration><itunes:order>None</itunes:order></item><item><title>Dhammapada Verse 219 &amp; 220: Receiving a Loved One</title><description>219
cirappavāsiṃ purisaṃ, dūrato sotthimāgataṃ.
ñātimittā suhajjā ca, abhinandanti āgataṃ.

220
tatheva katapuññampi, asmā lokā paraṃ gataṃ.
puññāni paṭigaṇhanti, piyaṃ ñātīva āgataṃ.
piyavaggo soḷasamo niṭṭhito.

Part of a series on the Dhammapada, a set of 423 verse teachings given by the Buddha, including explanation of the Pali verse, a synopsis of the background story and application of the teaching to our practice.

&lt;b&gt;Original YouTube-Video:&lt;/b&gt; https://youtu.be/i-WSuG6aXJg
&lt;b&gt;For more information on the Dhammapada:&lt;/b&gt; http://www.buddhanet.net/e-learning/buddhism/dhammapada.htm
&lt;b&gt;Automatic Keywords:&lt;/b&gt; dia, good, deeds, just, buddha
</description><pubDate>Tue, 12 May 2020 04:38:31 GMT</pubDate><enclosure url="https://almedia.blob.core.windows.net/audio/i-WSuG6aXJg.mp3" length="0" type="audio/mpeg"></enclosure><guid isPermaLink="true">i-WSuG6aXJg</guid><itunes:duration>2288</itunes:duration><itunes:order>None</itunes:order></item><item><title>Dhammapada Verse 218: Ineffable Upstream</title><description>218
chandajāto anakkhāte, manasā ca phuṭo siyā.
kāmesu ca appaṭibaddhacitto, uddhaṃsototi vuccati.

Part of a series on the Dhammapada, a set of 423 verse teachings given by the Buddha, including explanation of the Pali verse, a synopsis of the background story and application of the teaching to our practice.

&lt;b&gt;Original YouTube-Video:&lt;/b&gt; https://youtu.be/8c-_qQLVsz8
&lt;b&gt;For more information on the Dhammapada:&lt;/b&gt; http://www.buddhanet.net/e-learning/buddhism/dhammapada.htm
&lt;b&gt;Automatic Keywords:&lt;/b&gt; ineffable, chanda, inclined, complacent, nogami
</description><pubDate>Tue, 05 May 2020 05:17:41 GMT</pubDate><enclosure url="https://almedia.blob.core.windows.net/audio/8c-_qQLVsz8.mp3" length="0" type="audio/mpeg"></enclosure><guid isPermaLink="true">8c-_qQLVsz8</guid><itunes:duration>2439</itunes:duration><itunes:order>None</itunes:order></item><item><title>Dhammapada Verse 217: They Are Dear</title><description>217
sīladassanasampannaṃ, dhammaṭṭhaṃ saccavedinaṃ.
attano kamma kubbānaṃ, taṃ jano kurute piyaṃ.

Part of a series on the Dhammapada, a set of 423 verse teachings given by the Buddha, including explanation of the Pali verse, a synopsis of the background story and application of the teaching to our practice.

&lt;b&gt;Original YouTube-Video:&lt;/b&gt; https://youtu.be/NgFb0aOsPNU
&lt;b&gt;For more information on the Dhammapada:&lt;/b&gt; http://www.buddhanet.net/e-learning/buddhism/dhammapada.htm
&lt;b&gt;Automatic Keywords:&lt;/b&gt; quail, cakes, pasture, people, boys
</description><pubDate>Tue, 28 Apr 2020 03:36:25 GMT</pubDate><enclosure url="https://almedia.blob.core.windows.net/audio/NgFb0aOsPNU.mp3" length="0" type="audio/mpeg"></enclosure><guid isPermaLink="true">NgFb0aOsPNU</guid><itunes:duration>3205</itunes:duration><itunes:order>None</itunes:order></item><item><title>Dhammapada Verse 216: Dangerous Thirst</title><description>216
taṇhāya jāyatī soko, taṇhāya jāyatī bhayaṃ.
taṇhāya vippamuttassa, natthi soko kuto bhayaṃ.

Part of a series on the Dhammapada, a set of 423 verse teachings given by the Buddha, including explanation of the Pali verse, a synopsis of the background story and application of the teaching to our practice.

&lt;b&gt;Original YouTube-Video:&lt;/b&gt; https://youtu.be/MCA5Rt9xt00
&lt;b&gt;For more information on the Dhammapada:&lt;/b&gt; http://www.buddhanet.net/e-learning/buddhism/dhammapada.htm
&lt;b&gt;Automatic Keywords:&lt;/b&gt; brahmin, crop, craving, devastation, buddha
</description><pubDate>Tue, 24 Mar 2020 02:53:13 GMT</pubDate><enclosure url="https://almedia.blob.core.windows.net/audio/MCA5Rt9xt00.mp3" length="0" type="audio/mpeg"></enclosure><guid isPermaLink="true">MCA5Rt9xt00</guid><itunes:duration>1778</itunes:duration><itunes:order>None</itunes:order></item><item><title>Dhammapada Verse 215: Dangerous Desire</title><description>215
kāmato jāyatī soko, kāmato jāyatī bhayaṃ.
kāmato vippamuttassa, natthi soko kuto bhayaṃ.

Part of a series on the Dhammapada, a set of 423 verse teachings given by the Buddha, including explanation of the Pali verse, a synopsis of the background story and application of the teaching to our practice.

&lt;b&gt;Original YouTube-Video:&lt;/b&gt; https://youtu.be/SAJmMacyhPI
&lt;b&gt;For more information on the Dhammapada:&lt;/b&gt; http://www.buddhanet.net/e-learning/buddhism/dhammapada.htm
&lt;b&gt;Automatic Keywords:&lt;/b&gt; desire, pleasure, statue, woman, drug
</description><pubDate>Tue, 17 Mar 2020 02:24:32 GMT</pubDate><enclosure url="https://almedia.blob.core.windows.net/audio/SAJmMacyhPI.mp3" length="0" type="audio/mpeg"></enclosure><guid isPermaLink="true">SAJmMacyhPI</guid><itunes:duration>1689</itunes:duration><itunes:order>None</itunes:order></item><item><title>Dhammapada Verse 214: Dangerous Love</title><description>214
ratiyā jāyatī soko, ratiyā jāyatī bhayaṃ.
ratiyā vippamuttassa, natthi soko kuto bhayaṃ.

Part of a series on the Dhammapada, a set of 423 verse teachings given by the Buddha, including explanation of the Pali verse, a synopsis of the background story and application of the teaching to our practice.

&lt;b&gt;Original YouTube-Video:&lt;/b&gt; https://youtu.be/Vda7aqvdf1c
&lt;b&gt;For more information on the Dhammapada:&lt;/b&gt; http://www.buddhanet.net/e-learning/buddhism/dhammapada.htm
&lt;b&gt;Automatic Keywords:&lt;/b&gt; love, lust, romance, blindness, garden
</description><pubDate>Tue, 10 Mar 2020 03:00:37 GMT</pubDate><enclosure url="https://almedia.blob.core.windows.net/audio/Vda7aqvdf1c.mp3" length="0" type="audio/mpeg"></enclosure><guid isPermaLink="true">Vda7aqvdf1c</guid><itunes:duration>1580</itunes:duration><itunes:order>None</itunes:order></item><item><title>Dhammapada Verse 213: Dangerous Affection</title><description>213
pemato jāyatī soko, pemato jāyatī bhayaṃ.
pemato vippamuttassa, natthi soko kuto bhayaṃ.

Part of a series on the Dhammapada, a set of 423 verse teachings given by the Buddha, including explanation of the Pali verse, a synopsis of the background story and application of the teaching to our practice.

&lt;b&gt;Original YouTube-Video:&lt;/b&gt; https://youtu.be/opF7XVZqJYw
&lt;b&gt;For more information on the Dhammapada:&lt;/b&gt; http://www.buddhanet.net/e-learning/buddhism/dhammapada.htm
&lt;b&gt;Automatic Keywords:&lt;/b&gt; affection, affectionate, people, goodness, children
</description><pubDate>Tue, 03 Mar 2020 04:13:45 GMT</pubDate><enclosure url="https://almedia.blob.core.windows.net/audio/opF7XVZqJYw.mp3" length="0" type="audio/mpeg"></enclosure><guid isPermaLink="true">opF7XVZqJYw</guid><itunes:duration>1866</itunes:duration><itunes:order>None</itunes:order></item><item><title>Dhammapada Verse 212: No Sorrow, Whence Fear?</title><description>212
piyato jāyatī soko, piyato jāyatī bhayaṃ.
piyato vippamuttassa, natthi soko kuto bhayaṃ.

Part of a series on the Dhammapada, a set of 423 verse teachings given by the Buddha, including explanation of the Pali verse, a synopsis of the background story and application of the teaching to our practice.

&lt;b&gt;Original YouTube-Video:&lt;/b&gt; https://youtu.be/66lNaHAg2gs
&lt;b&gt;For more information on the Dhammapada:&lt;/b&gt; http://www.buddhanet.net/e-learning/buddhism/dhammapada.htm
&lt;b&gt;Automatic Keywords:&lt;/b&gt; cherishing, fear, things, cherished, verse
</description><pubDate>Tue, 26 Nov 2019 06:34:56 GMT</pubDate><enclosure url="https://almedia.blob.core.windows.net/audio/66lNaHAg2gs.mp3" length="0" type="audio/mpeg"></enclosure><guid isPermaLink="true">66lNaHAg2gs</guid><itunes:duration>1672</itunes:duration><itunes:order>None</itunes:order></item><item><title>Dhammapada Verses 209 - 211: Cherished</title><description>209
ayoge yuñjamattānaṃ, yogasmiñca ayojayaṃ.
atthaṃ hitvā piyaggāhī, pihetattānuyoginaṃ.

210
mā piyehi samāgañchi, appiyehi kudācanaṃ.
piyānaṃ adassanaṃ dukkhaṃ, appiyānañca dassanaṃ.

211
tasmā piyaṃ na kayirātha, piyāpāyo hi pāpako.
ganthā tesaṃ na vijjanti, yesaṃ natthi piyāppiyaṃ.

Part of a series on the Dhammapada, a set of 423 verse teachings given by the Buddha, including explanation of the Pali verse, a synopsis of the background story and application of the teaching to our practice.

&lt;b&gt;Original YouTube-Video:&lt;/b&gt; https://youtu.be/iiksKR3wFYo
&lt;b&gt;For more information on the Dhammapada:&lt;/b&gt; http://www.buddhanet.net/e-learning/buddhism/dhammapada.htm
&lt;b&gt;Automatic Keywords:&lt;/b&gt; dear, things, monk, food, parents
</description><pubDate>Tue, 19 Nov 2019 04:34:53 GMT</pubDate><enclosure url="https://almedia.blob.core.windows.net/audio/iiksKR3wFYo.mp3" length="0" type="audio/mpeg"></enclosure><guid isPermaLink="true">iiksKR3wFYo</guid><itunes:duration>2280</itunes:duration><itunes:order>None</itunes:order></item><item><title>Dhammapada Verses 206 - 208: Happy with the Noble</title><description>206
sāhu dassanamariyānaṃ, sannivāso sadā sukho.
adassanena bālānaṃ, niccameva sukhī siyā.

207
bālasaṅgatacārī hi, dīghamaddhāna socati.
dukkho bālehi saṃvāso, amitteneva sabbadā.
dhīro ca sukhasaṃvāso, ñātīnaṃva samāgamo.

208
tasmā hi —
dhīrañca paññañca bahussutañca, dhorayhasīlaṃ vatavantamariyaṃ.
taṃ tādisaṃ sappurisaṃ sumedhaṃ, bhajetha nakkhattapathaṃva candimā.
sukhavaggo pannarasamo niṭṭhito.

Part of a series on the Dhammapada, a set of 423 verse teachings given by the Buddha, including explanation of the Pali verse, a synopsis of the background story and application of the teaching to our practice.

&lt;b&gt;Original YouTube-Video:&lt;/b&gt; https://youtu.be/r3SbtC_TsJ4
&lt;b&gt;For more information on the Dhammapada:&lt;/b&gt; http://www.buddhanet.net/e-learning/buddhism/dhammapada.htm
&lt;b&gt;Automatic Keywords:&lt;/b&gt; foolish, duties, people, sokka, community
</description><pubDate>Tue, 05 Nov 2019 06:24:09 GMT</pubDate><enclosure url="https://almedia.blob.core.windows.net/audio/r3SbtC_TsJ4.mp3" length="0" type="audio/mpeg"></enclosure><guid isPermaLink="true">r3SbtC_TsJ4</guid><itunes:duration>2047</itunes:duration><itunes:order>None</itunes:order></item><item><title>Dhammapada Verse 205: Flavour of Dhamma</title><description>205
pavivekarasaṃ pitvā, rasaṃ upasamassa ca.
niddaro hoti nippāpo, dhammapītirasaṃ pivaṃ.

Part of a series on the Dhammapada, a set of 423 verse teachings given by the Buddha, including explanation of the Pali verse, a synopsis of the background story and application of the teaching to our practice.

&lt;b&gt;Original YouTube-Video:&lt;/b&gt; https://youtu.be/5Uc55EjyrCc
&lt;b&gt;For more information on the Dhammapada:&lt;/b&gt; http://www.buddhanet.net/e-learning/buddhism/dhammapada.htm
&lt;b&gt;Automatic Keywords:&lt;/b&gt; lesson, buddha, happiness, instructional, like
</description><pubDate>Tue, 29 Oct 2019 04:02:10 GMT</pubDate><enclosure url="https://almedia.blob.core.windows.net/audio/5Uc55EjyrCc.mp3" length="0" type="audio/mpeg"></enclosure><guid isPermaLink="true">5Uc55EjyrCc</guid><itunes:duration>2368</itunes:duration><itunes:order>None</itunes:order></item><item><title>Dhammapada Verse 204: Four Ultimates</title><description>204
ārogyaparamā lābhā, santuṭṭhiparamaṃ dhanaṃ.
vissāsaparamā ñāti, nibbānaṃ paramaṃ sukhaṃ.

Part of a series on the Dhammapada, a set of 423 verse teachings given by the Buddha, including explanation of the Pali verse, a synopsis of the background story and application of the teaching to our practice.

&lt;b&gt;Original YouTube-Video:&lt;/b&gt; https://youtu.be/V1edbeK2MSU
&lt;b&gt;For more information on the Dhammapada:&lt;/b&gt; http://www.buddhanet.net/e-learning/buddhism/dhammapada.htm
&lt;b&gt;Automatic Keywords:&lt;/b&gt; contentment, nephew, things, content, happiness
</description><pubDate>Tue, 22 Oct 2019 01:58:13 GMT</pubDate><enclosure url="https://almedia.blob.core.windows.net/audio/V1edbeK2MSU.mp3" length="0" type="audio/mpeg"></enclosure><guid isPermaLink="true">V1edbeK2MSU</guid><itunes:duration>2218</itunes:duration><itunes:order>None</itunes:order></item><item><title>Dhammapada Verse 203: Having Known as It Is</title><description>203
jighacchāparamā rogā, saṅkhāraparamā dukhā.
etaṃ ñatvā yathābhūtaṃ, nibbānaṃ paramaṃ sukhaṃ.

Part of a series on the Dhammapada, a set of 423 verse teachings given by the Buddha, including explanation of the Pali verse, a synopsis of the background story and application of the teaching to our practice.

&lt;b&gt;Original YouTube-Video:&lt;/b&gt; https://youtu.be/3LYt82kK794
&lt;b&gt;For more information on the Dhammapada:&lt;/b&gt; http://www.buddhanet.net/e-learning/buddhism/dhammapada.htm
&lt;b&gt;Automatic Keywords:&lt;/b&gt; bird, hunger, nest, happiness, perspective
</description><pubDate>Tue, 15 Oct 2019 03:36:09 GMT</pubDate><enclosure url="https://almedia.blob.core.windows.net/audio/3LYt82kK794.mp3" length="0" type="audio/mpeg"></enclosure><guid isPermaLink="true">3LYt82kK794</guid><itunes:duration>1944</itunes:duration><itunes:order>None</itunes:order></item><item><title>Dhammapada Verse 202: Nothing Like It</title><description>202
natthi rāgasamo aggi, natthi dosasamo kali.
natthi khandhasamā dukkhā, natthi santiparaṃ sukhaṃ.

Part of a series on the Dhammapada, a set of 423 verse teachings given by the Buddha, including explanation of the Pali verse, a synopsis of the background story and application of the teaching to our practice.

&lt;b&gt;Original YouTube-Video:&lt;/b&gt; https://youtu.be/NjcwhN108j4
&lt;b&gt;For more information on the Dhammapada:&lt;/b&gt; http://www.buddhanet.net/e-learning/buddhism/dhammapada.htm
&lt;b&gt;Automatic Keywords:&lt;/b&gt; misfortune, passion, suffering, like, aggregates
</description><pubDate>Tue, 08 Oct 2019 02:04:48 GMT</pubDate><enclosure url="https://almedia.blob.core.windows.net/audio/NjcwhN108j4.mp3" length="0" type="audio/mpeg"></enclosure><guid isPermaLink="true">NjcwhN108j4</guid><itunes:duration>1417</itunes:duration><itunes:order>None</itunes:order></item><item><title>Dhammapada Verse 201: Victory and Defeat</title><description>201
jayaṃ veraṃ pasavati, dukkhaṃ seti parājito.
upasanto sukhaṃ seti, hitvā jayaparājayaṃ.

Part of a series on the Dhammapada, a set of 423 verse teachings given by the Buddha, including explanation of the Pali verse, a synopsis of the background story and application of the teaching to our practice.

&lt;b&gt;Original YouTube-Video:&lt;/b&gt; https://youtu.be/9JpctINAbAE
&lt;b&gt;For more information on the Dhammapada:&lt;/b&gt; http://www.buddhanet.net/e-learning/buddhism/dhammapada.htm
&lt;b&gt;Automatic Keywords:&lt;/b&gt; adversarial, defeat, victory, enmity, trying
</description><pubDate>Tue, 01 Oct 2019 01:50:17 GMT</pubDate><enclosure url="https://almedia.blob.core.windows.net/audio/9JpctINAbAE.mp3" length="0" type="audio/mpeg"></enclosure><guid isPermaLink="true">9JpctINAbAE</guid><itunes:duration>1561</itunes:duration><itunes:order>None</itunes:order></item><item><title>Dhammapada Verse 200: Happy With Nothing</title><description>200
susukhaṃ vata jīvāma, yesaṃ no natthi kiñcanaṃ.
pītibhakkhā bhavissāma, devā ābhassarā yathā.

Part of a series on the Dhammapada, a set of 423 verse teachings given by the Buddha, including explanation of the Pali verse, a synopsis of the background story and application of the teaching to our practice.

&lt;b&gt;Original YouTube-Video:&lt;/b&gt; https://youtu.be/5umwqerdMWo
&lt;b&gt;For more information on the Dhammapada:&lt;/b&gt; http://www.buddhanet.net/e-learning/buddhism/dhammapada.htm
&lt;b&gt;Automatic Keywords:&lt;/b&gt; food, nourishment, things, mara, village
</description><pubDate>Tue, 24 Sep 2019 02:23:51 GMT</pubDate><enclosure url="https://almedia.blob.core.windows.net/audio/5umwqerdMWo.mp3" length="0" type="audio/mpeg"></enclosure><guid isPermaLink="true">5umwqerdMWo</guid><itunes:duration>1272</itunes:duration><itunes:order>None</itunes:order></item><item><title>Dhammapada Verses 197-199: Happy Among the Unhappy</title><description>197
susukhaṃ vata jīvāma, verinesu averino.
verinesu manussesu, viharāma averino.

198
susukhaṃ vata jīvāma, āturesu anāturā.
āturesu manussesu, viharāma anāturā.

199
susukhaṃ vata jīvāma, ussukesu anussukā.
ussukesu manassesu, viharāma anussukā.

Part of a series on the Dhammapada, a set of 423 verse teachings given by the Buddha, including explanation of the Pali verse, a synopsis of the background story and application of the teaching to our practice.

&lt;b&gt;Original YouTube-Video:&lt;/b&gt; https://youtu.be/VK7m8My5Bmw
&lt;b&gt;For more information on the Dhammapada:&lt;/b&gt; http://www.buddhanet.net/e-learning/buddhism/dhammapada.htm
&lt;b&gt;Automatic Keywords:&lt;/b&gt; longing, unhappy, lesson, relatives, fighting
</description><pubDate>Tue, 03 Sep 2019 02:23:10 GMT</pubDate><enclosure url="https://almedia.blob.core.windows.net/audio/VK7m8My5Bmw.mp3" length="0" type="audio/mpeg"></enclosure><guid isPermaLink="true">VK7m8My5Bmw</guid><itunes:duration>2221</itunes:duration><itunes:order>None</itunes:order></item><item><title>Dhammapada Verses 195 &amp; 196: Worthy of Worship</title><description>195
pūjārahe pūjayato, buddhe yadi va sāvake.
papañcasamatikkante, tiṇṇasokapariddave.

196
te tādise pūjayato, nibbute akutobhaye.
na sakkā puññaṃ saṅkhātuṃ, imettamapi kenaci.
buddhavaggo cuddasamo niṭṭhito.

Part of a series on the Dhammapada, a set of 423 verse teachings given by the Buddha, including explanation of the Pali verse, a synopsis of the background story and application of the teaching to our practice.

&lt;b&gt;Original YouTube-Video:&lt;/b&gt; https://youtu.be/p6wERaJ2Tto
&lt;b&gt;For more information on the Dhammapada:&lt;/b&gt; http://www.buddhanet.net/e-learning/buddhism/dhammapada.htm
&lt;b&gt;Automatic Keywords:&lt;/b&gt; worship, respect, shrine, worthy, buddha
</description><pubDate>Tue, 27 Aug 2019 01:51:55 GMT</pubDate><enclosure url="https://almedia.blob.core.windows.net/audio/p6wERaJ2Tto.mp3" length="0" type="audio/mpeg"></enclosure><guid isPermaLink="true">p6wERaJ2Tto</guid><itunes:duration>2090</itunes:duration><itunes:order>None</itunes:order></item><item><title>Dhammapada Verse 194: Happiness</title><description>194
sukho buddhānamuppādo, sukhā saddhammadesanā.
sukhā saṅghassa sāmaggī, samaggānaṃ tapo sukho.

Part of a series on the Dhammapada, a set of 423 verse teachings given by the Buddha, including explanation of the Pali verse, a synopsis of the background story and application of the teaching to our practice.

&lt;b&gt;Original YouTube-Video:&lt;/b&gt; https://youtu.be/fX_ogqPdNtg
&lt;b&gt;For more information on the Dhammapada:&lt;/b&gt; http://www.buddhanet.net/e-learning/buddhism/dhammapada.htm
&lt;b&gt;Automatic Keywords:&lt;/b&gt; happiness, harmonious, happy, cycle, practice
</description><pubDate>Tue, 20 Aug 2019 03:22:01 GMT</pubDate><enclosure url="https://almedia.blob.core.windows.net/audio/fX_ogqPdNtg.mp3" length="0" type="audio/mpeg"></enclosure><guid isPermaLink="true">fX_ogqPdNtg</guid><itunes:duration>1767</itunes:duration><itunes:order>None</itunes:order></item><item><title>Dhammapada Verse 193: A Thoroughbred</title><description>193
dullabho purisājañño, na so sabbattha jāyati.
yattha so jāyati dhīro, taṃ kulaṃ sukhamedhati.

Part of a series on the Dhammapada, a set of 423 verse teachings given by the Buddha, including explanation of the Pali verse, a synopsis of the background story and application of the teaching to our practice.

&lt;b&gt;Original YouTube-Video:&lt;/b&gt; https://youtu.be/4B5p-8M2MDY
&lt;b&gt;For more information on the Dhammapada:&lt;/b&gt; http://www.buddhanet.net/e-learning/buddhism/dhammapada.htm
&lt;b&gt;Automatic Keywords:&lt;/b&gt; thoroughbred, horse, greatness, buddha, just
</description><pubDate>Tue, 13 Aug 2019 02:28:49 GMT</pubDate><enclosure url="https://almedia.blob.core.windows.net/audio/4B5p-8M2MDY.mp3" length="0" type="audio/mpeg"></enclosure><guid isPermaLink="true">4B5p-8M2MDY</guid><itunes:duration>1325</itunes:duration><itunes:order>None</itunes:order></item><item><title>Dhammapada Verses 188 - 192: A Safe Haven</title><description>188
bahuṃ ve saraṇaṃ yanti, pabbatāni vanāni ca.
ārāmarukkhacetyāni, manussā bhayatajjitā.

189
netaṃ kho saraṇaṃ khemaṃ, netaṃ saraṇamuttamaṃ.
netaṃ saraṇamāgamma, sabbadukkhā pamuccati.

190
yo ca buddhañca dhammañca, saṅghañca saraṇaṃ gato.
cattāri ariyasaccāni, sammappaññāya passati.

191
dukkhaṃ dukkhasamuppādaṃ, dukkhassa ca atikkamaṃ.
ariyaṃ caṭṭhaṅgikaṃ maggaṃ, dukkhūpasamagāminaṃ.

192
etaṃ kho saraṇaṃ khemaṃ, etaṃ saraṇamuttamaṃ.
etaṃ saraṇamāgamma, sabbadukkhā pamuccati.

Part of a series on the Dhammapada, a set of 423 verse teachings given by the Buddha, including explanation of the Pali verse, a synopsis of the background story and application of the teaching to our practice.

&lt;b&gt;Original YouTube-Video:&lt;/b&gt; https://youtu.be/CuN2YrMXs6o
&lt;b&gt;For more information on the Dhammapada:&lt;/b&gt; http://www.buddhanet.net/e-learning/buddhism/dhammapada.htm
&lt;b&gt;Automatic Keywords:&lt;/b&gt; refuge, buddha, safety, suffering, noble
</description><pubDate>Wed, 07 Aug 2019 07:49:58 GMT</pubDate><enclosure url="https://almedia.blob.core.windows.net/audio/CuN2YrMXs6o.mp3" length="0" type="audio/mpeg"></enclosure><guid isPermaLink="true">CuN2YrMXs6o</guid><itunes:duration>1989</itunes:duration><itunes:order>None</itunes:order></item><item><title>Dhammapada Verses 186 &amp; 187: A Rain of Gold Coins</title><description>186
na kahāpaṇavassena, titti kāmesu vijjati.
appassādā dukhā kāmā, iti viññāya paṇḍito.

187
api dibbesu kāmesu, ratiṃ so nādhigacchati.
taṇhakkhayarato hoti, sammāsambuddhasāvako.

Part of a series on the Dhammapada, a set of 423 verse teachings given by the Buddha, including explanation of the Pali verse, a synopsis of the background story and application of the teaching to our practice.

&lt;b&gt;Original YouTube-Video:&lt;/b&gt; https://youtu.be/w04cipt6oEQ
&lt;b&gt;For more information on the Dhammapada:&lt;/b&gt; http://www.buddhanet.net/e-learning/buddhism/dhammapada.htm
&lt;b&gt;Automatic Keywords:&lt;/b&gt; craving, pleasure, coins, gold, king
</description><pubDate>Tue, 30 Jul 2019 09:47:20 GMT</pubDate><enclosure url="https://almedia.blob.core.windows.net/audio/w04cipt6oEQ.mp3" length="0" type="audio/mpeg"></enclosure><guid isPermaLink="true">w04cipt6oEQ</guid><itunes:duration>2585</itunes:duration><itunes:order>None</itunes:order></item><item><title>Dhammapada Verses 183-185: The Teaching of the Buddhas</title><description>183
sabbapāpassa akaraṇaṃ, kusalassa upasampadā.
sacittapariyodapanaṃ, etaṃ buddhāna sāsanaṃ.

184
khantī paramaṃ tapo titikkhā, nibbānaṃ paramaṃ vadanti buddhā.
na hi pabbajito parūpaghātī, na samaṇo hoti paraṃ viheṭhayanto.

185
anūpavādo anūpaghāto, pātimokkhe ca saṃvaro.
mattaññutā ca bhattasmiṃ, pantañca sayanāsanaṃ.
adhicitte ca āyogo, etaṃ buddhāna sāsanaṃ.

Part of a series on the Dhammapada, a set of 423 verse teachings given by the Buddha, including explanation of the Pali verse, a synopsis of the background story and application of the teaching to our practice.

&lt;b&gt;Original YouTube-Video:&lt;/b&gt; https://youtu.be/MRpbQcce2cg
&lt;b&gt;For more information on the Dhammapada:&lt;/b&gt; http://www.buddhanet.net/e-learning/buddhism/dhammapada.htm
&lt;b&gt;Automatic Keywords:&lt;/b&gt; buddha, moon, verses, highest, think
</description><pubDate>Tue, 23 Jul 2019 02:18:00 GMT</pubDate><enclosure url="https://almedia.blob.core.windows.net/audio/MRpbQcce2cg.mp3" length="0" type="audio/mpeg"></enclosure><guid isPermaLink="true">MRpbQcce2cg</guid><itunes:duration>3175</itunes:duration><itunes:order>None</itunes:order></item><item><title>Dhammapada Verse 182: Hard Things</title><description>182
kiccho manussapaṭilābho, kicchaṃ maccāna jīvitaṃ.
kicchaṃ saddhammassavanaṃ, kiccho buddhānamuppādo.

Part of a series on the Dhammapada, a set of 423 verse teachings given by the Buddha, including explanation of the Pali verse, a synopsis of the background story and application of the teaching to our practice.

&lt;b&gt;Original YouTube-Video:&lt;/b&gt; https://youtu.be/JJ1rLyKajdg
&lt;b&gt;For more information on the Dhammapada:&lt;/b&gt; http://www.buddhanet.net/e-learning/buddhism/dhammapada.htm
&lt;b&gt;Automatic Keywords:&lt;/b&gt; yoga, raja, buddha, kingdom, king
</description><pubDate>Thu, 18 Jul 2019 10:56:09 GMT</pubDate><enclosure url="https://almedia.blob.core.windows.net/audio/JJ1rLyKajdg.mp3" length="0" type="audio/mpeg"></enclosure><guid isPermaLink="true">JJ1rLyKajdg</guid><itunes:duration>3196</itunes:duration><itunes:order>None</itunes:order></item><item><title>Dhammapada Verse 181: Even the Divine Envy Them</title><description>181
ye jhānapasutā dhīrā, nekkhammūpasame ratā.
devāpi tesaṃ pihayanti, sambuddhānaṃ satīmataṃ.

Part of a series on the Dhammapada, a set of 423 verse teachings given by the Buddha, including explanation of the Pali verse, a synopsis of the background story and application of the teaching to our practice.

&lt;b&gt;Original YouTube-Video:&lt;/b&gt; https://youtu.be/RnV-dsqFJbg
&lt;b&gt;For more information on the Dhammapada:&lt;/b&gt; http://www.buddhanet.net/e-learning/buddhism/dhammapada.htm
&lt;b&gt;Automatic Keywords:&lt;/b&gt; buddha, mango, sandalwood, story, magical
</description><pubDate>Sun, 07 Jul 2019 07:53:45 GMT</pubDate><enclosure url="https://almedia.blob.core.windows.net/audio/RnV-dsqFJbg.mp3" length="0" type="audio/mpeg"></enclosure><guid isPermaLink="true">RnV-dsqFJbg</guid><itunes:duration>2229</itunes:duration><itunes:order>None</itunes:order></item><item><title>Dhammapada Verses 179 &amp; 180: Unbound</title><description>179
yassa jitaṃ nāvajīyati, jitaṃ yassa no yāti koci loke.
taṃ buddhamanantagocaraṃ, apadaṃ kena padena nessatha.

180
yassa jālinī visattikā, taṇhā natthi kuhiñci netave.
taṃ buddhamanantagocaraṃ, apadaṃ kena padena nessatha.

Part of a series on the Dhammapada, a set of 423 verse teachings given by the Buddha, including explanation of the Pali verse, a synopsis of the background story and application of the teaching to our practice.

&lt;b&gt;Original YouTube-Video:&lt;/b&gt; https://youtu.be/M0Svr2Lp2Vg
&lt;b&gt;For more information on the Dhammapada:&lt;/b&gt; http://www.buddhanet.net/e-learning/buddhism/dhammapada.htm
&lt;b&gt;Automatic Keywords:&lt;/b&gt; mara, daughter, footprint, craving, buddha
</description><pubDate>Tue, 10 Jul 2018 12:26:22 GMT</pubDate><enclosure url="https://almedia.blob.core.windows.net/audio/M0Svr2Lp2Vg.mp3" length="0" type="audio/mpeg"></enclosure><guid isPermaLink="true">M0Svr2Lp2Vg</guid><itunes:duration>2910</itunes:duration><itunes:order>None</itunes:order></item><item><title>Dhammapada Verse 178: More Excellent</title><description>178
pathabyā ekarajjena, saggassa gamanena vā.
sabbalokādhipaccena, sotāpattiphalaṃ varaṃ.
lokavaggo terasamo niṭṭhito.

Part of a series on the Dhammapada, a set of 423 verse teachings given by the Buddha, including explanation of the Pali verse, a synopsis of the background story and application of the teaching to our practice.

&lt;b&gt;Original YouTube-Video:&lt;/b&gt; https://youtu.be/FbrbSoB2I7A
&lt;b&gt;For more information on the Dhammapada:&lt;/b&gt; http://www.buddhanet.net/e-learning/buddhism/dhammapada.htm
&lt;b&gt;Automatic Keywords:&lt;/b&gt; goals, money, son, goal, buddha
</description><pubDate>Tue, 26 Jun 2018 12:41:04 GMT</pubDate><enclosure url="https://almedia.blob.core.windows.net/audio/FbrbSoB2I7A.mp3" length="0" type="audio/mpeg"></enclosure><guid isPermaLink="true">FbrbSoB2I7A</guid><itunes:duration>2609</itunes:duration><itunes:order>None</itunes:order></item><item><title>Dhammapada Verse 177: Fools Do Not Applaud</title><description>177
na ve kadariyā devalokaṃ vajanti, bālā have nappasaṃsanti dānaṃ.
dhīro ca dānaṃ anumodamāno, teneva so hoti sukhī parattha.

Part of a series on the Dhammapada, a set of 423 verse teachings given by the Buddha, including explanation of the Pali verse, a synopsis of the background story and application of the teaching to our practice.

&lt;b&gt;Original YouTube-Video:&lt;/b&gt; https://youtu.be/l_fhBcUGP5M
&lt;b&gt;For more information on the Dhammapada:&lt;/b&gt; http://www.buddhanet.net/e-learning/buddhism/dhammapada.htm
&lt;b&gt;Automatic Keywords:&lt;/b&gt; giving, king, good, significant, appreciation
</description><pubDate>Tue, 19 Jun 2018 12:36:05 GMT</pubDate><enclosure url="https://almedia.blob.core.windows.net/audio/l_fhBcUGP5M.mp3" length="0" type="audio/mpeg"></enclosure><guid isPermaLink="true">l_fhBcUGP5M</guid><itunes:duration>1850</itunes:duration><itunes:order>None</itunes:order></item><item><title>Dhammapada Verse 176: A Liar</title><description>176
ekaṃ dhammaṃ atītassa, musāvādissa jantuno.
vitiṇṇaparalokassa, natthi pāpaṃ akāriyaṃ.

Part of a series on the Dhammapada, a set of 423 verse teachings given by the Buddha, including explanation of the Pali verse, a synopsis of the background story and application of the teaching to our practice.

&lt;b&gt;Original YouTube-Video:&lt;/b&gt; https://youtu.be/dh4BTuyi5ik
&lt;b&gt;For more information on the Dhammapada:&lt;/b&gt; http://www.buddhanet.net/e-learning/buddhism/dhammapada.htm
&lt;b&gt;Automatic Keywords:&lt;/b&gt; lie, thief, people, person, think
</description><pubDate>Tue, 22 May 2018 12:40:33 GMT</pubDate><enclosure url="https://almedia.blob.core.windows.net/audio/dh4BTuyi5ik.mp3" length="0" type="audio/mpeg"></enclosure><guid isPermaLink="true">dh4BTuyi5ik</guid><itunes:duration>2093</itunes:duration><itunes:order>None</itunes:order></item><item><title>Dhammapada Verse 175: The Way Within</title><description>175
haṃsādiccapathe yanti, ākāse yanti iddhiyā.
nīyanti dhīrā lokamhā, jetvā māraṃ savāhiniṃ.

Part of a series on the Dhammapada, a set of 423 verse teachings given by the Buddha, including explanation of the Pali verse, a synopsis of the background story and application of the teaching to our practice.

&lt;b&gt;Original YouTube-Video:&lt;/b&gt; https://youtu.be/YOTH39FS2zM
&lt;b&gt;For more information on the Dhammapada:&lt;/b&gt; http://www.buddhanet.net/e-learning/buddhism/dhammapada.htm
&lt;b&gt;Automatic Keywords:&lt;/b&gt; mara, armies, air, evil, buddha
</description><pubDate>Tue, 20 Mar 2018 12:29:11 GMT</pubDate><enclosure url="https://almedia.blob.core.windows.net/audio/YOTH39FS2zM.mp3" length="0" type="audio/mpeg"></enclosure><guid isPermaLink="true">YOTH39FS2zM</guid><itunes:duration>1870</itunes:duration><itunes:order>None</itunes:order></item><item><title>Dhammapada Verse 174: Blind Is This World</title><description>174
andhabhūto ayaṃ loko, tanukettha vipassati.
sakuṇo jālamuttova, appo saggāya gacchati.

Part of a series on the Dhammapada, a set of 423 verse teachings given by the Buddha, including explanation of the Pali verse, a synopsis of the background story and application of the teaching to our practice.

&lt;b&gt;Original YouTube-Video:&lt;/b&gt; https://youtu.be/MjFx-Nsbeyw
&lt;b&gt;For more information on the Dhammapada:&lt;/b&gt; http://www.buddhanet.net/e-learning/buddhism/dhammapada.htm
&lt;b&gt;Automatic Keywords:&lt;/b&gt; know, death, girl, buddha, don
</description><pubDate>Tue, 13 Mar 2018 12:07:59 GMT</pubDate><enclosure url="https://almedia.blob.core.windows.net/audio/MjFx-Nsbeyw.mp3" length="0" type="audio/mpeg"></enclosure><guid isPermaLink="true">MjFx-Nsbeyw</guid><itunes:duration>1295</itunes:duration><itunes:order>None</itunes:order></item><item><title>Dhammapada Verse 173: Overcome Evil with Good</title><description>173
yassa pāpaṃ kataṃ kammaṃ, kusalena pidhīyati.
somaṃ lokaṃ pabhāseti, abbhā muttova candimā.

Part of a series on the Dhammapada, a set of 423 verse teachings given by the Buddha, including explanation of the Pali verse, a synopsis of the background story and application of the teaching to our practice.

&lt;b&gt;Original YouTube-Video:&lt;/b&gt; https://youtu.be/GnRigWlP3bo
&lt;b&gt;For more information on the Dhammapada:&lt;/b&gt; http://www.buddhanet.net/e-learning/buddhism/dhammapada.htm
&lt;b&gt;Automatic Keywords:&lt;/b&gt; evil, good, karma, verse, killing
</description><pubDate>Tue, 27 Feb 2018 13:11:50 GMT</pubDate><enclosure url="https://almedia.blob.core.windows.net/audio/GnRigWlP3bo.mp3" length="0" type="audio/mpeg"></enclosure><guid isPermaLink="true">GnRigWlP3bo</guid><itunes:duration>1289</itunes:duration><itunes:order>None</itunes:order></item><item><title>Dhammapada Verse 172: From Behind a Cloud</title><description>172
yo ca pubbe pamajjitvā, pacchā so nappamajjati.
somaṃ lokaṃ pabhāseti, abbhā muttova candimā.

Part of a series on the Dhammapada, a set of 423 verse teachings given by the Buddha, including explanation of the Pali verse, a synopsis of the background story and application of the teaching to our practice.

&lt;b&gt;Original YouTube-Video:&lt;/b&gt; https://youtu.be/PBswH7yd8UM
&lt;b&gt;For more information on the Dhammapada:&lt;/b&gt; http://www.buddhanet.net/e-learning/buddhism/dhammapada.htm
&lt;b&gt;Automatic Keywords:&lt;/b&gt; sweep, heedless, work, story, verse
</description><pubDate>Tue, 13 Feb 2018 12:56:36 GMT</pubDate><enclosure url="https://almedia.blob.core.windows.net/audio/PBswH7yd8UM.mp3" length="0" type="audio/mpeg"></enclosure><guid isPermaLink="true">PBswH7yd8UM</guid><itunes:duration>1181</itunes:duration><itunes:order>None</itunes:order></item><item><title>Dhammapada Verse 171: Come Look At This World</title><description>171
etha passathimaṃ lokaṃ, cittaṃ rājarathūpamaṃ.
yattha bālā visīdanti, natthi saṅgo vijānataṃ.

Part of a series on the Dhammapada, a set of 423 verse teachings given by the Buddha, including explanation of the Pali verse, a synopsis of the background story and application of the teaching to our practice.

&lt;b&gt;Original YouTube-Video:&lt;/b&gt; https://youtu.be/Gka-D-BJfY0
&lt;b&gt;For more information on the Dhammapada:&lt;/b&gt; http://www.buddhanet.net/e-learning/buddhism/dhammapada.htm
&lt;b&gt;Automatic Keywords:&lt;/b&gt; lifetime, tears, dancing, cup, children
</description><pubDate>Tue, 06 Feb 2018 13:42:12 GMT</pubDate><enclosure url="https://almedia.blob.core.windows.net/audio/Gka-D-BJfY0.mp3" length="0" type="audio/mpeg"></enclosure><guid isPermaLink="true">Gka-D-BJfY0</guid><itunes:duration>1511</itunes:duration><itunes:order>None</itunes:order></item><item><title>Dhammapada Verse 170: Unseen By Death</title><description>170
yathā pubbuḷakaṃ passe, yathā passe marīcikaṃ.
evaṃ lokaṃ avekkhantaṃ, maccurājā na passati.

Part of a series on the Dhammapada, a set of 423 verse teachings given by the Buddha, including explanation of the Pali verse, a synopsis of the background story and application of the teaching to our practice.

&lt;b&gt;Original YouTube-Video:&lt;/b&gt; https://youtu.be/pg1C7b5sCrY
&lt;b&gt;For more information on the Dhammapada:&lt;/b&gt; http://www.buddhanet.net/e-learning/buddhism/dhammapada.htm
&lt;b&gt;Automatic Keywords:&lt;/b&gt; mirage, bubble, bunny, rabbit, rain
</description><pubDate>Tue, 30 Jan 2018 13:16:19 GMT</pubDate><enclosure url="https://almedia.blob.core.windows.net/audio/pg1C7b5sCrY.mp3" length="0" type="audio/mpeg"></enclosure><guid isPermaLink="true">pg1C7b5sCrY</guid><itunes:duration>1680</itunes:duration><itunes:order>None</itunes:order></item><item><title>Dhammapada Verses 168 and 169: Dhamma-Faring</title><description>168
uttiṭṭhe nappamajjeyya, dhammaṃ sucaritaṃ care.
dhammacārī sukhaṃ seti, asmiṃ loke paramhi ca.

169
dhammaṃ care sucaritaṃ, na naṃ duccaritaṃ care.
dhammacārī sukhaṃ seti, asmiṃ loke paramhi ca.

Part of a series on the Dhammapada, a set of 423 verse teachings given by the Buddha, including explanation of the Pali verse, a synopsis of the background story and application of the teaching to our practice.

&lt;b&gt;Original YouTube-Video:&lt;/b&gt; https://youtu.be/QxRXkEsYQPY
&lt;b&gt;For more information on the Dhammapada:&lt;/b&gt; http://www.buddhanet.net/e-learning/buddhism/dhammapada.htm
&lt;b&gt;Automatic Keywords:&lt;/b&gt; food, buddha, suffering, happiness, practice
</description><pubDate>Tue, 23 Jan 2018 13:23:24 GMT</pubDate><enclosure url="https://almedia.blob.core.windows.net/audio/QxRXkEsYQPY.mp3" length="0" type="audio/mpeg"></enclosure><guid isPermaLink="true">QxRXkEsYQPY</guid><itunes:duration>3063</itunes:duration><itunes:order>None</itunes:order></item><item><title>Dhammapada Verse 167: Do Not Follow</title><description>167
hīnaṃ dhammaṃ na seveyya, pamādena na saṃvase.
micchādiṭṭhiṃ na seveyya, na siyā lokavaḍḍhano.

Part of a series on the Dhammapada, a set of 423 verse teachings given by the Buddha, including explanation of the Pali verse, a synopsis of the background story and application of the teaching to our practice.

&lt;b&gt;Original YouTube-Video:&lt;/b&gt; https://youtu.be/DW-HULB5hLc
&lt;b&gt;For more information on the Dhammapada:&lt;/b&gt; http://www.buddhanet.net/e-learning/buddhism/dhammapada.htm
&lt;b&gt;Automatic Keywords:&lt;/b&gt; wrong, things, view, think, don
</description><pubDate>Tue, 09 Jan 2018 08:02:36 GMT</pubDate><enclosure url="https://almedia.blob.core.windows.net/audio/DW-HULB5hLc.mp3" length="0" type="audio/mpeg"></enclosure><guid isPermaLink="true">DW-HULB5hLc</guid><itunes:duration>3425</itunes:duration><itunes:order>None</itunes:order></item><item><title>Dhammapada Verse 166 - One's Own Benefit</title><description>166
attadatthaṃ paratthena, bahunāpi na hāpaye.
attadatthamabhiññāya, sadatthapasuto siyā.

Part of a series on the Dhammapada, a set of 423 verse teachings given by the Buddha, including explanation of the Pali verse, a synopsis of the background story and application of the teaching to our practice.

&lt;b&gt;Original YouTube-Video:&lt;/b&gt; https://youtu.be/M6tOoD7q1Do
&lt;b&gt;For more information on the Dhammapada:&lt;/b&gt; http://www.buddhanet.net/e-learning/buddhism/dhammapada.htm
&lt;b&gt;Automatic Keywords:&lt;/b&gt; buddha, helping, benefit, months, carcass
</description><pubDate>Tue, 07 Nov 2017 23:37:06 GMT</pubDate><enclosure url="https://almedia.blob.core.windows.net/audio/M6tOoD7q1Do.mp3" length="0" type="audio/mpeg"></enclosure><guid isPermaLink="true">M6tOoD7q1Do</guid><itunes:duration>1606</itunes:duration><itunes:order>None</itunes:order></item><item><title>Dhammapada Verse 165: Self-Liberation</title><description>165
attanā hi kataṃ pāpaṃ, attanā saṃkilissati.
attanā akataṃ pāpaṃ, attanāva visujjhati.
suddhī asuddhi paccattaṃ, nāñño aññaṃ visodhaye.

Part of a series on the Dhammapada, a set of 423 verse teachings given by the Buddha, including explanation of the Pali verse, a synopsis of the background story and application of the teaching to our practice.

&lt;b&gt;Original YouTube-Video:&lt;/b&gt; https://youtu.be/zFq444AnJ6w
&lt;b&gt;For more information on the Dhammapada:&lt;/b&gt; http://www.buddhanet.net/e-learning/buddhism/dhammapada.htm
&lt;b&gt;Automatic Keywords:&lt;/b&gt; karma, save, tsunami, girls, people
</description><pubDate>Tue, 24 Oct 2017 12:16:34 GMT</pubDate><enclosure url="https://almedia.blob.core.windows.net/audio/zFq444AnJ6w.mp3" length="0" type="audio/mpeg"></enclosure><guid isPermaLink="true">zFq444AnJ6w</guid><itunes:duration>2098</itunes:duration><itunes:order>None</itunes:order></item><item><title>Dhammapada Verse 164: Killed By Its Own Fruit</title><description>164
yo sāsanaṃ arahataṃ, ariyānaṃ dhammajīvinaṃ.
paṭikkosati dummedho, diṭṭhiṃ nissāya pāpikaṃ.
phalāni kaṭṭhakasseva, attaghātāya phallati.

Part of a series on the Dhammapada, a set of 423 verse teachings given by the Buddha, including explanation of the Pali verse, a synopsis of the background story and application of the teaching to our practice.

&lt;b&gt;Original YouTube-Video:&lt;/b&gt; https://youtu.be/Rw1evvsIVuc
&lt;b&gt;For more information on the Dhammapada:&lt;/b&gt; http://www.buddhanet.net/e-learning/buddhism/dhammapada.htm
&lt;b&gt;Automatic Keywords:&lt;/b&gt; evil, buddha, twisted, woman, things
</description><pubDate>Tue, 03 Oct 2017 05:36:50 GMT</pubDate><enclosure url="https://almedia.blob.core.windows.net/audio/Rw1evvsIVuc.mp3" length="0" type="audio/mpeg"></enclosure><guid isPermaLink="true">Rw1evvsIVuc</guid><itunes:duration>1979</itunes:duration><itunes:order>None</itunes:order></item><item><title>Dhammapada Verse 163: Hard To Better Oneself</title><description>163
sukarāni asādhūni, attano ahitāni ca.
yaṃ ve hitañca sādhuñca, taṃ ve paramadukkaraṃ.

Part of a series on the Dhammapada, a set of 423 verse teachings given by the Buddha, including explanation of the Pali verse, a synopsis of the background story and application of the teaching to our practice.

&lt;b&gt;Original YouTube-Video:&lt;/b&gt; https://youtu.be/wehoyzBmkDU
&lt;b&gt;For more information on the Dhammapada:&lt;/b&gt; http://www.buddhanet.net/e-learning/buddhism/dhammapada.htm
&lt;b&gt;Automatic Keywords:&lt;/b&gt; good, evil, david, habits, bad
</description><pubDate>Tue, 26 Sep 2017 04:11:27 GMT</pubDate><enclosure url="https://almedia.blob.core.windows.net/audio/wehoyzBmkDU.mp3" length="0" type="audio/mpeg"></enclosure><guid isPermaLink="true">wehoyzBmkDU</guid><itunes:duration>1092</itunes:duration><itunes:order>None</itunes:order></item><item><title>Dhammapada Verse 162: Consumed By Evil</title><description>162
yassa accantadussīlyaṃ, māluvā sālamivotthataṃ.
karoti so tathattānaṃ, yathā naṃ icchatī diso.

Part of a series on the Dhammapada, a set of 423 verse teachings given by the Buddha, including explanation of the Pali verse, a synopsis of the background story and application of the teaching to our practice.

&lt;b&gt;Original YouTube-Video:&lt;/b&gt; https://youtu.be/clVSrsLqYLs
&lt;b&gt;For more information on the Dhammapada:&lt;/b&gt; http://www.buddhanet.net/e-learning/buddhism/dhammapada.htm
&lt;b&gt;Automatic Keywords:&lt;/b&gt; evil, david, buddha, consumed, kill
</description><pubDate>Tue, 19 Sep 2017 12:14:38 GMT</pubDate><enclosure url="https://almedia.blob.core.windows.net/audio/clVSrsLqYLs.mp3" length="0" type="audio/mpeg"></enclosure><guid isPermaLink="true">clVSrsLqYLs</guid><itunes:duration>2011</itunes:duration><itunes:order>None</itunes:order></item><item><title>Dhammapada Verse 161: Done By Oneself</title><description>161
attanā hi kataṃ pāpaṃ, attajaṃ attasambhavaṃ.
abhimatthati dummedhaṃ, vajiraṃ vasmamayaṃ maṇiṃ.

Part of a series on the Dhammapada, a set of 423 verse teachings given by the Buddha, including explanation of the Pali verse, a synopsis of the background story and application of the teaching to our practice.

&lt;b&gt;Original YouTube-Video:&lt;/b&gt; https://youtu.be/GspnMNDskGw
&lt;b&gt;For more information on the Dhammapada:&lt;/b&gt; http://www.buddhanet.net/e-learning/buddhism/dhammapada.htm
&lt;b&gt;Automatic Keywords:&lt;/b&gt; evil, crushes, slate, soldier, hell
</description><pubDate>Tue, 12 Sep 2017 04:26:10 GMT</pubDate><enclosure url="https://almedia.blob.core.windows.net/audio/GspnMNDskGw.mp3" length="0" type="audio/mpeg"></enclosure><guid isPermaLink="true">GspnMNDskGw</guid><itunes:duration>2040</itunes:duration><itunes:order>None</itunes:order></item><item><title>Dhammapada Verse 160: One's Own Refuge</title><description>160
attā hi attano nātho, ko hi nātho paro siyā.
attanā hi sudantena, nāthaṃ labhati dullabhaṃ.

Part of a series on the Dhammapada, a set of 423 verse teachings given by the Buddha, including explanation of the Pali verse, a synopsis of the background story and application of the teaching to our practice.

&lt;b&gt;Original YouTube-Video:&lt;/b&gt; https://youtu.be/VSlkb6xZIyo
&lt;b&gt;For more information on the Dhammapada:&lt;/b&gt; http://www.buddhanet.net/e-learning/buddhism/dhammapada.htm
&lt;b&gt;Automatic Keywords:&lt;/b&gt; refuge, nun, son, affection, pregnant
</description><pubDate>Tue, 05 Sep 2017 11:51:35 GMT</pubDate><enclosure url="https://almedia.blob.core.windows.net/audio/VSlkb6xZIyo.mp3" length="0" type="audio/mpeg"></enclosure><guid isPermaLink="true">VSlkb6xZIyo</guid><itunes:duration>2089</itunes:duration><itunes:order>None</itunes:order></item><item><title>Dhammapada Verse 159: Training Oneself</title><description>159
attānaṃ ce tathā kayirā, yathāññamanusāsati.
sudanto vata dametha, attā hi kira duddamo.

Part of a series on the Dhammapada, a set of 423 verse teachings given by the Buddha, including explanation of the Pali verse, a synopsis of the background story and application of the teaching to our practice.

&lt;b&gt;Original YouTube-Video:&lt;/b&gt; https://youtu.be/FEcH1Xsk7Ik
&lt;b&gt;For more information on the Dhammapada:&lt;/b&gt; http://www.buddhanet.net/e-learning/buddhism/dhammapada.htm
&lt;b&gt;Automatic Keywords:&lt;/b&gt; sleep, really, practice, teaching, night
</description><pubDate>Tue, 29 Aug 2017 10:13:13 GMT</pubDate><enclosure url="https://almedia.blob.core.windows.net/audio/FEcH1Xsk7Ik.mp3" length="0" type="audio/mpeg"></enclosure><guid isPermaLink="true">FEcH1Xsk7Ik</guid><itunes:duration>1264</itunes:duration><itunes:order>None</itunes:order></item><item><title>Dhammapada Verse 158: Set Yourself Right First</title><description>158
attānameva paṭhamaṃ, patirūpe nivesaye.
athaññamanusāseyya, na kilisseyya paṇḍito.

Part of a series on the Dhammapada, a set of 423 verse teachings given by the Buddha, including explanation of the Pali verse, a synopsis of the background story and application of the teaching to our practice.

&lt;b&gt;Original YouTube-Video:&lt;/b&gt; https://youtu.be/a16RStwWTE8
&lt;b&gt;For more information on the Dhammapada:&lt;/b&gt; http://www.buddhanet.net/e-learning/buddhism/dhammapada.htm
&lt;b&gt;Automatic Keywords:&lt;/b&gt; source, right, fewness, inner, wishes
</description><pubDate>Sat, 08 Apr 2017 03:33:39 GMT</pubDate><enclosure url="https://almedia.blob.core.windows.net/audio/a16RStwWTE8.mp3" length="0" type="audio/mpeg"></enclosure><guid isPermaLink="true">a16RStwWTE8</guid><itunes:duration>941</itunes:duration><itunes:order>None</itunes:order></item><item><title>Dhammapada Verse 157: Watch Over You</title><description>157
attānañce piyaṃ jaññā, rakkheyya naṃ surakkhitaṃ.
tiṇṇaṃ aññataraṃ yāmaṃ, paṭijaggeyya paṇḍito.

Part of a series on the Dhammapada, a set of 423 verse teachings given by the Buddha, including explanation of the Pali verse, a synopsis of the background story and application of the teaching to our practice.

&lt;b&gt;Original YouTube-Video:&lt;/b&gt; https://youtu.be/YpPXhHvShd8
&lt;b&gt;For more information on the Dhammapada:&lt;/b&gt; http://www.buddhanet.net/e-learning/buddhism/dhammapada.htm
&lt;b&gt;Automatic Keywords:&lt;/b&gt; cloth, oneself, guard, birds, blessing
</description><pubDate>Sun, 02 Apr 2017 08:09:25 GMT</pubDate><enclosure url="https://almedia.blob.core.windows.net/audio/YpPXhHvShd8.mp3" length="0" type="audio/mpeg"></enclosure><guid isPermaLink="true">YpPXhHvShd8</guid><itunes:duration>1247</itunes:duration><itunes:order>None</itunes:order></item><item><title>Dhammapada Verses 155 &amp; 156: Lamenting the Past</title><description>155
acaritvā brahmacariyaṃ, aladdhā yobbane dhanaṃ.
jiṇṇakoñcāva jhāyanti, khīṇamaccheva pallale.

156
acaritvā brahmacariyaṃ, aladdhā yobbane dhanaṃ.
senti cāpātikhīṇāva, purāṇāni anutthunaṃ.

Part of a series on the Dhammapada, a set of 423 verse teachings given by the Buddha, including explanation of the Pali verse, a synopsis of the background story and application of the teaching to our practice.

&lt;b&gt;Original YouTube-Video:&lt;/b&gt; https://youtu.be/OJjmZpttAGk
&lt;b&gt;For more information on the Dhammapada:&lt;/b&gt; http://www.buddhanet.net/e-learning/buddhism/dhammapada.htm
&lt;b&gt;Automatic Keywords:&lt;/b&gt; alcohol, money, pond, wealth, squandered
</description><pubDate>Tue, 28 Mar 2017 11:54:33 GMT</pubDate><enclosure url="https://almedia.blob.core.windows.net/audio/OJjmZpttAGk.mp3" length="0" type="audio/mpeg"></enclosure><guid isPermaLink="true">OJjmZpttAGk</guid><itunes:duration>1589</itunes:duration><itunes:order>None</itunes:order></item><item><title>Dhammapada Verses 153 &amp; 154: Tear Down The House</title><description>153
anekajātisaṃsāraṃ, sandhāvissaṃ anibbisaṃ.
gahakāraṃ gavesanto, dukkhā jāti punappunaṃ.

154
gahakāraka diṭṭhosi, puna gehaṃ na kāhasi.
sabbā te phāsukā bhaggā, gahakūṭaṃ visaṅkhataṃ.
visaṅkhāragataṃ cittaṃ, taṇhānaṃ khayamajjhagā.

Part of a series on the Dhammapada, a set of 423 verse teachings given by the Buddha, including explanation of the Pali verse, a synopsis of the background story and application of the teaching to our practice.

&lt;b&gt;Original YouTube-Video:&lt;/b&gt; https://youtu.be/Z4utyn60N1I
&lt;b&gt;For more information on the Dhammapada:&lt;/b&gt; http://www.buddhanet.net/e-learning/buddhism/dhammapada.htm
&lt;b&gt;Automatic Keywords:&lt;/b&gt; identity, builder, proud, gajja, pride
</description><pubDate>Wed, 22 Mar 2017 03:02:06 GMT</pubDate><enclosure url="https://almedia.blob.core.windows.net/audio/Z4utyn60N1I.mp3" length="0" type="audio/mpeg"></enclosure><guid isPermaLink="true">Z4utyn60N1I</guid><itunes:duration>1255</itunes:duration><itunes:order>None</itunes:order></item><item><title>Dhammapada Verse 152: Grow Like an Ox</title><description>152
appassutāyaṃ puriso, balibaddhova jīrati.
maṃsāni tassa vaḍḍhanti, paññā tassa na vaḍḍhati.

Part of a series on the Dhammapada, a set of 423 verse teachings given by the Buddha, including explanation of the Pali verse, a synopsis of the background story and application of the teaching to our practice.

&lt;b&gt;Original YouTube-Video:&lt;/b&gt; https://youtu.be/duOue8741AM
&lt;b&gt;For more information on the Dhammapada:&lt;/b&gt; http://www.buddhanet.net/e-learning/buddhism/dhammapada.htm
&lt;b&gt;Automatic Keywords:&lt;/b&gt; king, oxen, learning, learned, knowledge
</description><pubDate>Wed, 15 Mar 2017 03:30:20 GMT</pubDate><enclosure url="https://almedia.blob.core.windows.net/audio/duOue8741AM.mp3" length="0" type="audio/mpeg"></enclosure><guid isPermaLink="true">duOue8741AM</guid><itunes:duration>1343</itunes:duration><itunes:order>None</itunes:order></item><item><title>Dhammapada Verse 151: Never Gets Old</title><description>151
jīranti ve rājarathā sucittā, atho sarīrampi jaraṃ upeti.
satañca dhammo na jaraṃ upeti, santo have sabbhi pavedayanti.

Part of a series on the Dhammapada, a set of 423 verse teachings given by the Buddha, including explanation of the Pali verse, a synopsis of the background story and application of the teaching to our practice.

&lt;b&gt;Original YouTube-Video:&lt;/b&gt; https://youtu.be/0UvbNmiYXjc
&lt;b&gt;For more information on the Dhammapada:&lt;/b&gt; http://www.buddhanet.net/e-learning/buddhism/dhammapada.htm
&lt;b&gt;Automatic Keywords:&lt;/b&gt; queen, mallika, king, chariot, guilt
</description><pubDate>Mon, 13 Mar 2017 12:18:18 GMT</pubDate><enclosure url="https://almedia.blob.core.windows.net/audio/0UvbNmiYXjc.mp3" length="0" type="audio/mpeg"></enclosure><guid isPermaLink="true">0UvbNmiYXjc</guid><itunes:duration>1287</itunes:duration><itunes:order>None</itunes:order></item><item><title>Dhammapada Verse 150: A City of Bones</title><description>150
aṭṭhīnaṃ nagaraṃ kataṃ, maṃsalohitalepanaṃ.
yattha jarā ca maccu ca, māno makkho ca ohito.

Part of a series on the Dhammapada, a set of 423 verse teachings given by the Buddha, including explanation of the Pali verse, a synopsis of the background story and application of the teaching to our practice.

&lt;b&gt;Original YouTube-Video:&lt;/b&gt; https://youtu.be/9rGYjqo_SnE
&lt;b&gt;For more information on the Dhammapada:&lt;/b&gt; http://www.buddhanet.net/e-learning/buddhism/dhammapada.htm
&lt;b&gt;Automatic Keywords:&lt;/b&gt; body, beauty, beautiful, buddha, woman
</description><pubDate>Sat, 11 Feb 2017 03:20:24 GMT</pubDate><enclosure url="https://almedia.blob.core.windows.net/audio/9rGYjqo_SnE.mp3" length="0" type="audio/mpeg"></enclosure><guid isPermaLink="true">9rGYjqo_SnE</guid><itunes:duration>1499</itunes:duration><itunes:order>None</itunes:order></item><item><title>Dhammapada Verse 149: Bleached Bones</title><description>149
yānimāni apatthāni, yānimāni’paviddhāni, alābūneva sārade.
kāpotakāni aṭṭhīni, tāni disvāna kā rati.

Part of a series on the Dhammapada, a set of 423 verse teachings given by the Buddha, including explanation of the Pali verse, a synopsis of the background story and application of the teaching to our practice.

&lt;b&gt;Original YouTube-Video:&lt;/b&gt; https://youtu.be/yoZeKK01JWg
&lt;b&gt;For more information on the Dhammapada:&lt;/b&gt; http://www.buddhanet.net/e-learning/buddhism/dhammapada.htm
&lt;b&gt;Automatic Keywords:&lt;/b&gt; bodies, estimation, bones, charnel, passion
</description><pubDate>Mon, 30 Jan 2017 06:34:56 GMT</pubDate><enclosure url="https://almedia.blob.core.windows.net/audio/yoZeKK01JWg.mp3" length="0" type="audio/mpeg"></enclosure><guid isPermaLink="true">yoZeKK01JWg</guid><itunes:duration>1162</itunes:duration><itunes:order>None</itunes:order></item><item><title>Dhammapada Verse 148: This Fragile Body</title><description>148
parijiṇṇamidaṃ rūpaṃ, roganīḷaṃ pabhaṅguraṃ.
bhijjati pūtisandeho, maraṇantañhi jīvitaṃ.

Part of a series on the Dhammapada, a set of 423 verse teachings given by the Buddha, including explanation of the Pali verse, a synopsis of the background story and application of the teaching to our practice.

&lt;b&gt;Original YouTube-Video:&lt;/b&gt; https://youtu.be/3ubTTAthaE4
&lt;b&gt;For more information on the Dhammapada:&lt;/b&gt; http://www.buddhanet.net/e-learning/buddhism/dhammapada.htm
&lt;b&gt;Automatic Keywords:&lt;/b&gt; body, granted, bodies, food, nest
</description><pubDate>Mon, 23 Jan 2017 09:27:04 GMT</pubDate><enclosure url="https://almedia.blob.core.windows.net/audio/3ubTTAthaE4.mp3" length="0" type="audio/mpeg"></enclosure><guid isPermaLink="true">3ubTTAthaE4</guid><itunes:duration>1333</itunes:duration><itunes:order>None</itunes:order></item><item><title>Dhammapada Verse 147: Infatuation</title><description>147
passa cittakataṃ bimbaṃ, arukāyaṃ samussitaṃ.
āturaṃ bahusaṅkappaṃ, yassa natthi dhuvaṃ ṭhiti.

Part of a series on the Dhammapada, a set of 423 verse teachings given by the Buddha, including explanation of the Pali verse, a synopsis of the background story and application of the teaching to our practice.

&lt;b&gt;Original YouTube-Video:&lt;/b&gt; https://youtu.be/Ray-InPSwaE
&lt;b&gt;For more information on the Dhammapada:&lt;/b&gt; http://www.buddhanet.net/e-learning/buddhism/dhammapada.htm
&lt;b&gt;Automatic Keywords:&lt;/b&gt; bloated, body, maggots, attracted, food
</description><pubDate>Sun, 15 Jan 2017 12:00:00 GMT</pubDate><enclosure url="https://almedia.blob.core.windows.net/audio/Ray-InPSwaE.mp3" length="0" type="audio/mpeg"></enclosure><guid isPermaLink="true">Ray-InPSwaE</guid><itunes:duration>1357</itunes:duration><itunes:order>None</itunes:order></item><item><title>Dhammapada Verse 146: Intoxication</title><description>146
ko nu hāso kimānando, niccaṃ pajjalite sati.
andhakārena onaddhā, padīpaṃ na gavesatha.

Part of a series on the Dhammapada, a set of 423 verse teachings given by the Buddha, including explanation of the Pali verse, a synopsis of the background story and application of the teaching to our practice.

&lt;b&gt;Original YouTube-Video:&lt;/b&gt; https://youtu.be/sjbkeQM5Nj4
&lt;b&gt;For more information on the Dhammapada:&lt;/b&gt; http://www.buddhanet.net/e-learning/buddhism/dhammapada.htm
&lt;b&gt;Automatic Keywords:&lt;/b&gt; intoxication, alcohol, flames, drunk, intoxicated
</description><pubDate>Sun, 08 Jan 2017 07:22:05 GMT</pubDate><enclosure url="https://almedia.blob.core.windows.net/audio/sjbkeQM5Nj4.mp3" length="0" type="audio/mpeg"></enclosure><guid isPermaLink="true">sjbkeQM5Nj4</guid><itunes:duration>1581</itunes:duration><itunes:order>None</itunes:order></item><item><title>Dhammapada Verse 145: The Good Tame Their Minds</title><description>145
udakañhi nayanti nettikā, usukārā namayanti tejanaṃ.
dāruṃ namayanti tacchakā, attānaṃ damayanti subbatā.

Part of a series on the Dhammapada, a set of 423 verse teachings given by the Buddha, including explanation of the Pali verse, a synopsis of the background story and application of the teaching to our practice.

&lt;b&gt;Original YouTube-Video:&lt;/b&gt; https://youtu.be/56yQW8KfaD8
&lt;b&gt;For more information on the Dhammapada:&lt;/b&gt; http://www.buddhanet.net/e-learning/buddhism/dhammapada.htm
&lt;b&gt;Automatic Keywords:&lt;/b&gt; rich, coins, meal, man, rice
</description><pubDate>Tue, 06 Sep 2016 01:06:55 GMT</pubDate><enclosure url="https://almedia.blob.core.windows.net/audio/56yQW8KfaD8.mp3" length="0" type="audio/mpeg"></enclosure><guid isPermaLink="true">56yQW8KfaD8</guid><itunes:duration>1931</itunes:duration><itunes:order>None</itunes:order></item><item><title>Dhammapada Verses 143 and 144: A Thoroughbred</title><description>143
hirīnisedho puriso, koci lokasmi vijjati.
yo niddaṃ saṃ apabodheti, asso bhadro kasāmiva.

144
asso yathā bhadro kasāniviṭṭho, ātāpino saṃvegino bhavātha.
saddhāya sīlena ca vīriyena ca, samādhinā dhammavinicchayena ca.
sampannavijjācaraṇā patissatā, jahissatha dukkhamidaṃ anappakaṃ.

Part of a series on the Dhammapada, a set of 423 verse teachings given by the Buddha, including explanation of the Pali verse, a synopsis of the background story and application of the teaching to our practice.

&lt;b&gt;Original YouTube-Video:&lt;/b&gt; https://youtu.be/x6kEEZjZpdI
&lt;b&gt;For more information on the Dhammapada:&lt;/b&gt; http://www.buddhanet.net/e-learning/buddhism/dhammapada.htm
&lt;b&gt;Automatic Keywords:&lt;/b&gt; horse, thoroughbred, whip, suffering, urgency
</description><pubDate>Tue, 30 Aug 2016 00:28:10 GMT</pubDate><enclosure url="https://almedia.blob.core.windows.net/audio/x6kEEZjZpdI.mp3" length="0" type="audio/mpeg"></enclosure><guid isPermaLink="true">x6kEEZjZpdI</guid><itunes:duration>1489</itunes:duration><itunes:order>None</itunes:order></item><item><title>Dhammapada Verse 142: Decorated</title><description>142.
alaṅkato cepi samaṃ careyya, santo danto niyato brahmacārī.
sabbesu bhūtesu nidhāya daṇḍaṃ, so brāhmaṇo so samaṇo sa bhikkhu.

Part of a series on the Dhammapada, a set of 423 verse teachings given by the Buddha, including explanation of the Pali verse, a synopsis of the background story and application of the teaching to our practice.

&lt;b&gt;Original YouTube-Video:&lt;/b&gt; https://youtu.be/hzGnCFvPsnU
&lt;b&gt;For more information on the Dhammapada:&lt;/b&gt; http://www.buddhanet.net/e-learning/buddhism/dhammapada.htm
&lt;b&gt;Automatic Keywords:&lt;/b&gt; finery, shaman, decked, buddha, past
</description><pubDate>Mon, 22 Aug 2016 22:54:36 GMT</pubDate><enclosure url="https://almedia.blob.core.windows.net/audio/hzGnCFvPsnU.mp3" length="0" type="audio/mpeg"></enclosure><guid isPermaLink="true">hzGnCFvPsnU</guid><itunes:duration>1682</itunes:duration><itunes:order>None</itunes:order></item><item><title>Dhammapada Verse 141: Not Having Overcome Doubt</title><description>141.
na naggacariyā na jaṭā na paṅkā, nānāsakā thaṇḍilasāyikā vā.
rajojallaṃ ukkuṭikappadhānaṃ, sodhenti maccaṃ avitiṇṇakaṅkhaṃ.

Part of a series on the Dhammapada, a set of 423 verse teachings given by the Buddha, including explanation of the Pali verse, a synopsis of the background story and application of the teaching to our practice.

&lt;b&gt;Original YouTube-Video:&lt;/b&gt; https://youtu.be/9tq_72lT0Ro
&lt;b&gt;For more information on the Dhammapada:&lt;/b&gt; http://www.buddhanet.net/e-learning/buddhism/dhammapada.htm
&lt;b&gt;Automatic Keywords:&lt;/b&gt; doubt, sprite, heavenly, said, know
</description><pubDate>Tue, 16 Aug 2016 02:33:52 GMT</pubDate><enclosure url="https://almedia.blob.core.windows.net/audio/9tq_72lT0Ro.mp3" length="0" type="audio/mpeg"></enclosure><guid isPermaLink="true">9tq_72lT0Ro</guid><itunes:duration>1907</itunes:duration><itunes:order>None</itunes:order></item><item><title>Dhammapada Verses 137-140: Harming the Harmless</title><description>137.
yo daṇḍena adaṇḍesu, appaduṭṭhesu dussati.
dasannamaññataraṃ ṭhānaṃ, khippameva nigacchati.

138.
vedanaṃ pharusaṃ jāniṃ, sarīrassa ca bhedanaṃ .
garukaṃ vāpi ābādhaṃ, cittakkhepañca pāpuṇe.

139.
rājato vā upasaggaṃ, abbhakkhānañca dāruṇaṃ.
parikkhayañca ñātīnaṃ, bhogānañca pabhaṅguraṃ .

140.
atha vāssa agārāni, aggi ḍahati pāvako.
kāyassa bhedā duppañño, nirayaṃ sopapajjati .

Part of a series on the Dhammapada, a set of 423 verse teachings given by the Buddha, including explanation of the Pali verse, a synopsis of the background story and application of the teaching to our practice.

&lt;b&gt;Original YouTube-Video:&lt;/b&gt; https://youtu.be/EtyDRiHmDws
&lt;b&gt;For more information on the Dhammapada:&lt;/b&gt; http://www.buddhanet.net/e-learning/buddhism/dhammapada.htm
&lt;b&gt;Automatic Keywords:&lt;/b&gt; evil, karma, mogul, magical, mogollon
</description><pubDate>Mon, 08 Aug 2016 23:13:26 GMT</pubDate><enclosure url="https://almedia.blob.core.windows.net/audio/EtyDRiHmDws.mp3" length="0" type="audio/mpeg"></enclosure><guid isPermaLink="true">EtyDRiHmDws</guid><itunes:duration>2189</itunes:duration><itunes:order>None</itunes:order></item><item><title>Dhammapada Verse 136: Burned By Fire</title><description>136.
atha pāpāni kammāni, karaṃ bālo na bujjhati.
sehi kammehi dummedho, aggidaḍḍhova tappati.

Part of a series on the Dhammapada, a set of 423 verse teachings given by the Buddha, including explanation of the Pali verse, a synopsis of the background story and application of the teaching to our practice.

&lt;b&gt;Original YouTube-Video:&lt;/b&gt; https://youtu.be/wLb6LrjmcGo
&lt;b&gt;For more information on the Dhammapada:&lt;/b&gt; http://www.buddhanet.net/e-learning/buddhism/dhammapada.htm
&lt;b&gt;Automatic Keywords:&lt;/b&gt; ghost, thief, burnt, man, said
</description><pubDate>Mon, 01 Aug 2016 21:10:59 GMT</pubDate><enclosure url="https://almedia.blob.core.windows.net/audio/wLb6LrjmcGo.mp3" length="0" type="audio/mpeg"></enclosure><guid isPermaLink="true">wLb6LrjmcGo</guid><itunes:duration>1222</itunes:duration><itunes:order>None</itunes:order></item><item><title>Dhammapada Verse 135: Driven with a Stick</title><description>135.
yathā daṇḍena gopālo, gāvo pājeti gocaraṃ.
evaṃ jarā ca maccu ca, āyuṃ pājenti pāṇinaṃ.

Part of a series on the Dhammapada, a set of 423 verse teachings given by the Buddha, including explanation of the Pali verse, a synopsis of the background story and application of the teaching to our practice.

&lt;b&gt;Original YouTube-Video:&lt;/b&gt; https://youtu.be/KLC9rvvTU10
&lt;b&gt;For more information on the Dhammapada:&lt;/b&gt; http://www.buddhanet.net/e-learning/buddhism/dhammapada.htm
&lt;b&gt;Automatic Keywords:&lt;/b&gt; women, unmarried, husbands, old, age
</description><pubDate>Wed, 25 May 2016 01:40:14 GMT</pubDate><enclosure url="https://almedia.blob.core.windows.net/audio/KLC9rvvTU10.mp3" length="0" type="audio/mpeg"></enclosure><guid isPermaLink="true">KLC9rvvTU10</guid><itunes:duration>1235</itunes:duration><itunes:order>None</itunes:order></item><item><title>Dhammapada Verses 133 &amp; 134: A Broken Gong</title><description>133.
māvoca pharusaṃ kañci, vuttā paṭivadeyyu taṃ .
dukkhā hi sārambhakathā, paṭidaṇḍā phuseyyu taṃ .

134.
sace neresi attānaṃ, kaṃso upahato yathā.
esa pattosi nibbānaṃ, sārambho te na vijjati.

Part of a series on the Dhammapada, a set of 423 verse teachings given by the Buddha, including explanation of the Pali verse, a synopsis of the background story and application of the teaching to our practice.

&lt;b&gt;Original YouTube-Video:&lt;/b&gt; https://youtu.be/UGov0C7lSbQ
&lt;b&gt;For more information on the Dhammapada:&lt;/b&gt; http://www.buddhanet.net/e-learning/buddhism/dhammapada.htm
&lt;b&gt;Automatic Keywords:&lt;/b&gt; woman, monk, accused, misunderstanding, gong
</description><pubDate>Fri, 13 May 2016 03:04:00 GMT</pubDate><enclosure url="https://almedia.blob.core.windows.net/audio/UGov0C7lSbQ.mp3" length="0" type="audio/mpeg"></enclosure><guid isPermaLink="true">UGov0C7lSbQ</guid><itunes:duration>1447</itunes:duration><itunes:order>None</itunes:order></item><item><title>Dhammapada Verses 131 &amp; 132: Seeking Happiness</title><description>131.
sukhakāmāni bhūtāni, yo daṇḍena vihiṃsati.
attano sukhamesāno, pecca so na labhate sukhaṃ.

132.
sukhakāmāni bhūtāni, yo daṇḍena na hiṃsati.
attano sukhamesāno, pecca so labhate sukhaṃ.

Part of a series on the Dhammapada, a set of 423 verse teachings given by the Buddha, including explanation of the Pali verse, a synopsis of the background story and application of the teaching to our practice.

&lt;b&gt;Original YouTube-Video:&lt;/b&gt; https://youtu.be/NmRNnwf4GX4
&lt;b&gt;For more information on the Dhammapada:&lt;/b&gt; http://www.buddhanet.net/e-learning/buddhism/dhammapada.htm
&lt;b&gt;Automatic Keywords:&lt;/b&gt; snake, cure, boys, happiness, problem
</description><pubDate>Mon, 09 May 2016 01:50:02 GMT</pubDate><enclosure url="https://almedia.blob.core.windows.net/audio/NmRNnwf4GX4.mp3" length="0" type="audio/mpeg"></enclosure><guid isPermaLink="true">NmRNnwf4GX4</guid><itunes:duration>982</itunes:duration><itunes:order>None</itunes:order></item><item><title>Dhammapada Verse 130: Life Is Dear</title><description>130.
sabbe tasanti daṇḍassa, sabbesaṃ jīvitaṃ piyaṃ.
attānaṃ upamaṃ katvā, na haneyya na ghātaye.

Part of a series on the Dhammapada, a set of 423 verse teachings given by the Buddha, including explanation of the Pali verse, a synopsis of the background story and application of the teaching to our practice.

&lt;b&gt;Original YouTube-Video:&lt;/b&gt; https://youtu.be/dNG-zx7X8Es
&lt;b&gt;For more information on the Dhammapada:&lt;/b&gt; http://www.buddhanet.net/e-learning/buddhism/dhammapada.htm
&lt;b&gt;Automatic Keywords:&lt;/b&gt; harm, know, actually, viciousness, scare
</description><pubDate>Thu, 05 May 2016 19:26:15 GMT</pubDate><enclosure url="https://almedia.blob.core.windows.net/audio/dNG-zx7X8Es.mp3" length="0" type="audio/mpeg"></enclosure><guid isPermaLink="true">dNG-zx7X8Es</guid><itunes:duration>691</itunes:duration><itunes:order>None</itunes:order></item><item><title>Dhammapada Verse 129: All Tremble</title><description>129.
sabbe tasanti daṇḍassa, sabbe bhāyanti maccuno.
attānaṃ upamaṃ katvā, na haneyya na ghātaye.

Part of a series on the Dhammapada, a set of 423 verse teachings given by the Buddha, including explanation of the Pali verse, a synopsis of the background story and application of the teaching to our practice.

&lt;b&gt;Original YouTube-Video:&lt;/b&gt; https://youtu.be/lECPyAjSuGs
&lt;b&gt;For more information on the Dhammapada:&lt;/b&gt; http://www.buddhanet.net/e-learning/buddhism/dhammapada.htm
&lt;b&gt;Automatic Keywords:&lt;/b&gt; seventeen, killing, group, mind, rod
</description><pubDate>Sat, 27 Feb 2016 02:55:29 GMT</pubDate><enclosure url="https://almedia.blob.core.windows.net/audio/lECPyAjSuGs.mp3" length="0" type="audio/mpeg"></enclosure><guid isPermaLink="true">lECPyAjSuGs</guid><itunes:duration>1097</itunes:duration><itunes:order>None</itunes:order></item><item><title>Dhammapada Verse 128: Overpowered By Death</title><description>128.
na antalikkhe na samuddamajjhe, na pabbatānaṃ vivaraṃ pavissa.
na vijjatī so jagatippadeso, yatthaṭṭhitaṃ nappasaheyya maccu.

Part of a series on the Dhammapada, a set of 423 verse teachings given by the Buddha, including explanation of the Pali verse, a synopsis of the background story and application of the teaching to our practice.

&lt;b&gt;Original YouTube-Video:&lt;/b&gt; https://youtu.be/PCf6HnKQqcE
&lt;b&gt;For more information on the Dhammapada:&lt;/b&gt; http://www.buddhanet.net/e-learning/buddhism/dhammapada.htm
&lt;b&gt;Automatic Keywords:&lt;/b&gt; stairs, suppabuddha, buddha, guards, karma
</description><pubDate>Wed, 03 Feb 2016 03:19:48 GMT</pubDate><enclosure url="https://almedia.blob.core.windows.net/audio/PCf6HnKQqcE.mp3" length="0" type="audio/mpeg"></enclosure><guid isPermaLink="true">PCf6HnKQqcE</guid><itunes:duration>1450</itunes:duration><itunes:order>None</itunes:order></item><item><title>Dhammapada Verse 127: No Escape</title><description>127.
na antalikkhe na samuddamajjhe, na pabbatānaṃ vivaraṃ pavissa.
na vijjatī so jagatippadeso, yatthaṭṭhito mucceyya pāpakammā.

Part of a series on the Dhammapada, a set of 423 verse teachings given by the Buddha, including explanation of the Pali verse, a synopsis of the background story and application of the teaching to our practice.

&lt;b&gt;Original YouTube-Video:&lt;/b&gt; https://youtu.be/QiwMZijoGno
&lt;b&gt;For more information on the Dhammapada:&lt;/b&gt; http://www.buddhanet.net/e-learning/buddhism/dhammapada.htm
&lt;b&gt;Automatic Keywords:&lt;/b&gt; overboard, dog, crow, karma, captain
</description><pubDate>Wed, 20 Jan 2016 09:11:28 GMT</pubDate><enclosure url="https://almedia.blob.core.windows.net/audio/QiwMZijoGno.mp3" length="0" type="audio/mpeg"></enclosure><guid isPermaLink="true">QiwMZijoGno</guid><itunes:duration>1759</itunes:duration><itunes:order>None</itunes:order></item><item><title>Dhammapada Verse 126: Where Do They Go?</title><description>126.
gabbhameke uppajjanti, nirayaṃ pāpakammino.
saggaṃ sugatino yanti, parinibbanti anāsavā.

Part of a series on the Dhammapada, a set of 423 verse teachings given by the Buddha, including explanation of the Pali verse, a synopsis of the background story and application of the teaching to our practice.

&lt;b&gt;Original YouTube-Video:&lt;/b&gt; https://youtu.be/1519DquE7k4
&lt;b&gt;For more information on the Dhammapada:&lt;/b&gt; http://www.buddhanet.net/e-learning/buddhism/dhammapada.htm
&lt;b&gt;Automatic Keywords:&lt;/b&gt; jewel, heron, jeweler, elder, beaten
</description><pubDate>Wed, 13 Jan 2016 03:40:23 GMT</pubDate><enclosure url="https://almedia.blob.core.windows.net/audio/1519DquE7k4.mp3" length="0" type="audio/mpeg"></enclosure><guid isPermaLink="true">1519DquE7k4</guid><itunes:duration>1094</itunes:duration><itunes:order>None</itunes:order></item><item><title>Dhammapada Verse 125: Dust Into the Wind</title><description>125.
yo appaduṭṭhassa narassa dussati, suddhassa posassa anaṅgaṇassa.
tameva bālaṃ pacceti pāpaṃ, sukhumo rajo paṭivātaṃva khitto.

Part of a series on the Dhammapada, a set of 423 verse teachings given by the Buddha, including explanation of the Pali verse, a synopsis of the background story and application of the teaching to our practice.

&lt;b&gt;Original YouTube-Video:&lt;/b&gt; https://youtu.be/Mn8Vwy0ak7I
&lt;b&gt;For more information on the Dhammapada:&lt;/b&gt; http://www.buddhanet.net/e-learning/buddhism/dhammapada.htm
&lt;b&gt;Automatic Keywords:&lt;/b&gt; hunter, evil, monk, harm, dogs
</description><pubDate>Fri, 08 Jan 2016 03:26:04 GMT</pubDate><enclosure url="https://almedia.blob.core.windows.net/audio/Mn8Vwy0ak7I.mp3" length="0" type="audio/mpeg"></enclosure><guid isPermaLink="true">Mn8Vwy0ak7I</guid><itunes:duration>1322</itunes:duration><itunes:order>None</itunes:order></item><item><title>Dhammapada Verse 124: Touching Poison</title><description>124.
pāṇimhi ce vaṇo nāssa, hareyya pāṇinā visaṃ.
nābbaṇaṃ visamanveti, natthi pāpaṃ akubbato.

Part of a series on the Dhammapada, a set of 423 verse teachings given by the Buddha, including explanation of the Pali verse, a synopsis of the background story and application of the teaching to our practice.

&lt;b&gt;Original YouTube-Video:&lt;/b&gt; https://youtu.be/9eGok24WP5I
&lt;b&gt;For more information on the Dhammapada:&lt;/b&gt; http://www.buddhanet.net/e-learning/buddhism/dhammapada.htm
&lt;b&gt;Automatic Keywords:&lt;/b&gt; ethics, hunter, wife, know, evil
</description><pubDate>Wed, 06 Jan 2016 11:57:02 GMT</pubDate><enclosure url="https://almedia.blob.core.windows.net/audio/9eGok24WP5I.mp3" length="0" type="audio/mpeg"></enclosure><guid isPermaLink="true">9eGok24WP5I</guid><itunes:duration>1878</itunes:duration><itunes:order>None</itunes:order></item><item><title>Dhammapada Verse 123: A Dangerous Path</title><description>123.
vāṇijova bhayaṃ maggaṃ, appasattho mahaddhano.
visaṃ jīvitukāmova, pāpāni parivajjaye.

Part of a series on the Dhammapada, a set of 423 verse teachings given by the Buddha, including explanation of the Pali verse, a synopsis of the background story and application of the teaching to our practice.

&lt;b&gt;Original YouTube-Video:&lt;/b&gt; https://youtu.be/3IDGh_DG8h8
&lt;b&gt;For more information on the Dhammapada:&lt;/b&gt; http://www.buddhanet.net/e-learning/buddhism/dhammapada.htm
&lt;b&gt;Automatic Keywords:&lt;/b&gt; merchant, evil, dangers, danger, thieves
</description><pubDate>Sat, 02 Jan 2016 12:18:55 GMT</pubDate><enclosure url="https://almedia.blob.core.windows.net/audio/3IDGh_DG8h8.mp3" length="0" type="audio/mpeg"></enclosure><guid isPermaLink="true">3IDGh_DG8h8</guid><itunes:duration>1492</itunes:duration><itunes:order>None</itunes:order></item><item><title>Dhammapada Verse 122: Drop By Drop</title><description>122.
māvamaññetha puññassa, na mantaṃ āgamissati. udabindunipātena, udakumbhopi pūrati.
dhīro pūrati puññassa, thokaṃ thokampi ācinaṃ.

Part of a series on the Dhammapada, a set of 423 verse teachings given by the Buddha, including explanation of the Pali verse, a synopsis of the background story and application of the teaching to our practice.

&lt;b&gt;Original YouTube-Video:&lt;/b&gt; https://youtu.be/y1pe0P7M8Jo
&lt;b&gt;For more information on the Dhammapada:&lt;/b&gt; http://www.buddhanet.net/e-learning/buddhism/dhammapada.htm
&lt;b&gt;Automatic Keywords:&lt;/b&gt; rich, good, guy, deeds, deed
</description><pubDate>Thu, 31 Dec 2015 14:51:25 GMT</pubDate><enclosure url="https://almedia.blob.core.windows.net/audio/y1pe0P7M8Jo.mp3" length="0" type="audio/mpeg"></enclosure><guid isPermaLink="true">y1pe0P7M8Jo</guid><itunes:duration>1699</itunes:duration><itunes:order>None</itunes:order></item><item><title>Dhammapada Verse 121: Little By Little</title><description>121.
māvamaññetha pāpassa, na mantaṃ āgamissati.
udabindunipātena, udakumbhopi pūrati.
bālo pūrati pāpassa, thokaṃ thokampi ācinaṃ.

Part of a series on the Dhammapada, a set of 423 verse teachings given by the Buddha, including explanation of the Pali verse, a synopsis of the background story and application of the teaching to our practice.

&lt;b&gt;Original YouTube-Video:&lt;/b&gt; https://youtu.be/LkVoZkJ12LU
&lt;b&gt;For more information on the Dhammapada:&lt;/b&gt; http://www.buddhanet.net/e-learning/buddhism/dhammapada.htm
&lt;b&gt;Automatic Keywords:&lt;/b&gt; token, evil, water, belongings, little
</description><pubDate>Tue, 15 Dec 2015 14:32:44 GMT</pubDate><enclosure url="https://almedia.blob.core.windows.net/audio/LkVoZkJ12LU.mp3" length="0" type="audio/mpeg"></enclosure><guid isPermaLink="true">LkVoZkJ12LU</guid><itunes:duration>887</itunes:duration><itunes:order>None</itunes:order></item><item><title>Dhammapada vv. 119 and 120: Ripening</title><description>119.
pāpopi passati bhadraṃ, yāva pāpaṃ na paccati.
yadā ca paccati pāpaṃ, atha pāpo pāpāni passati.

120.
bhadropi passati pāpaṃ, yāva bhadraṃ na paccati.
yadā ca paccati bhadraṃ, atha bhadro bhadrāni passati.

Part of a series on the Dhammapada, a set of 423 verse teachings given by the Buddha, including explanation of the Pali verse, a synopsis of the background story and application of the teaching to our practice.

&lt;b&gt;Original YouTube-Video:&lt;/b&gt; https://youtu.be/uQEsZw-QWdg
&lt;b&gt;For more information on the Dhammapada:&lt;/b&gt; http://www.buddhanet.net/e-learning/buddhism/dhammapada.htm
&lt;b&gt;Automatic Keywords:&lt;/b&gt; deeds, angels, evil, good, angel
</description><pubDate>Sat, 12 Dec 2015 03:54:51 GMT</pubDate><enclosure url="https://almedia.blob.core.windows.net/audio/uQEsZw-QWdg.mp3" length="0" type="audio/mpeg"></enclosure><guid isPermaLink="true">uQEsZw-QWdg</guid><itunes:duration>1829</itunes:duration><itunes:order>None</itunes:order></item><item><title>Dhammapada Verse 118: Accumulation of Goodnes</title><description>118.
puññañce puriso kayirā, kayirā naṃ punappunaṃ.
tamhi chandaṃ kayirātha, sukho puññassa uccayo.

Part of a series on the Dhammapada, a set of 423 verse teachings given by the Buddha, including explanation of the Pali verse, a synopsis of the background story and application of the teaching to our practice.

&lt;b&gt;Original YouTube-Video:&lt;/b&gt; https://youtu.be/1WbUh8iEkFE
&lt;b&gt;For more information on the Dhammapada:&lt;/b&gt; http://www.buddhanet.net/e-learning/buddhism/dhammapada.htm
&lt;b&gt;Automatic Keywords:&lt;/b&gt; kassapa, goodness, good, deeds, rice
</description><pubDate>Thu, 10 Dec 2015 11:53:47 GMT</pubDate><enclosure url="https://almedia.blob.core.windows.net/audio/1WbUh8iEkFE.mp3" length="0" type="audio/mpeg"></enclosure><guid isPermaLink="true">1WbUh8iEkFE</guid><itunes:duration>1762</itunes:duration><itunes:order>None</itunes:order></item><item><title>Dhammapada Verse 117: Accumulation of Evil</title><description>117.
pāpañce puriso kayirā, na naṃ kayirā punappunaṃ.
na tamhi chandaṃ kayirātha, dukkho pāpassa uccayo.

Part of a series on the Dhammapada, a set of 423 verse teachings given by the Buddha, including explanation of the Pali verse, a synopsis of the background story and application of the teaching to our practice.

&lt;b&gt;Original YouTube-Video:&lt;/b&gt; https://youtu.be/lYqrpeKokmM
&lt;b&gt;For more information on the Dhammapada:&lt;/b&gt; http://www.buddhanet.net/e-learning/buddhism/dhammapada.htm
&lt;b&gt;Automatic Keywords:&lt;/b&gt; just, pleasure, verse, deed, problem
</description><pubDate>Tue, 08 Dec 2015 03:08:54 GMT</pubDate><enclosure url="https://almedia.blob.core.windows.net/audio/lYqrpeKokmM.mp3" length="0" type="audio/mpeg"></enclosure><guid isPermaLink="true">lYqrpeKokmM</guid><itunes:duration>1389</itunes:duration><itunes:order>None</itunes:order></item><item><title>Dhammapada Verse 116: Hasten to Good</title><description>116.
abhittharetha kalyāṇe, pāpā cittaṃ nivāraye.
dandhañhi karoto puññaṃ, pāpasmiṃ ramatī mano.

Part of a series on the Dhammapada, a set of 423 verse teachings given by the Buddha, including explanation of the Pali verse, a synopsis of the background story and application of the teaching to our practice.

&lt;b&gt;Original YouTube-Video:&lt;/b&gt; https://youtu.be/b269e2tiUt4
&lt;b&gt;For more information on the Dhammapada:&lt;/b&gt; http://www.buddhanet.net/e-learning/buddhism/dhammapada.htm
&lt;b&gt;Automatic Keywords:&lt;/b&gt; cloth, king, gift, robe, conquered
</description><pubDate>Sat, 05 Dec 2015 14:26:40 GMT</pubDate><enclosure url="https://almedia.blob.core.windows.net/audio/b269e2tiUt4.mp3" length="0" type="audio/mpeg"></enclosure><guid isPermaLink="true">b269e2tiUt4</guid><itunes:duration>2587</itunes:duration><itunes:order>None</itunes:order></item><item><title>Dhammapada Verse 115: The Ultimate Truth</title><description>115.
yo ca vassasataṃ jīve, apassaṃ dhammamuttamaṃ.
ekāhaṃ jīvitaṃ seyyo, passato dhammamuttamaṃ.

Part of a series on the Dhammapada, a set of 423 verse teachings given by the Buddha, including explanation of the Pali verse, a synopsis of the background story and application of the teaching to our practice.

&lt;b&gt;Original YouTube-Video:&lt;/b&gt; https://youtu.be/egbCxzFCOJE
&lt;b&gt;For more information on the Dhammapada:&lt;/b&gt; http://www.buddhanet.net/e-learning/buddhism/dhammapada.htm
&lt;b&gt;Automatic Keywords:&lt;/b&gt; children, split, highest, wealth, daughters
</description><pubDate>Thu, 03 Dec 2015 03:28:52 GMT</pubDate><enclosure url="https://almedia.blob.core.windows.net/audio/egbCxzFCOJE.mp3" length="0" type="audio/mpeg"></enclosure><guid isPermaLink="true">egbCxzFCOJE</guid><itunes:duration>960</itunes:duration><itunes:order>None</itunes:order></item><item><title>Dhammapada Verse 114: Path to the Deathless</title><description>114.
yo ca vassasataṃ jīve, apassaṃ amataṃ padaṃ.
ekāhaṃ jīvitaṃ seyyo, passato amataṃ padaṃ.

Part of a series on the Dhammapada, a set of 423 verse teachings given by the Buddha, including explanation of the Pali verse, a synopsis of the background story and application of the teaching to our practice.

&lt;b&gt;Original YouTube-Video:&lt;/b&gt; https://youtu.be/zZjvhMmKvfw
&lt;b&gt;For more information on the Dhammapada:&lt;/b&gt; http://www.buddhanet.net/e-learning/buddhism/dhammapada.htm
&lt;b&gt;Automatic Keywords:&lt;/b&gt; death, mustard, deathless, seed, son
</description><pubDate>Tue, 01 Dec 2015 07:35:49 GMT</pubDate><enclosure url="https://almedia.blob.core.windows.net/audio/zZjvhMmKvfw.mp3" length="0" type="audio/mpeg"></enclosure><guid isPermaLink="true">zZjvhMmKvfw</guid><itunes:duration>1436</itunes:duration><itunes:order>None</itunes:order></item><item><title>Dhammapada Verse 113: The Rise and Fall</title><description>113.
yo ca vassasataṃ jīve, apassaṃ udayabbayaṃ.
ekāhaṃ jīvitaṃ seyyo, passato udayabbayaṃ.

Part of a series on the Dhammapada, a set of 423 verse teachings given by the Buddha, including explanation of the Pali verse, a synopsis of the background story and application of the teaching to our practice.

&lt;b&gt;Original YouTube-Video:&lt;/b&gt; https://youtu.be/atTEs7Lj-ig
&lt;b&gt;For more information on the Dhammapada:&lt;/b&gt; http://www.buddhanet.net/e-learning/buddhism/dhammapada.htm
&lt;b&gt;Automatic Keywords:&lt;/b&gt; husband, baby, crying, storm, water
</description><pubDate>Sat, 28 Nov 2015 12:25:01 GMT</pubDate><enclosure url="https://almedia.blob.core.windows.net/audio/atTEs7Lj-ig.mp3" length="0" type="audio/mpeg"></enclosure><guid isPermaLink="true">atTEs7Lj-ig</guid><itunes:duration>2505</itunes:duration><itunes:order>None</itunes:order></item><item><title>Dhammapada Verse 112: Steadfast Effort</title><description>112.
yo ca vassasataṃ jīve, kusīto hīnavīriyo.
ekāhaṃ jīvitaṃ seyyo, vīriyamārabhato daḷhaṃ.

Part of a series on the Dhammapada, a set of 423 verse teachings given by the Buddha, including explanation of the Pali verse, a synopsis of the background story and application of the teaching to our practice.

&lt;b&gt;Original YouTube-Video:&lt;/b&gt; https://youtu.be/ilkfVaF6H2I
&lt;b&gt;For more information on the Dhammapada:&lt;/b&gt; http://www.buddhanet.net/e-learning/buddhism/dhammapada.htm
&lt;b&gt;Automatic Keywords:&lt;/b&gt; snake, effort, jar, razor, monk
</description><pubDate>Thu, 26 Nov 2015 11:50:25 GMT</pubDate><enclosure url="https://almedia.blob.core.windows.net/audio/ilkfVaF6H2I.mp3" length="0" type="audio/mpeg"></enclosure><guid isPermaLink="true">ilkfVaF6H2I</guid><itunes:duration>1821</itunes:duration><itunes:order>None</itunes:order></item><item><title>Dhammapada Verse 111: WIse and Focused</title><description>111.
yo ca vassasataṃ jīve, duppañño asamāhito.
ekāhaṃ jīvitaṃ seyyo, paññavantassa jhāyino.

Part of a series on the Dhammapada, a set of 423 verse teachings given by the Buddha, including explanation of the Pali verse, a synopsis of the background story and application of the teaching to our practice.

&lt;b&gt;Original YouTube-Video:&lt;/b&gt; https://youtu.be/lyPXSS-FNQ8
&lt;b&gt;For more information on the Dhammapada:&lt;/b&gt; http://www.buddhanet.net/e-learning/buddhism/dhammapada.htm
&lt;b&gt;Automatic Keywords:&lt;/b&gt; bandits, sacks, sack, things, elder
</description><pubDate>Tue, 24 Nov 2015 07:35:09 GMT</pubDate><enclosure url="https://almedia.blob.core.windows.net/audio/lyPXSS-FNQ8.mp3" length="0" type="audio/mpeg"></enclosure><guid isPermaLink="true">lyPXSS-FNQ8</guid><itunes:duration>1163</itunes:duration><itunes:order>None</itunes:order></item><item><title>Dhammapada Verse 110: Ethics and Wisdom</title><description>110.
yo ca vassasataṃ jīve, dussīlo asamāhito.
ekāhaṃ jīvitaṃ seyyo, sīlavantassa jhāyino.

Part of a series on the Dhammapada, a set of 423 verse teachings given by the Buddha, including explanation of the Pali verse, a synopsis of the background story and application of the teaching to our practice.

&lt;b&gt;Original YouTube-Video:&lt;/b&gt; https://youtu.be/eUvH4MEZG_I
&lt;b&gt;For more information on the Dhammapada:&lt;/b&gt; http://www.buddhanet.net/e-learning/buddhism/dhammapada.htm
&lt;b&gt;Automatic Keywords:&lt;/b&gt; bandits, novice, bell, story, monks
</description><pubDate>Sat, 21 Nov 2015 16:31:17 GMT</pubDate><enclosure url="https://almedia.blob.core.windows.net/audio/eUvH4MEZG_I.mp3" length="0" type="audio/mpeg"></enclosure><guid isPermaLink="true">eUvH4MEZG_I</guid><itunes:duration>2825</itunes:duration><itunes:order>None</itunes:order></item><item><title>Dhammapada Verse 109: Reverential</title><description>109.
abhivādanasīlissa, niccaṃ vuḍḍhāpacāyino .
cattāro dhammā vaḍḍhanti, āyu vaṇṇo sukhaṃ balaṃ.

Part of a series on the Dhammapada, a set of 423 verse teachings given by the Buddha, including explanation of the Pali verse, a synopsis of the background story and application of the teaching to our practice.

&lt;b&gt;Original YouTube-Video:&lt;/b&gt; https://youtu.be/bAM1vof7XsY
&lt;b&gt;For more information on the Dhammapada:&lt;/b&gt; http://www.buddhanet.net/e-learning/buddhism/dhammapada.htm
&lt;b&gt;Automatic Keywords:&lt;/b&gt; respect, know, humility, angels, respectful
</description><pubDate>Thu, 19 Nov 2015 08:46:38 GMT</pubDate><enclosure url="https://almedia.blob.core.windows.net/audio/bAM1vof7XsY.mp3" length="0" type="audio/mpeg"></enclosure><guid isPermaLink="true">bAM1vof7XsY</guid><itunes:duration>1880</itunes:duration><itunes:order>None</itunes:order></item><item><title>Dhammapada Verse 108: The Upright</title><description>108.
yaṃ kiñci yiṭṭhaṃ va hutaṃ va loke, saṃvaccharaṃ yajetha puññapekkho.
sabbampi taṃ na catubhāgameti, abhivādanā ujjugatesu seyyo.

Part of a series on the Dhammapada, a set of 423 verse teachings given by the Buddha, including explanation of the Pali verse, a synopsis of the background story and application of the teaching to our practice.

&lt;b&gt;Original YouTube-Video:&lt;/b&gt; https://youtu.be/IpoAuasmOSA
&lt;b&gt;For more information on the Dhammapada:&lt;/b&gt; http://www.buddhanet.net/e-learning/buddhism/dhammapada.htm
&lt;b&gt;Automatic Keywords:&lt;/b&gt; spiritual, hanuman, quarter, money, respect
</description><pubDate>Thu, 12 Nov 2015 03:04:01 GMT</pubDate><enclosure url="https://almedia.blob.core.windows.net/audio/IpoAuasmOSA.mp3" length="0" type="audio/mpeg"></enclosure><guid isPermaLink="true">IpoAuasmOSA</guid><itunes:duration>1135</itunes:duration><itunes:order>None</itunes:order></item><item><title>Dhammapada Verse 107: A Better Moment</title><description>107.
yo ca vassasataṃ jantu, aggiṃ paricare vane.
ekañca bhāvitattānaṃ, muhuttamapi pūjaye.
sāyeva pūjanā seyyo, yañce vassasataṃ hutaṃ.

Part of a series on the Dhammapada, a set of 423 verse teachings given by the Buddha, including explanation of the Pali verse, a synopsis of the background story and application of the teaching to our practice.

&lt;b&gt;Original YouTube-Video:&lt;/b&gt; https://youtu.be/U6QS5oCZj-w
&lt;b&gt;For more information on the Dhammapada:&lt;/b&gt; http://www.buddhanet.net/e-learning/buddhism/dhammapada.htm
&lt;b&gt;Automatic Keywords:&lt;/b&gt; altar, goat, homage, just, pole
</description><pubDate>Tue, 10 Nov 2015 23:42:22 GMT</pubDate><enclosure url="https://almedia.blob.core.windows.net/audio/U6QS5oCZj-w.mp3" length="0" type="audio/mpeg"></enclosure><guid isPermaLink="true">U6QS5oCZj-w</guid><itunes:duration>1186</itunes:duration><itunes:order>None</itunes:order></item><item><title>Dhammapada Verse 106: A Greater Gift</title><description>106.
māse māse sahassena, yo yajetha sataṃ samaṃ.
ekañca bhāvitattānaṃ, muhuttamapi pūjaye.
sāyeva pūjanā seyyo, yañce vassasataṃ hutaṃ.

Part of a series on the Dhammapada, a set of 423 verse teachings given by the Buddha, including explanation of the Pali verse, a synopsis of the background story and application of the teaching to our practice.

&lt;b&gt;Original YouTube-Video:&lt;/b&gt; https://youtu.be/Xf_d_fMj5IM
&lt;b&gt;For more information on the Dhammapada:&lt;/b&gt; http://www.buddhanet.net/e-learning/buddhism/dhammapada.htm
&lt;b&gt;Automatic Keywords:&lt;/b&gt; gift, thousand, giving, money, naked
</description><pubDate>Sat, 07 Nov 2015 03:29:01 GMT</pubDate><enclosure url="https://almedia.blob.core.windows.net/audio/Xf_d_fMj5IM.mp3" length="0" type="audio/mpeg"></enclosure><guid isPermaLink="true">Xf_d_fMj5IM</guid><itunes:duration>1267</itunes:duration><itunes:order>None</itunes:order></item><item><title>Dhammapada Verse 104 &amp; 105: Unshakeable Victory</title><description>104.
attā have jitaṃ seyyo, yā cāyaṃ itarā pajā.
attadantassa posassa, niccaṃ saññatacārino.

105.
neva devo na gandhabbo, na māro saha brahmunā.
jitaṃ apajitaṃ kayirā, tathārūpassa jantuno.

Part of a series on the Dhammapada, a set of 423 verse teachings given by the Buddha, including explanation of the Pali verse, a synopsis of the background story and application of the teaching to our practice.

&lt;b&gt;Original YouTube-Video:&lt;/b&gt; https://youtu.be/7HEy1jOpOpg
&lt;b&gt;For more information on the Dhammapada:&lt;/b&gt; http://www.buddhanet.net/e-learning/buddhism/dhammapada.htm
&lt;b&gt;Automatic Keywords:&lt;/b&gt; victory, zombie, brahmin, gambling, conquest
</description><pubDate>Thu, 05 Nov 2015 03:05:44 GMT</pubDate><enclosure url="https://almedia.blob.core.windows.net/audio/7HEy1jOpOpg.mp3" length="0" type="audio/mpeg"></enclosure><guid isPermaLink="true">7HEy1jOpOpg</guid><itunes:duration>1353</itunes:duration><itunes:order>None</itunes:order></item><item><title>Dhammapada Verses 102 &amp; 103: Greater Conquest</title><description>102.
yo ca gāthā sataṃ bhāse, anatthapadasaṃhitā .
ekaṃ dhammapadaṃ seyyo, yaṃ sutvā upasammati.

103.
yo sahassaṃ sahassena, saṅgāme mānuse jine.
ekañca jeyyamattānaṃ, sa ve saṅgāmajuttamo.

Part of a series on the Dhammapada, a set of 423 verse teachings given by the Buddha, including explanation of the Pali verse, a synopsis of the background story and application of the teaching to our practice.

&lt;b&gt;Original YouTube-Video:&lt;/b&gt; https://youtu.be/DJjssr-IDzg
&lt;b&gt;For more information on the Dhammapada:&lt;/b&gt; http://www.buddhanet.net/e-learning/buddhism/dhammapada.htm
&lt;b&gt;Automatic Keywords:&lt;/b&gt; said, branch, husband, women, conquer
</description><pubDate>Tue, 03 Nov 2015 05:17:08 GMT</pubDate><enclosure url="https://almedia.blob.core.windows.net/audio/DJjssr-IDzg.mp3" length="0" type="audio/mpeg"></enclosure><guid isPermaLink="true">DJjssr-IDzg</guid><itunes:duration>2133</itunes:duration><itunes:order>None</itunes:order></item><item><title>Dhammapada Verse 101: A Single Verse</title><description>101.
sahassamapi ce gāthā, anatthapadasaṃhitā.
ekaṃ gāthāpadaṃ seyyo, yaṃ sutvā upasammati.

Part of a series on the Dhammapada, a set of 423 verse teachings given by the Buddha, including explanation of the Pali verse, a synopsis of the background story and application of the teaching to our practice.

&lt;b&gt;Original YouTube-Video:&lt;/b&gt; https://youtu.be/nHxTAykHXMY
&lt;b&gt;For more information on the Dhammapada:&lt;/b&gt; http://www.buddhanet.net/e-learning/buddhism/dhammapada.htm
&lt;b&gt;Automatic Keywords:&lt;/b&gt; bahia, just, verse, buddha, arahant
</description><pubDate>Sat, 31 Oct 2015 02:46:27 GMT</pubDate><enclosure url="https://almedia.blob.core.windows.net/audio/nHxTAykHXMY.mp3" length="0" type="audio/mpeg"></enclosure><guid isPermaLink="true">nHxTAykHXMY</guid><itunes:duration>2251</itunes:duration><itunes:order>None</itunes:order></item><item><title>Dhammapada Verse 100: One Word of Peace</title><description>100.
sahassamapi ce vācā, anatthapadasaṃhitā.
ekaṃ atthapadaṃ seyyo, yaṃ sutvā upasammati.

Part of a series on the Dhammapada, a set of 423 verse teachings given by the Buddha, including explanation of the Pali verse, a synopsis of the background story and application of the teaching to our practice.

&lt;b&gt;Original YouTube-Video:&lt;/b&gt; https://youtu.be/5IygFPYpuF0
&lt;b&gt;For more information on the Dhammapada:&lt;/b&gt; http://www.buddhanet.net/e-learning/buddhism/dhammapada.htm
&lt;b&gt;Automatic Keywords:&lt;/b&gt; bandits, executioner, evil, know, sorry
</description><pubDate>Fri, 30 Oct 2015 03:28:49 GMT</pubDate><enclosure url="https://almedia.blob.core.windows.net/audio/5IygFPYpuF0.mp3" length="0" type="audio/mpeg"></enclosure><guid isPermaLink="true">5IygFPYpuF0</guid><itunes:duration>3176</itunes:duration><itunes:order>None</itunes:order></item><item><title>Dhammapada Verse 99: Unpleasant Pleasure</title><description>99.
ramaṇīyāni araññāni, yattha na ramatī jano.
vītarāgā ramissanti, na te kāmagavesino.

Part of a series on the Dhammapada, a set of 423 verse teachings given by the Buddha, including explanation of the Pali verse, a synopsis of the background story and application of the teaching to our practice.

&lt;b&gt;Original YouTube-Video:&lt;/b&gt; https://youtu.be/xhHX2myo2bs
&lt;b&gt;For more information on the Dhammapada:&lt;/b&gt; http://www.buddhanet.net/e-learning/buddhism/dhammapada.htm
&lt;b&gt;Automatic Keywords:&lt;/b&gt; forest, pleasure, delightful, verse, client
</description><pubDate>Thu, 29 Oct 2015 02:21:16 GMT</pubDate><enclosure url="https://almedia.blob.core.windows.net/audio/xhHX2myo2bs.mp3" length="0" type="audio/mpeg"></enclosure><guid isPermaLink="true">xhHX2myo2bs</guid><itunes:duration>1714</itunes:duration><itunes:order>None</itunes:order></item><item><title>Dhammapada Verse 98: Delightful Place</title><description>98.
gāme vā yadi vāraññe, ninne vā yadi vā thale.
yattha arahanto viharanti, taṃ bhūmirāmaṇeyyakaṃ.

Part of a series on the Dhammapada, a set of 423 verse teachings given by the Buddha, including explanation of the Pali verse, a synopsis of the background story and application of the teaching to our practice.

&lt;b&gt;Original YouTube-Video:&lt;/b&gt; https://youtu.be/zaOheE_9SeY
&lt;b&gt;For more information on the Dhammapada:&lt;/b&gt; http://www.buddhanet.net/e-learning/buddhism/dhammapada.htm
&lt;b&gt;Automatic Keywords:&lt;/b&gt; place, live, said, monks, brother
</description><pubDate>Mon, 26 Oct 2015 04:38:36 GMT</pubDate><enclosure url="https://almedia.blob.core.windows.net/audio/zaOheE_9SeY.mp3" length="0" type="audio/mpeg"></enclosure><guid isPermaLink="true">zaOheE_9SeY</guid><itunes:duration>1181</itunes:duration><itunes:order>None</itunes:order></item><item><title>Dhammapada Verse 97: Faithless</title><description>97.
assaddho akataññū ca, sandhicchedo ca yo naro.
hatāvakāso vantāso, sa ve uttamaporiso.

Part of a series on the Dhammapada, a set of 423 verse teachings given by the Buddha, including explanation of the Pali verse, a synopsis of the background story and application of the teaching to our practice.

&lt;b&gt;Original YouTube-Video:&lt;/b&gt; https://youtu.be/M9ebC4xQmlg
&lt;b&gt;For more information on the Dhammapada:&lt;/b&gt; http://www.buddhanet.net/e-learning/buddhism/dhammapada.htm
&lt;b&gt;Automatic Keywords:&lt;/b&gt; faith, means, faculty, height, don
</description><pubDate>Sun, 25 Oct 2015 02:22:28 GMT</pubDate><enclosure url="https://almedia.blob.core.windows.net/audio/M9ebC4xQmlg.mp3" length="0" type="audio/mpeg"></enclosure><guid isPermaLink="true">M9ebC4xQmlg</guid><itunes:duration>1515</itunes:duration><itunes:order>None</itunes:order></item><item><title>Dhammapada Verse 96: Calmed</title><description>96.
santaṃ tassa manaṃ hoti, santā vācā ca kamma ca.
sammadaññā vimuttassa, upasantassa tādino.

Part of a series on the Dhammapada, a set of 423 verse teachings given by the Buddha, including explanation of the Pali verse, a synopsis of the background story and application of the teaching to our practice.

&lt;b&gt;Original YouTube-Video:&lt;/b&gt; https://youtu.be/QGxmK_FKROI
&lt;b&gt;For more information on the Dhammapada:&lt;/b&gt; http://www.buddhanet.net/e-learning/buddhism/dhammapada.htm
&lt;b&gt;Automatic Keywords:&lt;/b&gt; novice, elder, eye, says, fan
</description><pubDate>Sat, 24 Oct 2015 02:48:19 GMT</pubDate><enclosure url="https://almedia.blob.core.windows.net/audio/QGxmK_FKROI.mp3" length="0" type="audio/mpeg"></enclosure><guid isPermaLink="true">QGxmK_FKROI</guid><itunes:duration>1473</itunes:duration><itunes:order>None</itunes:order></item><item><title>Dhammapada Verse 95: Earth, Pillar, Lake</title><description>95.
pathavisamo no virujjhati, indakhilupamo tādi subbato.
rahadova apetakaddamo, saṃsārā na bhavanti tādino.

Part of a series on the Dhammapada, a set of 423 verse teachings given by the Buddha, including explanation of the Pali verse, a synopsis of the background story and application of the teaching to our practice.

&lt;b&gt;Original YouTube-Video:&lt;/b&gt; https://youtu.be/GuDgxyHifAs
&lt;b&gt;For more information on the Dhammapada:&lt;/b&gt; http://www.buddhanet.net/e-learning/buddhism/dhammapada.htm
&lt;b&gt;Automatic Keywords:&lt;/b&gt; sorry, like, buddha, earth, monk
</description><pubDate>Fri, 23 Oct 2015 15:31:05 GMT</pubDate><enclosure url="https://almedia.blob.core.windows.net/audio/GuDgxyHifAs.mp3" length="0" type="audio/mpeg"></enclosure><guid isPermaLink="true">GuDgxyHifAs</guid><itunes:duration>1877</itunes:duration><itunes:order>None</itunes:order></item><item><title>Dhammapada Verse 94: Well-Trained Horses</title><description>94.
yassindriyāni samathaṅgatāni, assā yathā sārathinā sudantā.
pahīnamānassa anāsavassa, devāpi tassa pihayanti tādino.

Part of a series on the Dhammapada, a set of 423 verse teachings given by the Buddha, including explanation of the Pali verse, a synopsis of the background story and application of the teaching to our practice.

&lt;b&gt;Original YouTube-Video:&lt;/b&gt; https://youtu.be/U-KmNDb_3sc
&lt;b&gt;For more information on the Dhammapada:&lt;/b&gt; http://www.buddhanet.net/e-learning/buddhism/dhammapada.htm
&lt;b&gt;Automatic Keywords:&lt;/b&gt; respect, emulate, faculties, just, people
</description><pubDate>Thu, 22 Oct 2015 03:07:48 GMT</pubDate><enclosure url="https://almedia.blob.core.windows.net/audio/U-KmNDb_3sc.mp3" length="0" type="audio/mpeg"></enclosure><guid isPermaLink="true">U-KmNDb_3sc</guid><itunes:duration>1384</itunes:duration><itunes:order>None</itunes:order></item><item><title>Dhammapada Verse 93: Untainted</title><description>93.
yassāsavā parikkhīṇā, āhāre ca anissito.
suññato animitto ca, vimokkho yassa gocaro.
ākāse va sakuntānaṃ, padaṃ tassa durannayaṃ.

Part of a series on the Dhammapada, a set of 423 verse teachings given by the Buddha, including explanation of the Pali verse, a synopsis of the background story and application of the teaching to our practice.

&lt;b&gt;Original YouTube-Video:&lt;/b&gt; https://youtu.be/XWjWtnHS3cM
&lt;b&gt;For more information on the Dhammapada:&lt;/b&gt; http://www.buddhanet.net/e-learning/buddhism/dhammapada.htm
&lt;b&gt;Automatic Keywords:&lt;/b&gt; food, know, cloth, liberation, neruda
</description><pubDate>Tue, 20 Oct 2015 02:14:17 GMT</pubDate><enclosure url="https://almedia.blob.core.windows.net/audio/XWjWtnHS3cM.mp3" length="0" type="audio/mpeg"></enclosure><guid isPermaLink="true">XWjWtnHS3cM</guid><itunes:duration>1302</itunes:duration><itunes:order>None</itunes:order></item><item><title>Dhammapada Verse 92: Leaving No Trace</title><description>92.
yesaṃ sannicayo natthi, ye pariññātabhojanā.
suññato animitto ca, vimokkho yesaṃ gocaro.
ākāse va sakuntānaṃ, gati tesaṃ durannayā.

Part of a series on the Dhammapada, a set of 423 verse teachings given by the Buddha, including explanation of the Pali verse, a synopsis of the background story and application of the teaching to our practice.

&lt;b&gt;Original YouTube-Video:&lt;/b&gt; https://youtu.be/btdYHpJHBLM
&lt;b&gt;For more information on the Dhammapada:&lt;/b&gt; http://www.buddhanet.net/e-learning/buddhism/dhammapada.htm
&lt;b&gt;Automatic Keywords:&lt;/b&gt; food, storing, know, just, eat
</description><pubDate>Mon, 19 Oct 2015 03:55:44 GMT</pubDate><enclosure url="https://almedia.blob.core.windows.net/audio/btdYHpJHBLM.mp3" length="0" type="audio/mpeg"></enclosure><guid isPermaLink="true">btdYHpJHBLM</guid><itunes:duration>1787</itunes:duration><itunes:order>None</itunes:order></item><item><title>Dhammapada Verse 91: Like A Swan</title><description>91.
uyyuñjanti satīmanto, na nikete ramanti te.
haṃsāva pallalaṃ hitvā, okamokaṃ jahanti te.

Part of a series on the Dhammapada, a set of 423 verse teachings given by the Buddha, including explanation of the Pali verse, a synopsis of the background story and application of the teaching to our practice.

&lt;b&gt;Original YouTube-Video:&lt;/b&gt; https://youtu.be/M05X8OG6tX0
&lt;b&gt;For more information on the Dhammapada:&lt;/b&gt; http://www.buddhanet.net/e-learning/buddhism/dhammapada.htm
&lt;b&gt;Automatic Keywords:&lt;/b&gt; kassapa, lake, maha, mindful, buddha
</description><pubDate>Sun, 18 Oct 2015 02:37:06 GMT</pubDate><enclosure url="https://almedia.blob.core.windows.net/audio/M05X8OG6tX0.mp3" length="0" type="audio/mpeg"></enclosure><guid isPermaLink="true">M05X8OG6tX0</guid><itunes:duration>1383</itunes:duration><itunes:order>None</itunes:order></item><item><title>Dhammapada Verse 90: Distress</title><description>90.
gataddhino visokassa, vippamuttassa sabbadhi.
sabbaganthappahīnassa, pariḷāho na vijjati.

Part of a series on the Dhammapada, a set of 423 verse teachings given by the Buddha, including explanation of the Pali verse, a synopsis of the background story and application of the teaching to our practice.

&lt;b&gt;Original YouTube-Video:&lt;/b&gt; https://youtu.be/NCmYTulIdxw
&lt;b&gt;For more information on the Dhammapada:&lt;/b&gt; http://www.buddhanet.net/e-learning/buddhism/dhammapada.htm
&lt;b&gt;Automatic Keywords:&lt;/b&gt; fever, distressed, buddha, distress, journey
</description><pubDate>Sat, 17 Oct 2015 07:11:22 GMT</pubDate><enclosure url="https://almedia.blob.core.windows.net/audio/NCmYTulIdxw.mp3" length="0" type="audio/mpeg"></enclosure><guid isPermaLink="true">NCmYTulIdxw</guid><itunes:duration>1265</itunes:duration><itunes:order>None</itunes:order></item><item><title>Dhammapada Verses 87-89: Brilliant</title><description>87.
“kaṇhaṃ dhammaṃ vippahāya, sukkaṃ bhāvetha paṇḍito.
okā anokamāgamma, viveke yattha dūramaṃ.

88.
“tatrābhiratimiccheyya, hitvā kāme akiñcano.
pariyodapeyya attānaṃ, cittaklesehi paṇḍito.

89.
“yesaṃ sambodhiyaṅgesu, sammā cittaṃ subhāvitaṃ.
ādānapaṭinissagge, anupādāya ye ratā.
khīṇāsavā jutimanto, te loke parinibbutā”ti.

Part of a series on the Dhammapada, a set of 423 verse teachings given by the Buddha, including explanation of the Pali verse, a synopsis of the background story and application of the teaching to our practice.

&lt;b&gt;Original YouTube-Video:&lt;/b&gt; https://youtu.be/lZ0_5_Klnco
&lt;b&gt;For more information on the Dhammapada:&lt;/b&gt; http://www.buddhanet.net/e-learning/buddhism/dhammapada.htm
&lt;b&gt;Automatic Keywords:&lt;/b&gt; black, white, mind, things, possessions
</description><pubDate>Thu, 15 Oct 2015 02:33:28 GMT</pubDate><enclosure url="https://almedia.blob.core.windows.net/audio/lZ0_5_Klnco.mp3" length="0" type="audio/mpeg"></enclosure><guid isPermaLink="true">lZ0_5_Klnco</guid><itunes:duration>1363</itunes:duration><itunes:order>None</itunes:order></item><item><title>Dhammapada Verses 85 and 86: Crossing Over</title><description>85.
appakā te manussesu, ye janā pāragāmino.
athāyaṃ itarā pajā, tīramevānudhāvati.

86.
ye ca kho sammadakkhāte, dhamme dhammānuvattino.
te janā pāramessanti, maccudheyyaṃ suduttaraṃ.

Part of a series on the Dhammapada, a set of 423 verse teachings given by the Buddha, including explanation of the Pali verse, a synopsis of the background story and application of the teaching to our practice.

&lt;b&gt;Original YouTube-Video:&lt;/b&gt; https://youtu.be/OAzvFWGKj18
&lt;b&gt;For more information on the Dhammapada:&lt;/b&gt; http://www.buddhanet.net/e-learning/buddhism/dhammapada.htm
&lt;b&gt;Automatic Keywords:&lt;/b&gt; shore, cross, bars, rise, people
</description><pubDate>Wed, 14 Oct 2015 02:50:24 GMT</pubDate><enclosure url="https://almedia.blob.core.windows.net/audio/OAzvFWGKj18.mp3" length="0" type="audio/mpeg"></enclosure><guid isPermaLink="true">OAzvFWGKj18</guid><itunes:duration>1169</itunes:duration><itunes:order>None</itunes:order></item><item><title>Dhammapada Verse 84: Not For Oneself Or Another</title><description>84.
na attahetu na parassa hetu, na puttamicche na dhanaṃ na raṭṭhaṃ.
na iccheyya adhammena samiddhimattano, sa sīlavā paññavā dhammiko siyā.

Part of a series on the Dhammapada, a set of 423 verse teachings given by the Buddha, including explanation of the Pali verse, a synopsis of the background story and application of the teaching to our practice.

&lt;b&gt;Original YouTube-Video:&lt;/b&gt; https://youtu.be/h0OyNmS39Bc
&lt;b&gt;For more information on the Dhammapada:&lt;/b&gt; http://www.buddhanet.net/e-learning/buddhism/dhammapada.htm
&lt;b&gt;Automatic Keywords:&lt;/b&gt; wife, criticize, success, arya, dhamma
</description><pubDate>Tue, 13 Oct 2015 03:08:31 GMT</pubDate><enclosure url="https://almedia.blob.core.windows.net/audio/h0OyNmS39Bc.mp3" length="0" type="audio/mpeg"></enclosure><guid isPermaLink="true">h0OyNmS39Bc</guid><itunes:duration>1307</itunes:duration><itunes:order>None</itunes:order></item><item><title>Dhammapada Verse 83: Touched</title><description>83.
sabbattha ve sappurisā cajanti, na kāmakāmā lapayanti santo.
sukhena phuṭṭhā atha vā dukhena, na uccāvacaṃ paṇḍitā dassayanti.

Part of a series on the Dhammapada, a set of 423 verse teachings given by the Buddha, including explanation of the Pali verse, a synopsis of the background story and application of the teaching to our practice.

&lt;b&gt;Original YouTube-Video:&lt;/b&gt; https://youtu.be/AiM4B33_m20
&lt;b&gt;For more information on the Dhammapada:&lt;/b&gt; http://www.buddhanet.net/e-learning/buddhism/dhammapada.htm
&lt;b&gt;Automatic Keywords:&lt;/b&gt; hardship, beggars, zombie, great, lows
</description><pubDate>Mon, 12 Oct 2015 03:17:26 GMT</pubDate><enclosure url="https://almedia.blob.core.windows.net/audio/AiM4B33_m20.mp3" length="0" type="audio/mpeg"></enclosure><guid isPermaLink="true">AiM4B33_m20</guid><itunes:duration>1340</itunes:duration><itunes:order>None</itunes:order></item><item><title>Dhammapada Verse 82: A Still Pool</title><description>82.
yathāpi rahado gambhīro, vippasanno anāvilo.
evaṃ dhammāni sutvāna, vippasīdanti paṇḍitā.

Part of a series on the Dhammapada, a set of 423 verse teachings given by the Buddha, including explanation of the Pali verse, a synopsis of the background story and application of the teaching to our practice.

&lt;b&gt;Original YouTube-Video:&lt;/b&gt; https://youtu.be/lAD-SF9ls2Y
&lt;b&gt;For more information on the Dhammapada:&lt;/b&gt; http://www.buddhanet.net/e-learning/buddhism/dhammapada.htm
&lt;b&gt;Automatic Keywords:&lt;/b&gt; cake, husband, baked, mother, dhamma
</description><pubDate>Sun, 11 Oct 2015 02:45:33 GMT</pubDate><enclosure url="https://almedia.blob.core.windows.net/audio/lAD-SF9ls2Y.mp3" length="0" type="audio/mpeg"></enclosure><guid isPermaLink="true">lAD-SF9ls2Y</guid><itunes:duration>1067</itunes:duration><itunes:order>None</itunes:order></item><item><title>Dhammapada Verse 81: Unshakable</title><description>81.
selo yathā ekaghano, vātena na samīrati.
evaṃ nindāpasaṃsāsu, na samiñjanti paṇḍitā.

Part of a series on the Dhammapada, a set of 423 verse teachings given by the Buddha, including explanation of the Pali verse, a synopsis of the background story and application of the teaching to our practice.

&lt;b&gt;Original YouTube-Video:&lt;/b&gt; https://youtu.be/x1hOksr-8x0
&lt;b&gt;For more information on the Dhammapada:&lt;/b&gt; http://www.buddhanet.net/e-learning/buddhism/dhammapada.htm
&lt;b&gt;Automatic Keywords:&lt;/b&gt; praise, react, blame, waver, like
</description><pubDate>Fri, 09 Oct 2015 02:22:44 GMT</pubDate><enclosure url="https://almedia.blob.core.windows.net/audio/x1hOksr-8x0.mp3" length="0" type="audio/mpeg"></enclosure><guid isPermaLink="true">x1hOksr-8x0</guid><itunes:duration>916</itunes:duration><itunes:order>None</itunes:order></item><item><title>Dhammapada Verse 80: Direction</title><description>80.
udakañhi nayanti nettikā, usukārā namayanti tejanaṃ.
dāruṃ namayanti tacchakā, attānaṃ damayanti paṇḍitā.

Part of a series on the Dhammapada, a set of 423 verse teachings given by the Buddha, including explanation of the Pali verse, a synopsis of the background story and application of the teaching to our practice.

&lt;b&gt;Original YouTube-Video:&lt;/b&gt; https://youtu.be/SGD2xas1uuU
&lt;b&gt;For more information on the Dhammapada:&lt;/b&gt; http://www.buddhanet.net/e-learning/buddhism/dhammapada.htm
&lt;b&gt;Automatic Keywords:&lt;/b&gt; fish, man, straightening, goodness, says
</description><pubDate>Thu, 08 Oct 2015 04:24:23 GMT</pubDate><enclosure url="https://almedia.blob.core.windows.net/audio/SGD2xas1uuU.mp3" length="0" type="audio/mpeg"></enclosure><guid isPermaLink="true">SGD2xas1uuU</guid><itunes:duration>1966</itunes:duration><itunes:order>None</itunes:order></item><item><title>Dhammapada Verse 79: What Happiness!</title><description>79.
dhammapīti sukhaṃ seti, vippasannena cetasā.
ariyappavedite dhamme, sadā ramati paṇḍito.

Part of a series on the Dhammapada, a set of 423 verse teachings given by the Buddha, including explanation of the Pali verse, a synopsis of the background story and application of the teaching to our practice.

&lt;b&gt;Original YouTube-Video:&lt;/b&gt; https://youtu.be/6YLMomQQLA0
&lt;b&gt;For more information on the Dhammapada:&lt;/b&gt; http://www.buddhanet.net/e-learning/buddhism/dhammapada.htm
&lt;b&gt;Automatic Keywords:&lt;/b&gt; None
</description><pubDate>Wed, 07 Oct 2015 03:43:34 GMT</pubDate><enclosure url="https://almedia.blob.core.windows.net/audio/6YLMomQQLA0.mp3" length="0" type="audio/mpeg"></enclosure><guid isPermaLink="true">6YLMomQQLA0</guid><itunes:duration>2212</itunes:duration><itunes:order>None</itunes:order></item><item><title>Dhammapada Verse 78: Associate With the Highest</title><description>78.
na bhaje pāpake mitte, na bhaje purisādhame.
bhajetha mitte kalyāṇe, bhajetha purisuttame.

Part of a series on the Dhammapada, a set of 423 verse teachings given by the Buddha, including explanation of the Pali verse, a synopsis of the background story and application of the teaching to our practice.

&lt;b&gt;Original YouTube-Video:&lt;/b&gt; https://youtu.be/mq-wdHqs9RY
&lt;b&gt;For more information on the Dhammapada:&lt;/b&gt; http://www.buddhanet.net/e-learning/buddhism/dhammapada.htm
&lt;b&gt;Automatic Keywords:&lt;/b&gt; china, seniority, buddha, punishment, associate
</description><pubDate>Tue, 06 Oct 2015 02:23:58 GMT</pubDate><enclosure url="https://almedia.blob.core.windows.net/audio/mq-wdHqs9RY.mp3" length="0" type="audio/mpeg"></enclosure><guid isPermaLink="true">mq-wdHqs9RY</guid><itunes:duration>1127</itunes:duration><itunes:order>None</itunes:order></item><item><title>Dhammapada Verse 77: One Should Teach</title><description>77.
ovadeyyānusāseyya, asabbhā ca nivāraye.
satañhi so piyo hoti, asataṃ hoti appiyo.

Part of a series on the Dhammapada, a set of 423 verse teachings given by the Buddha, including explanation of the Pali verse, a synopsis of the background story and application of the teaching to our practice.

&lt;b&gt;Original YouTube-Video:&lt;/b&gt; https://youtu.be/7sRqd-nKbLI
&lt;b&gt;For more information on the Dhammapada:&lt;/b&gt; http://www.buddhanet.net/e-learning/buddhism/dhammapada.htm
&lt;b&gt;Automatic Keywords:&lt;/b&gt; flowers, follow, heart, spoon, teach
</description><pubDate>Mon, 05 Oct 2015 03:14:46 GMT</pubDate><enclosure url="https://almedia.blob.core.windows.net/audio/7sRqd-nKbLI.mp3" length="0" type="audio/mpeg"></enclosure><guid isPermaLink="true">7sRqd-nKbLI</guid><itunes:duration>1147</itunes:duration><itunes:order>None</itunes:order></item><item><title>Dhammapada Verse 76: Revealing Treasure</title><description>76.
nidhīnaṃva pavattāraṃ, yaṃ passe vajjadassinaṃ.
niggayhavādiṃ medhāviṃ, tādisaṃ paṇḍitaṃ bhaje.
tādisaṃ bhajamānassa, seyyo hoti na pāpiyo.

Part of a series on the Dhammapada, a set of 423 verse teachings given by the Buddha, including explanation of the Pali verse, a synopsis of the background story and application of the teaching to our practice.

&lt;b&gt;Original YouTube-Video:&lt;/b&gt; https://youtu.be/RXsoIIBeTh0
&lt;b&gt;For more information on the Dhammapada:&lt;/b&gt; http://www.buddhanet.net/e-learning/buddhism/dhammapada.htm
&lt;b&gt;Automatic Keywords:&lt;/b&gt; criticism, faults, fault, student, radha
</description><pubDate>Wed, 08 Jul 2015 05:36:40 GMT</pubDate><enclosure url="https://almedia.blob.core.windows.net/audio/RXsoIIBeTh0.mp3" length="0" type="audio/mpeg"></enclosure><guid isPermaLink="true">RXsoIIBeTh0</guid><itunes:duration>1431</itunes:duration><itunes:order>None</itunes:order></item><item><title>Dhammapada Verse 75: Two Different Paths</title><description>75.
aññā hi lābhūpanisā, aññā nibbānagāminī.
evametaṃ abhiññāya, bhikkhu buddhassa sāvako.
sakkāraṃ nābhinandeyya, vivekamanubrūhaye.

Part of a series on the Dhammapada, a set of 423 verse teachings given by the Buddha, including explanation of the Pali verse, a synopsis of the background story and application of the teaching to our practice.

&lt;b&gt;Original YouTube-Video:&lt;/b&gt; https://youtu.be/UD-iWHfq-hY
&lt;b&gt;For more information on the Dhammapada:&lt;/b&gt; http://www.buddhanet.net/e-learning/buddhism/dhammapada.htm
&lt;b&gt;Automatic Keywords:&lt;/b&gt; seclusion, disa, gain, people, elder
</description><pubDate>Thu, 25 Jun 2015 17:54:43 GMT</pubDate><enclosure url="https://almedia.blob.core.windows.net/audio/UD-iWHfq-hY.mp3" length="0" type="audio/mpeg"></enclosure><guid isPermaLink="true">UD-iWHfq-hY</guid><itunes:duration>1527</itunes:duration><itunes:order>None</itunes:order></item><item><title>Dhammapada Verses 73 &amp; 74: Ambition and Conceit</title><description>73.
asantaṃ bhāvanamiccheyya, purekkhārañca bhikkhusu.
āvāsesu ca issariyaṃ, pūjā parakulesu ca.

74.
mameva kata maññantu, gihīpabbajitā ubho.
mamevātivasā assu, kiccākiccesu kismici.
iti bālassa saṅkappo, icchā māno ca vaḍḍhati.

Part of a series on the Dhammapada, a set of 423 verse teachings given by the Buddha, including explanation of the Pali verse, a synopsis of the background story and application of the teaching to our practice.

&lt;b&gt;Original YouTube-Video:&lt;/b&gt; https://youtu.be/MvpmKbbUjP4
&lt;b&gt;For more information on the Dhammapada:&lt;/b&gt; http://www.buddhanet.net/e-learning/buddhism/dhammapada.htm
&lt;b&gt;Automatic Keywords:&lt;/b&gt; sudama, people, buddha, ambition, mindfully
</description><pubDate>Tue, 23 Jun 2015 02:46:21 GMT</pubDate><enclosure url="https://almedia.blob.core.windows.net/audio/MvpmKbbUjP4.mp3" length="0" type="audio/mpeg"></enclosure><guid isPermaLink="true">MvpmKbbUjP4</guid><itunes:duration>1500</itunes:duration><itunes:order>None</itunes:order></item><item><title>Dhammapada Verse 72: A Crushed Head</title><description>72.
yāvadeva anatthāya, ñattaṃ bālassa jāyati.
hanti bālassa sukkaṃsaṃ, muddhamassa vipātayaṃ.

Part of a series on the Dhammapada, a set of 423 verse teachings given by the Buddha, including explanation of the Pali verse, a synopsis of the background story and application of the teaching to our practice.

&lt;b&gt;Original YouTube-Video:&lt;/b&gt; https://youtu.be/BN8c_uOYzHA
&lt;b&gt;For more information on the Dhammapada:&lt;/b&gt; http://www.buddhanet.net/e-learning/buddhism/dhammapada.htm
&lt;b&gt;Automatic Keywords:&lt;/b&gt; cripple, knowledge, shoot, hammers, mouth
</description><pubDate>Wed, 04 Mar 2015 08:51:32 GMT</pubDate><enclosure url="https://almedia.blob.core.windows.net/audio/BN8c_uOYzHA.mp3" length="0" type="audio/mpeg"></enclosure><guid isPermaLink="true">BN8c_uOYzHA</guid><itunes:duration>1414</itunes:duration><itunes:order>None</itunes:order></item><item><title>Dhammapada Verse 71: Curdled Milk</title><description>71.
na hi pāpaṃ kataṃ kammaṃ, sajju khīraṃva muccati.
ḍahantaṃ bālamanveti, bhasmacchannova pāvako.

Part of a series on the Dhammapada, a set of 423 verse teachings given by the Buddha, including explanation of the Pali verse, a synopsis of the background story and application of the teaching to our practice.

&lt;b&gt;Original YouTube-Video:&lt;/b&gt; https://youtu.be/2pgZDa6vq-w
&lt;b&gt;For more information on the Dhammapada:&lt;/b&gt; http://www.buddhanet.net/e-learning/buddhism/dhammapada.htm
&lt;b&gt;Automatic Keywords:&lt;/b&gt; crow, snake, ghost, just, know
</description><pubDate>Fri, 27 Feb 2015 04:59:06 GMT</pubDate><enclosure url="https://almedia.blob.core.windows.net/audio/2pgZDa6vq-w.mp3" length="0" type="audio/mpeg"></enclosure><guid isPermaLink="true">2pgZDa6vq-w</guid><itunes:duration>1939</itunes:duration><itunes:order>None</itunes:order></item><item><title>Dhammapada Verse 70: A Blade of Grass</title><description>70.
māse māse kusaggena, bālo bhuñjeyya bhojanaṃ.
na so saṅkhātadhammānaṃ, kalaṃ agghati soḷasiṃ.

Part of a series on the Dhammapada, a set of 423 verse teachings given by the Buddha, including explanation of the Pali verse, a synopsis of the background story and application of the teaching to our practice.

&lt;b&gt;Original YouTube-Video:&lt;/b&gt; https://youtu.be/axWW8qWjiRQ
&lt;b&gt;For more information on the Dhammapada:&lt;/b&gt; http://www.buddhanet.net/e-learning/buddhism/dhammapada.htm
&lt;b&gt;Automatic Keywords:&lt;/b&gt; asceticism, excrement, food, grass, blade
</description><pubDate>Tue, 28 Oct 2014 12:03:35 GMT</pubDate><enclosure url="https://almedia.blob.core.windows.net/audio/axWW8qWjiRQ.mp3" length="0" type="audio/mpeg"></enclosure><guid isPermaLink="true">axWW8qWjiRQ</guid><itunes:duration>1853</itunes:duration><itunes:order>None</itunes:order></item><item><title>Dhammapada Verse 69: Honeyed Evil</title><description>69.
madhuvā maññati bālo, yāva pāpaṃ na paccati.
yadā ca paccati pāpaṃ, bālo dukkhaṃ nigacchati.

Part of a series on the Dhammapada, a set of 423 verse teachings given by the Buddha, including explanation of the Pali verse, a synopsis of the background story and application of the teaching to our practice.

&lt;b&gt;Original YouTube-Video:&lt;/b&gt; https://youtu.be/vMDuNWZBXxM
&lt;b&gt;For more information on the Dhammapada:&lt;/b&gt; http://www.buddhanet.net/e-learning/buddhism/dhammapada.htm
&lt;b&gt;Automatic Keywords:&lt;/b&gt; poison, desire, sweet, fruit, want
</description><pubDate>Fri, 18 Jul 2014 23:28:53 GMT</pubDate><enclosure url="https://almedia.blob.core.windows.net/audio/vMDuNWZBXxM.mp3" length="0" type="audio/mpeg"></enclosure><guid isPermaLink="true">vMDuNWZBXxM</guid><itunes:duration>1879</itunes:duration><itunes:order>None</itunes:order></item><item><title>Dhammapada Verse 68: Delightful Fruit</title><description>68.
Tañca kammaṃ kataṃ sādhu, yaṃ katvā nānutappati;
Yassa patīto sumano, vipākaṃ paṭisevati.

Part of a series on the Dhammapada, a set of 423 verse teachings given by the Buddha, including explanation of the Pali verse, a synopsis of the background story and application of the teaching to our practice.

&lt;b&gt;Original YouTube-Video:&lt;/b&gt; https://youtu.be/oOsGOdP9pjM
&lt;b&gt;For more information on the Dhammapada:&lt;/b&gt; http://www.buddhanet.net/e-learning/buddhism/dhammapada.htm
&lt;b&gt;Automatic Keywords:&lt;/b&gt; flowers, king, deeds, gardener, buddha
</description><pubDate>Thu, 22 May 2014 00:01:13 GMT</pubDate><enclosure url="https://almedia.blob.core.windows.net/audio/oOsGOdP9pjM.mp3" length="0" type="audio/mpeg"></enclosure><guid isPermaLink="true">oOsGOdP9pjM</guid><itunes:duration>1340</itunes:duration><itunes:order>None</itunes:order></item><item><title>Dhammapada Verse 67: Burnt By The Fruit</title><description>67.
na taṃ kammaṃ kataṃ sādhu, yaṃ katvā anutappati;
Yassa assumukho rodaṃ, vipākaṃ paṭisevati.

Part of a series on the Dhammapada, a set of 423 verse teachings given by the Buddha, including explanation of the Pali verse, a synopsis of the background story and application of the teaching to our practice.

&lt;b&gt;Original YouTube-Video:&lt;/b&gt; https://youtu.be/yaGXA3vdEvw
&lt;b&gt;For more information on the Dhammapada:&lt;/b&gt; http://www.buddhanet.net/e-learning/buddhism/dhammapada.htm
&lt;b&gt;Automatic Keywords:&lt;/b&gt; farmer, suffering, field, snake, poisonous
</description><pubDate>Thu, 01 May 2014 21:50:44 GMT</pubDate><enclosure url="https://almedia.blob.core.windows.net/audio/yaGXA3vdEvw.mp3" length="0" type="audio/mpeg"></enclosure><guid isPermaLink="true">yaGXA3vdEvw</guid><itunes:duration>1547</itunes:duration><itunes:order>None</itunes:order></item><item><title>Dhammapada Verse 66: Bitter Fruit</title><description>66.
Caranti bālā dummedhā, amitteneva attanā;
Karontā pāpakaṃ kammaṃ, yaṃ hoti kaṭukapphalaṃ.

Part of a series on the Dhammapada, a set of 423 verse teachings given by the Buddha, including explanation of the Pali verse, a synopsis of the background story and application of the teaching to our practice.

&lt;b&gt;Original YouTube-Video:&lt;/b&gt; https://youtu.be/V8_eFIh6ASw
&lt;b&gt;For more information on the Dhammapada:&lt;/b&gt; http://www.buddhanet.net/e-learning/buddhism/dhammapada.htm
&lt;b&gt;Automatic Keywords:&lt;/b&gt; buddha, wealth, super, bad, leper
</description><pubDate>Thu, 17 Apr 2014 22:32:58 GMT</pubDate><enclosure url="https://almedia.blob.core.windows.net/audio/V8_eFIh6ASw.mp3" length="0" type="audio/mpeg"></enclosure><guid isPermaLink="true">V8_eFIh6ASw</guid><itunes:duration>1652</itunes:duration><itunes:order>None</itunes:order></item><item><title>Dhammapada Verse 65: Tongue Tasting Soup</title><description>65.
muhuttamapi ce viññū, paṇḍitaṃ payirupāsati.
khippaṃ dhammaṃ vijānāti, jivhā sūparasaṃ yathā.

Part of a series on the Dhammapada, a set of 423 verse teachings given by the Buddha, including explanation of the Pali verse, a synopsis of the background story and application of the teaching to our practice.

&lt;b&gt;Original YouTube-Video:&lt;/b&gt; https://youtu.be/i2UwB-l6CGM
&lt;b&gt;For more information on the Dhammapada:&lt;/b&gt; http://www.buddhanet.net/e-learning/buddhism/dhammapada.htm
&lt;b&gt;Automatic Keywords:&lt;/b&gt; spoon, teaching, courtesan, buddha, understand
</description><pubDate>Sat, 30 Nov 2013 03:21:37 GMT</pubDate><enclosure url="https://almedia.blob.core.windows.net/audio/i2UwB-l6CGM.mp3" length="0" type="audio/mpeg"></enclosure><guid isPermaLink="true">i2UwB-l6CGM</guid><itunes:duration>1207</itunes:duration><itunes:order>None</itunes:order></item><item><title>Dhammapada Verse 64: A Spoon Can't Taste Soup</title><description>64.
Yāvajīvampi ce bālo, paṇḍitaṃ payirupāsati;
Na so dhammaṃ vijānāti, dabbī sūparasaṃ yathā.

Part of a series on the Dhammapada, a set of 423 verse teachings given by the Buddha, including explanation of the Pali verse, a synopsis of the background story and application of the teaching to our practice.

&lt;b&gt;Original YouTube-Video:&lt;/b&gt; https://youtu.be/eM-8DgJFiK0
&lt;b&gt;For more information on the Dhammapada:&lt;/b&gt; http://www.buddhanet.net/e-learning/buddhism/dhammapada.htm
&lt;b&gt;Automatic Keywords:&lt;/b&gt; soup, spoon, fool, monks, teaching
</description><pubDate>Sat, 23 Nov 2013 02:22:31 GMT</pubDate><enclosure url="https://almedia.blob.core.windows.net/audio/eM-8DgJFiK0.mp3" length="0" type="audio/mpeg"></enclosure><guid isPermaLink="true">eM-8DgJFiK0</guid><itunes:duration>848</itunes:duration><itunes:order>None</itunes:order></item><item><title>Dhammapada Verse 63: Wise Fools</title><description>63.
Yo bālo maññati bālyaṃ, paṇḍito vāpi tena so;
Bālo ca paṇḍitamānī, sa ve ''bālo''ti vuccati.

Part of a series on the Dhammapada, a set of 423 verse teachings given by the Buddha, including explanation of the Pali verse, a synopsis of the background story and application of the teaching to our practice.

&lt;b&gt;Original YouTube-Video:&lt;/b&gt; https://youtu.be/iM7Q8mWttrU
&lt;b&gt;For more information on the Dhammapada:&lt;/b&gt; http://www.buddhanet.net/e-learning/buddhism/dhammapada.htm
&lt;b&gt;Automatic Keywords:&lt;/b&gt; fool, foolish, deeds, thief, know
</description><pubDate>Sat, 16 Nov 2013 03:37:57 GMT</pubDate><enclosure url="https://almedia.blob.core.windows.net/audio/iM7Q8mWttrU.mp3" length="0" type="audio/mpeg"></enclosure><guid isPermaLink="true">iM7Q8mWttrU</guid><itunes:duration>1120</itunes:duration><itunes:order>None</itunes:order></item><item><title>Dhammapada Verse 62: Not One's Own Self</title><description>62.
puttā matthi dhanammatthi, iti bālo vihaññati.
attā hi attano natthi, kuto puttā kuto dhanaṃ.

Part of a series on the Dhammapada, a set of 423 verse teachings given by the Buddha, including explanation of the Pali verse, a synopsis of the background story and application of the teaching to our practice.

&lt;b&gt;Original YouTube-Video:&lt;/b&gt; https://youtu.be/Cmiu8l1egUg
&lt;b&gt;For more information on the Dhammapada:&lt;/b&gt; http://www.buddhanet.net/e-learning/buddhism/dhammapada.htm
&lt;b&gt;Automatic Keywords:&lt;/b&gt; rich, wealth, control, vexed, outcasts
</description><pubDate>Sun, 10 Nov 2013 14:46:06 GMT</pubDate><enclosure url="https://almedia.blob.core.windows.net/audio/Cmiu8l1egUg.mp3" length="0" type="audio/mpeg"></enclosure><guid isPermaLink="true">Cmiu8l1egUg</guid><itunes:duration>1078</itunes:duration><itunes:order>None</itunes:order></item><item><title>Dhammapada Verse 61: No Friendship With Fools</title><description>61.
carañce nādhigaccheyya, seyyaṃ sadisamattano.
ekacariyaṃ daḷhaṃ kayirā, natthi bāle sahāyatā.

Part of a series on the Dhammapada, a set of 423 verse teachings given by the Buddha, including explanation of the Pali verse, a synopsis of the background story and application of the teaching to our practice.

&lt;b&gt;Original YouTube-Video:&lt;/b&gt; https://youtu.be/fKIOkx1mmos
&lt;b&gt;For more information on the Dhammapada:&lt;/b&gt; http://www.buddhanet.net/e-learning/buddhism/dhammapada.htm
&lt;b&gt;Automatic Keywords:&lt;/b&gt; elder, novice, went, people, water
</description><pubDate>Sun, 10 Nov 2013 14:18:43 GMT</pubDate><enclosure url="https://almedia.blob.core.windows.net/audio/fKIOkx1mmos.mp3" length="0" type="audio/mpeg"></enclosure><guid isPermaLink="true">fKIOkx1mmos</guid><itunes:duration>1350</itunes:duration><itunes:order>None</itunes:order></item><item><title>Dhammapada Verse 60: Wandering Fools</title><description>60.
Dīghā jāgarato ratti,
dīghaṃ santassa yojanaṃ;
Dīgho bālāna saṃsāro,
saddhammaṃ avijānataṃ.

Part of a series on the Dhammapada, a set of 423 verse teachings given by the Buddha, including explanation of the Pali verse, a synopsis of the background story and application of the teaching to our practice.

&lt;b&gt;Original YouTube-Video:&lt;/b&gt; https://youtu.be/EQoxhhzStAU
&lt;b&gt;For more information on the Dhammapada:&lt;/b&gt; http://www.buddhanet.net/e-learning/buddhism/dhammapada.htm
&lt;b&gt;Automatic Keywords:&lt;/b&gt; king, says, cauldron, evil, clay
</description><pubDate>Sat, 19 Oct 2013 04:50:21 GMT</pubDate><enclosure url="https://almedia.blob.core.windows.net/audio/EQoxhhzStAU.mp3" length="0" type="audio/mpeg"></enclosure><guid isPermaLink="true">EQoxhhzStAU</guid><itunes:duration>2082</itunes:duration><itunes:order>None</itunes:order></item><item><title>Dhammapada Verses 58 &amp; 59: Unsoiled By Filth</title><description>58.
yathā saṅkāraṭhānasmiṃ, ujjhitasmiṃ mahāpathe.
padumaṃ tattha jāyetha, sucigandhaṃ manoramaṃ.

59.
evaṃ saṅkārabhūtesu, andhabhūte puthujjane.
atirocati paññāya, sammāsambuddhasāvako.

Part of a series on the Dhammapada, a set of 423 verse teachings given by the Buddha, including explanation of the Pali verse, a synopsis of the background story and application of the teaching to our practice.

&lt;b&gt;Original YouTube-Video:&lt;/b&gt; https://youtu.be/pIluLqVYO3w
&lt;b&gt;For more information on the Dhammapada:&lt;/b&gt; http://www.buddhanet.net/e-learning/buddhism/dhammapada.htm
&lt;b&gt;Automatic Keywords:&lt;/b&gt; naked, pots, lotus, buddha, says
</description><pubDate>Sat, 12 Oct 2013 05:50:09 GMT</pubDate><enclosure url="https://almedia.blob.core.windows.net/audio/pIluLqVYO3w.mp3" length="0" type="audio/mpeg"></enclosure><guid isPermaLink="true">pIluLqVYO3w</guid><itunes:duration>2232</itunes:duration><itunes:order>None</itunes:order></item><item><title>Dhammapada Verse 57: Where Evil Cannot Find</title><description>57.
tesaṃ sampannasīlānaṃ, appamādavihārinaṃ.
sammadaññā vimuttānaṃ, māro maggaṃ na vindati.

Part of a series on the Dhammapada, a set of 423 verse teachings given by the Buddha, including explanation of the Pali verse, a synopsis of the background story and application of the teaching to our practice.

&lt;b&gt;Original YouTube-Video:&lt;/b&gt; https://youtu.be/7NigWO-v3_0
&lt;b&gt;For more information on the Dhammapada:&lt;/b&gt; http://www.buddhanet.net/e-learning/buddhism/dhammapada.htm
&lt;b&gt;Automatic Keywords:&lt;/b&gt; mara, path, death, suicide, killing
</description><pubDate>Sat, 05 Oct 2013 04:01:15 GMT</pubDate><enclosure url="https://almedia.blob.core.windows.net/audio/7NigWO-v3_0.mp3" length="0" type="audio/mpeg"></enclosure><guid isPermaLink="true">7NigWO-v3_0</guid><itunes:duration>1697</itunes:duration><itunes:order>None</itunes:order></item><item><title>Dhammapada Verse 56: Wafting To The Gods</title><description>56.
appamatto ayaṃ gandho, yāyaṃ tagaracandanaṃ .
yo ca sīlavataṃ gandho, vāti devesu uttamo.

Part of a series on the Dhammapada, a set of 423 verse teachings given by the Buddha, including explanation of the Pali verse, a synopsis of the background story and application of the teaching to our practice.

&lt;b&gt;Original YouTube-Video:&lt;/b&gt; https://youtu.be/AWStPfevc3Q
&lt;b&gt;For more information on the Dhammapada:&lt;/b&gt; http://www.buddhanet.net/e-learning/buddhism/dhammapada.htm
&lt;b&gt;Automatic Keywords:&lt;/b&gt; livelihood, arms, virtuous, just, food
</description><pubDate>Sun, 28 Jul 2013 05:21:00 GMT</pubDate><enclosure url="https://almedia.blob.core.windows.net/audio/AWStPfevc3Q.mp3" length="0" type="audio/mpeg"></enclosure><guid isPermaLink="true">AWStPfevc3Q</guid><itunes:duration>2889</itunes:duration><itunes:order>None</itunes:order></item><item><title>Dhammapada Verses 54 &amp; 55: Against The Wind</title><description>54.
na pupphagandho paṭivātameti, na candanaṃ tagaramallikā .
satañca gandho paṭivātameti, sabbā disā sappuriso pavāyati.

55.
candanaṃ tagaraṃ vāpi, uppalaṃ atha vassikī.
etesaṃ gandhajātānaṃ, sīlagandho anuttaro.

Part of a series on the Dhammapada, a set of 423 verse teachings given by the Buddha, including explanation of the Pali verse, a synopsis of the background story and application of the teaching to our practice.

&lt;b&gt;Original YouTube-Video:&lt;/b&gt; https://youtu.be/dgvShGoxndE
&lt;b&gt;For more information on the Dhammapada:&lt;/b&gt; http://www.buddhanet.net/e-learning/buddhism/dhammapada.htm
&lt;b&gt;Automatic Keywords:&lt;/b&gt; None
</description><pubDate>Mon, 15 Jul 2013 21:13:37 GMT</pubDate><enclosure url="https://almedia.blob.core.windows.net/audio/dgvShGoxndE.mp3" length="0" type="audio/mpeg"></enclosure><guid isPermaLink="true">dgvShGoxndE</guid><itunes:duration>3340</itunes:duration><itunes:order>None</itunes:order></item><item><title>Dhammapada Verse 53: Making Garlands Of Flowers</title><description>53.
yathāpi puppharāsimhā, kayirā mālāguṇe bahū.
evaṃ jātena maccena, kattabbaṃ kusalaṃ bahuṃ.

Part of a series on the Dhammapada, a set of 423 verse teachings given by the Buddha, including explanation of the Pali verse, a synopsis of the background story and application of the teaching to our practice.

&lt;b&gt;Original YouTube-Video:&lt;/b&gt; https://youtu.be/0dTWnFxSUHM
&lt;b&gt;For more information on the Dhammapada:&lt;/b&gt; http://www.buddhanet.net/e-learning/buddhism/dhammapada.htm
&lt;b&gt;Automatic Keywords:&lt;/b&gt; said, buddha, monks, megara, just
</description><pubDate>Sat, 29 Jun 2013 06:52:45 GMT</pubDate><enclosure url="https://almedia.blob.core.windows.net/audio/0dTWnFxSUHM.mp3" length="0" type="audio/mpeg"></enclosure><guid isPermaLink="true">0dTWnFxSUHM</guid><itunes:duration>5120</itunes:duration><itunes:order>None</itunes:order></item><item><title>Dhammapada Verses 51 &amp; 52: A Flower Without Scent</title><description>51.
yathāpi ruciraṃ pupphaṃ, vaṇṇavantaṃ agandhakaṃ.
evaṃ subhāsitā vācā, aphalā hoti akubbato.

52.
yathāpi ruciraṃ pupphaṃ, vaṇṇavantaṃ sugandhakaṃ.
evaṃ subhāsitā vācā, saphalā hoti kubbato .

Part of a series on the Dhammapada, a set of 423 verse teachings given by the Buddha, including explanation of the Pali verse, a synopsis of the background story and application of the teaching to our practice.

&lt;b&gt;Original YouTube-Video:&lt;/b&gt; https://youtu.be/5GNgnJy9xNk
&lt;b&gt;For more information on the Dhammapada:&lt;/b&gt; http://www.buddhanet.net/e-learning/buddhism/dhammapada.htm
&lt;b&gt;Automatic Keywords:&lt;/b&gt; queens, just, teaching, finger, noble
</description><pubDate>Sat, 22 Jun 2013 04:59:01 GMT</pubDate><enclosure url="https://almedia.blob.core.windows.net/audio/5GNgnJy9xNk.mp3" length="0" type="audio/mpeg"></enclosure><guid isPermaLink="true">5GNgnJy9xNk</guid><itunes:duration>3019</itunes:duration><itunes:order>None</itunes:order></item><item><title>Dhammapada Verse 50: Oversee Yourself</title><description>50.
na paresaṃ vilomāni, na paresaṃ katākataṃ.
attanova avekkheyya, katāni akatāni ca.

Part of a series on the Dhammapada, a set of 423 verse teachings given by the Buddha, including explanation of the Pali verse, a synopsis of the background story and application of the teaching to our practice.

&lt;b&gt;Original YouTube-Video:&lt;/b&gt; https://youtu.be/epXN2H1SenI
&lt;b&gt;For more information on the Dhammapada:&lt;/b&gt; http://www.buddhanet.net/e-learning/buddhism/dhammapada.htm
&lt;b&gt;Automatic Keywords:&lt;/b&gt; None
</description><pubDate>Sat, 15 Jun 2013 04:39:56 GMT</pubDate><enclosure url="https://almedia.blob.core.windows.net/audio/epXN2H1SenI.mp3" length="0" type="audio/mpeg"></enclosure><guid isPermaLink="true">epXN2H1SenI</guid><itunes:duration>2715</itunes:duration><itunes:order>None</itunes:order></item><item><title>Dhammapada Verse 49: Leaving the Flower Unharmed</title><description>49.
yathāpi bhamaro pupphaṃ, vaṇṇagandhamaheṭhayaṃ .
paleti rasamādāya, evaṃ gāme munī care.

Part of a series on the Dhammapada, a set of 423 verse teachings given by the Buddha, including explanation of the Pali verse, a synopsis of the background story and application of the teaching to our practice.

&lt;b&gt;Original YouTube-Video:&lt;/b&gt; https://youtu.be/N-rGGBxrZy4
&lt;b&gt;For more information on the Dhammapada:&lt;/b&gt; http://www.buddhanet.net/e-learning/buddhism/dhammapada.htm
&lt;b&gt;Automatic Keywords:&lt;/b&gt; pancakes, pancake, just, queen, rich
</description><pubDate>Tue, 28 May 2013 20:15:30 GMT</pubDate><enclosure url="https://almedia.blob.core.windows.net/audio/N-rGGBxrZy4.mp3" length="0" type="audio/mpeg"></enclosure><guid isPermaLink="true">N-rGGBxrZy4</guid><itunes:duration>4045</itunes:duration><itunes:order>None</itunes:order></item><item><title>Dhammapada Verse 48: Under Death's Power</title><description>48.
pupphāni heva pacinantaṃ, byāsattamanasaṃ naraṃ.
atittaññeva kāmesu, antako kurute vasaṃ.

Part of a series on the Dhammapada, a set of 423 verse teachings given by the Buddha, including explanation of the Pali verse, a synopsis of the background story and application of the teaching to our practice.

&lt;b&gt;Original YouTube-Video:&lt;/b&gt; https://youtu.be/gD6KwPjzO9g
&lt;b&gt;For more information on the Dhammapada:&lt;/b&gt; http://www.buddhanet.net/e-learning/buddhism/dhammapada.htm
&lt;b&gt;Automatic Keywords:&lt;/b&gt; flowers, heaven, angels, cakes, husband
</description><pubDate>Sat, 27 Apr 2013 16:26:23 GMT</pubDate><enclosure url="https://almedia.blob.core.windows.net/audio/gD6KwPjzO9g.mp3" length="0" type="audio/mpeg"></enclosure><guid isPermaLink="true">gD6KwPjzO9g</guid><itunes:duration>3151</itunes:duration><itunes:order>None</itunes:order></item><item><title>Dhammapada Verse 47: Like a Sleeping Village</title><description>47.
pupphāni heva pacinantaṃ, byāsattamanasaṃ naraṃ.
suttaṃ gāmaṃ mahoghova, maccu ādāya gacchati.

Part of a series on the Dhammapada, a set of 423 verse teachings given by the Buddha, including explanation of the Pali verse, a synopsis of the background story and application of the teaching to our practice.

&lt;b&gt;Original YouTube-Video:&lt;/b&gt; https://youtu.be/k1NDCKyM91I
&lt;b&gt;For more information on the Dhammapada:&lt;/b&gt; http://www.buddhanet.net/e-learning/buddhism/dhammapada.htm
&lt;b&gt;Automatic Keywords:&lt;/b&gt; king, buddha, death, christmas, relatives
</description><pubDate>Tue, 16 Apr 2013 18:22:47 GMT</pubDate><enclosure url="https://almedia.blob.core.windows.net/audio/k1NDCKyM91I.mp3" length="0" type="audio/mpeg"></enclosure><guid isPermaLink="true">k1NDCKyM91I</guid><itunes:duration>2385</itunes:duration><itunes:order>None</itunes:order></item><item><title>Dhammapada Verse 46: Where the King of Death Cannot See</title><description>46.
pheṇūpamaṃ kāyamimaṃ viditvā, marīcidhammaṃ abhisambudhāno.
chetvāna mārassa papupphakāni, adassanaṃ maccurājassa gacche.

Part of a series on the Dhammapada, a set of 423 verse teachings given by the Buddha, including explanation of the Pali verse, a synopsis of the background story and application of the teaching to our practice.

&lt;b&gt;Original YouTube-Video:&lt;/b&gt; https://youtu.be/rsFxg1N0Bgc
&lt;b&gt;For more information on the Dhammapada:&lt;/b&gt; http://www.buddhanet.net/e-learning/buddhism/dhammapada.htm
&lt;b&gt;Automatic Keywords:&lt;/b&gt; mirage, flowers, body, bubble, like
</description><pubDate>Sun, 14 Apr 2013 11:38:33 GMT</pubDate><enclosure url="https://almedia.blob.core.windows.net/audio/rsFxg1N0Bgc.mp3" length="0" type="audio/mpeg"></enclosure><guid isPermaLink="true">rsFxg1N0Bgc</guid><itunes:duration>1788</itunes:duration><itunes:order>None</itunes:order></item><item><title>Dhammapada Verses 44 &amp; 45: Overcome the World</title><description>44.
ko imaṃ pathaviṃ vicessati, yamalokañca imaṃ sadevakaṃ.
ko dhammapadaṃ sudesitaṃ, kusalo pupphamiva pacessati .

45.
sekho pathaviṃ vicessati, yamalokañca imaṃ sadevakaṃ.
sekho dhammapadaṃ sudesitaṃ, kusalo pupphamiva pacessati.

Part of a series on the Dhammapada, a set of 423 verse teachings given by the Buddha, including explanation of the Pali verse, a synopsis of the background story and application of the teaching to our practice.

&lt;b&gt;Original YouTube-Video:&lt;/b&gt; https://youtu.be/YJtQ7Ot8UpY
&lt;b&gt;For more information on the Dhammapada:&lt;/b&gt; http://www.buddhanet.net/e-learning/buddhism/dhammapada.htm
&lt;b&gt;Automatic Keywords:&lt;/b&gt; earth, perfection, train, trains, realms
</description><pubDate>Sat, 13 Apr 2013 11:35:34 GMT</pubDate><enclosure url="https://almedia.blob.core.windows.net/audio/YJtQ7Ot8UpY.mp3" length="0" type="audio/mpeg"></enclosure><guid isPermaLink="true">YJtQ7Ot8UpY</guid><itunes:duration>1262</itunes:duration><itunes:order>None</itunes:order></item><item><title>Dhammapada Verse 43: Better Than A Blood-Relative</title><description>43.
na taṃ mātā pitā kayirā, aññe vāpi ca ñātakā.
sammāpaṇihitaṃ cittaṃ, seyyaso naṃ tato kare.

Neither mother, father, nor any other relative can do one
greater good than one's own well-directed mind.

Part of a series on the Dhammapada, a set of 423 verse teachings given by the Buddha, including explanation of the Pali verse, a synopsis of the background story and application of the teaching to our practice.

&lt;b&gt;Original YouTube-Video:&lt;/b&gt; https://youtu.be/cEOWbNN5CBA
&lt;b&gt;For more information on the Dhammapada:&lt;/b&gt; http://www.buddhanet.net/e-learning/buddhism/dhammapada.htm
&lt;b&gt;Automatic Keywords:&lt;/b&gt; directed, mind, story, father, know
</description><pubDate>Fri, 15 Mar 2013 21:13:04 GMT</pubDate><enclosure url="https://almedia.blob.core.windows.net/audio/cEOWbNN5CBA.mp3" length="0" type="audio/mpeg"></enclosure><guid isPermaLink="true">cEOWbNN5CBA</guid><itunes:duration>1839</itunes:duration><itunes:order>None</itunes:order></item><item><title>Dhammapada Verse 42: Worse Than An Enemy</title><description>42.
diso disaṃ yaṃ taṃ kayirā, verī vā pana verinaṃ.
micchāpaṇihitaṃ cittaṃ, pāpiyo naṃ tato kare.

Whatever harm an enemy may do to an enemy, or a hater to a hater, an ill-directed mind inflicts on oneself a greater harm.

Part of a series on the Dhammapada, a set of 423 verse teachings given by the Buddha, including explanation of the Pali verse, a synopsis of the background story and application of the teaching to our practice.

&lt;b&gt;Original YouTube-Video:&lt;/b&gt; https://youtu.be/DTPuY4QbU8Y
&lt;b&gt;For more information on the Dhammapada:&lt;/b&gt; http://www.buddhanet.net/e-learning/buddhism/dhammapada.htm
&lt;b&gt;Automatic Keywords:&lt;/b&gt; enemy, mind, buddha, deserve, karma
</description><pubDate>Wed, 20 Feb 2013 16:35:16 GMT</pubDate><enclosure url="https://almedia.blob.core.windows.net/audio/DTPuY4QbU8Y.mp3" length="0" type="audio/mpeg"></enclosure><guid isPermaLink="true">DTPuY4QbU8Y</guid><itunes:duration>1613</itunes:duration><itunes:order>None</itunes:order></item><item><title>Dhammapada Verse 41: Like a Log</title><description>41.
aciraṃ vatayaṃ kāyo, pathaviṃ adhisessati.
chuddho apetaviññāṇo, niratthaṃva kaliṅgaraṃ.

Part of a series on the Dhammapada, a set of 423 verse teachings given by the Buddha, including explanation of the Pali verse, a synopsis of the background story and application of the teaching to our practice.

&lt;b&gt;Original YouTube-Video:&lt;/b&gt; https://youtu.be/Nf0h9zUwzcQ
&lt;b&gt;For more information on the Dhammapada:&lt;/b&gt; http://www.buddhanet.net/e-learning/buddhism/dhammapada.htm
&lt;b&gt;Automatic Keywords:&lt;/b&gt; body, begin, moment, inevitability, sick
</description><pubDate>Wed, 08 Aug 2012 13:13:36 GMT</pubDate><enclosure url="https://almedia.blob.core.windows.net/audio/Nf0h9zUwzcQ.mp3" length="0" type="audio/mpeg"></enclosure><guid isPermaLink="true">Nf0h9zUwzcQ</guid><itunes:duration>1492</itunes:duration><itunes:order>None</itunes:order></item><item><title>Dhammapada Verse 40: Fortify the Mind</title><description>40.
kumbhūpamaṃ kāyamimaṃ viditvā, nagarūpamaṃ cittamidaṃ ṭhapetvā.
yodhetha māraṃ paññāvudhena, jitañca rakkhe anivesano siyā.

Part of a series on the Dhammapada, a set of 423 verse teachings given by the Buddha, including explanation of the Pali verse, a synopsis of the background story and application of the teaching to our practice.

&lt;b&gt;Original YouTube-Video:&lt;/b&gt; https://youtu.be/gNrfJYg0xHo
&lt;b&gt;For more information on the Dhammapada:&lt;/b&gt; http://www.buddhanet.net/e-learning/buddhism/dhammapada.htm
&lt;b&gt;Automatic Keywords:&lt;/b&gt; fortify, body, mind, weapon, guard
</description><pubDate>Thu, 02 Aug 2012 07:23:02 GMT</pubDate><enclosure url="https://almedia.blob.core.windows.net/audio/gNrfJYg0xHo.mp3" length="0" type="audio/mpeg"></enclosure><guid isPermaLink="true">gNrfJYg0xHo</guid><itunes:duration>2136</itunes:duration><itunes:order>None</itunes:order></item><item><title>Dhammapada Verses 38 &amp; 39: Settling the Mind</title><description>38.
anavaṭṭhitacittassa, saddhammaṃ avijānato.
pariplavapasādassa, paññā na paripūrati.

39.
anavassutacittassa, ananvāhatacetaso.
puññapāpapahīnassa, natthi jāgarato bhayaṃ.

Part of a series on the Dhammapada, a set of 423 verse teachings given by the Buddha, including explanation of the Pali verse, a synopsis of the background story and application of the teaching to our practice.

&lt;b&gt;Original YouTube-Video:&lt;/b&gt; https://youtu.be/68Zp1ZyTOAQ
&lt;b&gt;For more information on the Dhammapada:&lt;/b&gt; http://www.buddhanet.net/e-learning/buddhism/dhammapada.htm
&lt;b&gt;Automatic Keywords:&lt;/b&gt; None
</description><pubDate>Thu, 26 Apr 2012 16:13:05 GMT</pubDate><enclosure url="https://almedia.blob.core.windows.net/audio/68Zp1ZyTOAQ.mp3" length="0" type="audio/mpeg"></enclosure><guid isPermaLink="true">68Zp1ZyTOAQ</guid><itunes:duration>2707</itunes:duration><itunes:order>None</itunes:order></item><item><title>Dhammapada Verse 37: Subdue the Wild Mind</title><description>37.
dūraṅgamaṃ ekacaraṃ, asarīraṃ guhāsayaṃ.
ye cittaṃ saṃyamessanti, mokkhanti mārabandhanā.

Part of a series on the Dhammapada, a set of 423 verse teachings given by the Buddha, including explanation of the Pali verse, a synopsis of the background story and application of the teaching to our practice.

&lt;b&gt;Original YouTube-Video:&lt;/b&gt; https://youtu.be/3HNmXjZhkmI
&lt;b&gt;For more information on the Dhammapada:&lt;/b&gt; http://www.buddhanet.net/e-learning/buddhism/dhammapada.htm
&lt;b&gt;Automatic Keywords:&lt;/b&gt; mind, uncle, nephew, subdue, ll
</description><pubDate>Sat, 14 Apr 2012 15:35:15 GMT</pubDate><enclosure url="https://almedia.blob.core.windows.net/audio/3HNmXjZhkmI.mp3" length="0" type="audio/mpeg"></enclosure><guid isPermaLink="true">3HNmXjZhkmI</guid><itunes:duration>2800</itunes:duration><itunes:order>None</itunes:order></item><item><title>Dhammapada Verse 36: Take Care of One Thing</title><description>36.
sududdasaṃ sunipuṇaṃ, yatthakāmanipātinaṃ.
cittaṃ rakkhetha medhāvī, cittaṃ guttaṃ sukhāvahaṃ.

Part of a series on the Dhammapada, a set of 423 verse teachings given by the Buddha, including explanation of the Pali verse, a synopsis of the background story and application of the teaching to our practice.

&lt;b&gt;Original YouTube-Video:&lt;/b&gt; https://youtu.be/CsmLe1toP6k
&lt;b&gt;For more information on the Dhammapada:&lt;/b&gt; http://www.buddhanet.net/e-learning/buddhism/dhammapada.htm
&lt;b&gt;Automatic Keywords:&lt;/b&gt; mind, guard, abhidhamma, monk, rules
</description><pubDate>Wed, 11 Apr 2012 14:50:23 GMT</pubDate><enclosure url="https://almedia.blob.core.windows.net/audio/CsmLe1toP6k.mp3" length="0" type="audio/mpeg"></enclosure><guid isPermaLink="true">CsmLe1toP6k</guid><itunes:duration>2090</itunes:duration><itunes:order>None</itunes:order></item><item><title>Dhammapada Verse 35: The Tamed Mind Brings Happiness</title><description>35.
dunniggahassa lahuno, yatthakāmanipātino.
cittassa damatho sādhu, cittaṃ dantaṃ sukhāvahaṃ.

Part of a series on the Dhammapada, a set of 423 verse teachings given by the Buddha, including explanation of the Pali verse, a synopsis of the background story and application of the teaching to our practice.

&lt;b&gt;Original YouTube-Video:&lt;/b&gt; https://youtu.be/jeVtge9TpX8
&lt;b&gt;For more information on the Dhammapada:&lt;/b&gt; http://www.buddhanet.net/e-learning/buddhism/dhammapada.htm
&lt;b&gt;Automatic Keywords:&lt;/b&gt; mind, said, monks, monastery, suitable
</description><pubDate>Thu, 05 Apr 2012 15:18:34 GMT</pubDate><enclosure url="https://almedia.blob.core.windows.net/audio/jeVtge9TpX8.mp3" length="0" type="audio/mpeg"></enclosure><guid isPermaLink="true">jeVtge9TpX8</guid><itunes:duration>1507</itunes:duration><itunes:order>None</itunes:order></item><item><title>Dhammapada Verses 33 &amp; 34: Straighten The Mind, Like A Fish In Water</title><description>33.
phandanaṃ capalaṃ cittaṃ, dūrakkhaṃ dunnivārayaṃ.
ujuṃ karoti medhāvī, usukārova tejanaṃ.

34.
vārijova thale khitto, okamokataubbhato.
pariphandatidaṃ cittaṃ, māradheyyaṃ pahātave.

Part of a series on the Dhammapada, a set of 423 verse teachings given by the Buddha, including explanation of the Pali verse, a synopsis of the background story and application of the teaching to our practice.

&lt;b&gt;Original YouTube-Video:&lt;/b&gt; https://youtu.be/jb2qMmRpC4c
&lt;b&gt;For more information on the Dhammapada:&lt;/b&gt; http://www.buddhanet.net/e-learning/buddhism/dhammapada.htm
&lt;b&gt;Automatic Keywords:&lt;/b&gt; mind, straight, mara, fickle, hooks
</description><pubDate>Tue, 03 Apr 2012 16:56:33 GMT</pubDate><enclosure url="https://almedia.blob.core.windows.net/audio/jb2qMmRpC4c.mp3" length="0" type="audio/mpeg"></enclosure><guid isPermaLink="true">jb2qMmRpC4c</guid><itunes:duration>1571</itunes:duration><itunes:order>None</itunes:order></item><item><title>Dhammapada Verses 31 &amp; 32: Burn Like A Fire, Near to Freedom</title><description>31.
appamādarato bhikkhu, pamāde bhayadassi vā.
saṃyojanaṃ aṇuṃ thūlaṃ, ḍahaṃ aggīva gacchati.

32.
appamādarato bhikkhu, pamāde bhayadassi vā.
abhabbo parihānāya, nibbānasseva santike.

Part of a series on the Dhammapada, a set of 423 verse teachings given by the Buddha, including explanation of the Pali verse, a synopsis of the background story and application of the teaching to our practice.

&lt;b&gt;Original YouTube-Video:&lt;/b&gt; https://youtu.be/NK-4q4FzeNM
&lt;b&gt;For more information on the Dhammapada:&lt;/b&gt; http://www.buddhanet.net/e-learning/buddhism/dhammapada.htm
&lt;b&gt;Automatic Keywords:&lt;/b&gt; delight, mind, heedfulness, forest, practice
</description><pubDate>Tue, 27 Mar 2012 03:04:45 GMT</pubDate><enclosure url="https://almedia.blob.core.windows.net/audio/NK-4q4FzeNM.mp3" length="0" type="audio/mpeg"></enclosure><guid isPermaLink="true">NK-4q4FzeNM</guid><itunes:duration>1681</itunes:duration><itunes:order>None</itunes:order></item><item><title>Dhammapada Verse 30: The Vigilance of the Gods</title><description>30.
appamādena maghavā, devānaṃ seṭṭhataṃ gato.
appamādaṃ pasaṃsanti, pamādo garahito sadā.

Part of a series on the Dhammapada, a set of 423 verse teachings given by the Buddha, including explanation of the Pali verse, a synopsis of the background story and application of the teaching to our practice.

&lt;b&gt;Original YouTube-Video:&lt;/b&gt; https://youtu.be/32Te58QV1ZU
&lt;b&gt;For more information on the Dhammapada:&lt;/b&gt; http://www.buddhanet.net/e-learning/buddhism/dhammapada.htm
&lt;b&gt;Automatic Keywords:&lt;/b&gt; people, king, gods, said, vigilant
</description><pubDate>Fri, 24 Feb 2012 04:28:41 GMT</pubDate><enclosure url="https://almedia.blob.core.windows.net/audio/32Te58QV1ZU.mp3" length="0" type="audio/mpeg"></enclosure><guid isPermaLink="true">32Te58QV1ZU</guid><itunes:duration>2200</itunes:duration><itunes:order>None</itunes:order></item><item><title>Dhammapada Verse 29: Like A Swift Horse</title><description>29.
appamatto pamattesu, suttesu bahujāgaro.
abalassaṁva sīghasso, hitvā yāti sumedhaso.

Part of a series on the Dhammapada, a set of 423 verse teachings given by the Buddha, including explanation of the Pali verse, a synopsis of the background story and application of the teaching to our practice.

&lt;b&gt;Original YouTube-Video:&lt;/b&gt; https://youtu.be/F1wtNLFQ64I
&lt;b&gt;For more information on the Dhammapada:&lt;/b&gt; http://www.buddhanet.net/e-learning/buddhism/dhammapada.htm
&lt;b&gt;Automatic Keywords:&lt;/b&gt; benefit, industrious, world, people, horse
</description><pubDate>Thu, 02 Feb 2012 04:57:56 GMT</pubDate><enclosure url="https://almedia.blob.core.windows.net/audio/F1wtNLFQ64I.mp3" length="0" type="audio/mpeg"></enclosure><guid isPermaLink="true">F1wtNLFQ64I</guid><itunes:duration>1802</itunes:duration><itunes:order>None</itunes:order></item><item><title>Dhammapada Verse 28: Seeing The World From Above</title><description>28.
pamādaṃ appamādena, yadā nudati paṇḍito.
paññāpāsādamāruyha, asoko sokiniṃ pajaṃ.
pabbataṭṭhova bhūmaṭṭhe, dhīro bāle avekkhati.

Part of a series on the Dhammapada, a set of 423 verse teachings given by the Buddha, including explanation of the Pali verse, a synopsis of the background story and application of the teaching to our practice.

&lt;b&gt;Original YouTube-Video:&lt;/b&gt; https://youtu.be/QLEB3QY0H9A
&lt;b&gt;For more information on the Dhammapada:&lt;/b&gt; http://www.buddhanet.net/e-learning/buddhism/dhammapada.htm
&lt;b&gt;Automatic Keywords:&lt;/b&gt; mountain, kassapa, ambitions, person, people
</description><pubDate>Fri, 06 Jan 2012 12:09:59 GMT</pubDate><enclosure url="https://almedia.blob.core.windows.net/audio/QLEB3QY0H9A.mp3" length="0" type="audio/mpeg"></enclosure><guid isPermaLink="true">QLEB3QY0H9A</guid><itunes:duration>1595</itunes:duration><itunes:order>None</itunes:order></item><item><title>Dhammapada Verses 26 and 27: Cherished Treasure</title><description>26.
pamādamanuyuñjanti, bālā dummedhino janā.
appamādañca medhāvī, dhanaṃ seṭṭhaṃva rakkhati.

27.
mā pamādamanuyuñjetha, mā kāmaratisanthavaṃ .
appamatto hi jhāyanto, pappoti vipulaṃ sukhaṃ.

Part of a series on the Dhammapada, a set of 423 verse teachings given by the Buddha, including explanation of the Pali verse, a synopsis of the background story and application of the teaching to our practice.

&lt;b&gt;Original YouTube-Video:&lt;/b&gt; https://youtu.be/O8e7R8UmcH0
&lt;b&gt;For more information on the Dhammapada:&lt;/b&gt; http://www.buddhanet.net/e-learning/buddhism/dhammapada.htm
&lt;b&gt;Automatic Keywords:&lt;/b&gt; happiness, strive, negligence, indulge, sensuality
</description><pubDate>Fri, 30 Dec 2011 12:38:59 GMT</pubDate><enclosure url="https://almedia.blob.core.windows.net/audio/O8e7R8UmcH0.mp3" length="0" type="audio/mpeg"></enclosure><guid isPermaLink="true">O8e7R8UmcH0</guid><itunes:duration>1268</itunes:duration><itunes:order>None</itunes:order></item><item><title>Dhammapada Verse 25: An Island Above the Flood</title><description>25.
uṭṭhānenappamādena, saṃyamena damena ca.
dīpaṃ kayirātha medhāvī, yaṃ ogho nābhikīrati.

Part of a series on the Dhammapada, a set of 423 verse teachings given by the Buddha, including explanation of the Pali verse, a synopsis of the background story and application of the teaching to our practice.

&lt;b&gt;Original YouTube-Video:&lt;/b&gt; https://youtu.be/tG4qiQyqAqE
&lt;b&gt;For more information on the Dhammapada:&lt;/b&gt; http://www.buddhanet.net/e-learning/buddhism/dhammapada.htm
&lt;b&gt;Automatic Keywords:&lt;/b&gt; brother, dirt, cloth, island, buddha
</description><pubDate>Thu, 29 Dec 2011 14:43:22 GMT</pubDate><enclosure url="https://almedia.blob.core.windows.net/audio/tG4qiQyqAqE.mp3" length="0" type="audio/mpeg"></enclosure><guid isPermaLink="true">tG4qiQyqAqE</guid><itunes:duration>1261</itunes:duration><itunes:order>None</itunes:order></item><item><title>Dhammapada Verse 24: Glory to the Mindful</title><description>24.
uṭṭhānavato satīmato, sucikammassa nisammakārino.
saññatassa dhammajīvino, appamattassa yasobhivaḍḍhati.

Part of a series on the Dhammapada, a set of 423 verse teachings given by the Buddha, including explanation of the Pali verse, a synopsis of the background story and application of the teaching to our practice.

&lt;b&gt;Original YouTube-Video:&lt;/b&gt; https://youtu.be/mM4NAojkukk
&lt;b&gt;For more information on the Dhammapada:&lt;/b&gt; http://www.buddhanet.net/e-learning/buddhism/dhammapada.htm
&lt;b&gt;Automatic Keywords:&lt;/b&gt; glory, king, wealth, treasure, daughter
</description><pubDate>Fri, 11 Nov 2011 13:57:57 GMT</pubDate><enclosure url="https://almedia.blob.core.windows.net/audio/mM4NAojkukk.mp3" length="0" type="audio/mpeg"></enclosure><guid isPermaLink="true">mM4NAojkukk</guid><itunes:duration>1760</itunes:duration><itunes:order>None</itunes:order></item><item><title>Dhammapada Verses 21, 22, and 23: The Mindful Never Die</title><description>21.
appamādo amatapadaṁ, pamādo maccuno padaṁ.
appamattā na mīyanti, ye pamattā yathā matā.

22.
evaṁ visesato ñatvā, appamādamhi paṇḍitā.
appamāde pamodanti, ariyānaṁ gocare ratā.

23.
te jhāyino sātatikā, niccaṁ daḷhaparakkamā.
phusanti dhīrā nibbānaṁ, yogakkhemaṁ anuttaraṁ.

Part of a series on the Dhammapada, a set of 423 verse teachings given by the Buddha, including explanation of the Pali verse, a synopsis of the background story and application of the teaching to our practice.

&lt;b&gt;Original YouTube-Video:&lt;/b&gt; https://youtu.be/qsMLDb7FIJ4
&lt;b&gt;For more information on the Dhammapada:&lt;/b&gt; http://www.buddhanet.net/e-learning/buddhism/dhammapada.htm
&lt;b&gt;Automatic Keywords:&lt;/b&gt; said, king, buddha, gandia, daughter
</description><pubDate>Thu, 10 Nov 2011 13:38:12 GMT</pubDate><enclosure url="https://almedia.blob.core.windows.net/audio/qsMLDb7FIJ4.mp3" length="0" type="audio/mpeg"></enclosure><guid isPermaLink="true">qsMLDb7FIJ4</guid><itunes:duration>3305</itunes:duration><itunes:order>None</itunes:order></item><item><title>Dhammapada Verses 19 and 20: Who Partakes in the Fruit</title><description>19.
bahumpi ce saṁhita bhāsamāno, na takkaro hoti naro pamatto.
gopova gāvo gaṇayaṁ paresaṁ, na bhāgavā sāmaññassa hoti.

20.
appampi ce saṁhita bhāsamāno, dhammassa hoti anudhammacārī.
rāgañca dosañca pahāya mohaṁ, sammappajāno suvimuttacitto.
anupādiyāno idha vā huraṁ vā, sa bhāgavā sāmaññassa hoti.

Part of a series on the Dhammapada, a set of 423 verse teachings given by the Buddha, including explanation of the Pali verse, a synopsis of the background story and application of the teaching to our practice.

&lt;b&gt;Original YouTube-Video:&lt;/b&gt; https://youtu.be/gLWtY8_8b4k
&lt;b&gt;For more information on the Dhammapada:&lt;/b&gt; http://www.buddhanet.net/e-learning/buddhism/dhammapada.htm
&lt;b&gt;Automatic Keywords:&lt;/b&gt; said, study, buddha, practice, monk
</description><pubDate>Mon, 07 Nov 2011 10:59:32 GMT</pubDate><enclosure url="https://almedia.blob.core.windows.net/audio/gLWtY8_8b4k.mp3" length="0" type="audio/mpeg"></enclosure><guid isPermaLink="true">gLWtY8_8b4k</guid><itunes:duration>1445</itunes:duration><itunes:order>None</itunes:order></item><item><title>Dhammapada Verse 18: Delighting Here and Hereafter</title><description>18.
idha nandati pecca nandati, katapuñño ubhayattha nandati.
"puññaṁ me katan"ti nandati, bhiyyo nandati suggatiṁ gato.

Part of a series on the Dhammapada, a set of 423 verse teachings given by the Buddha, including explanation of the Pali verse, a synopsis of the background story and application of the teaching to our practice.

&lt;b&gt;Original YouTube-Video:&lt;/b&gt; https://youtu.be/-Xeo6gv0kbA
&lt;b&gt;For more information on the Dhammapada:&lt;/b&gt; http://www.buddhanet.net/e-learning/buddhism/dhammapada.htm
&lt;b&gt;Automatic Keywords:&lt;/b&gt; goodness, younger, said, giving, daughter
</description><pubDate>Sat, 05 Nov 2011 13:18:08 GMT</pubDate><enclosure url="https://almedia.blob.core.windows.net/audio/-Xeo6gv0kbA.mp3" length="0" type="audio/mpeg"></enclosure><guid isPermaLink="true">-Xeo6gv0kbA</guid><itunes:duration>1435</itunes:duration><itunes:order>None</itunes:order></item><item><title>Dhammapada Verse 17: Burning Here and Hereafter</title><description>17.
idha tappati pecca tappati, pāpakārī ubhayattha tappati.
"pāpaṁ me katan"ti tappati, bhiyyo tappati duggatiṁ gato.

Part of a series on the Dhammapada, a set of 423 verse teachings given by the Buddha, including explanation of the Pali verse, a synopsis of the background story and application of the teaching to our practice.

&lt;b&gt;Original YouTube-Video:&lt;/b&gt; https://youtu.be/d_XxojTTYaM
&lt;b&gt;For more information on the Dhammapada:&lt;/b&gt; http://www.buddhanet.net/e-learning/buddhism/dhammapada.htm
&lt;b&gt;Automatic Keywords:&lt;/b&gt; david, evil, buddha, said, burma
</description><pubDate>Fri, 04 Nov 2011 10:29:35 GMT</pubDate><enclosure url="https://almedia.blob.core.windows.net/audio/d_XxojTTYaM.mp3" length="0" type="audio/mpeg"></enclosure><guid isPermaLink="true">d_XxojTTYaM</guid><itunes:duration>1429</itunes:duration><itunes:order>None</itunes:order></item><item><title>Dhammapada Verse 16: Rejoicing Here and Hereafter</title><description>16.
idha modati pecca modati, katapuñño ubhayattha modati.
so modati so pamodati, disvā kammavisuddhimattano.

Part of a series on the Dhammapada, a set of 423 verse teachings given by the Buddha, including explanation of the Pali verse, a synopsis of the background story and application of the teaching to our practice.

&lt;b&gt;Original YouTube-Video:&lt;/b&gt; https://youtu.be/qCaNGN48y0Y
&lt;b&gt;For more information on the Dhammapada:&lt;/b&gt; http://www.buddhanet.net/e-learning/buddhism/dhammapada.htm
&lt;b&gt;Automatic Keywords:&lt;/b&gt; rejoices, deeds, wait, deranged, said
</description><pubDate>Thu, 03 Nov 2011 08:50:44 GMT</pubDate><enclosure url="https://almedia.blob.core.windows.net/audio/qCaNGN48y0Y.mp3" length="0" type="audio/mpeg"></enclosure><guid isPermaLink="true">qCaNGN48y0Y</guid><itunes:duration>1015</itunes:duration><itunes:order>None</itunes:order></item><item><title>Dhammapada Verse 15: Sorrow Here and Hereafter</title><description>15.
idha socati pecca socati, pāpakārī ubhayattha socati.
so socati so vihaññati, disvā kammakiliṭṭhamattano.

Part of a series on the Dhammapada, a set of 423 verse teachings given by the Buddha, including explanation of the Pali verse, a synopsis of the background story and application of the teaching to our practice.

&lt;b&gt;Original YouTube-Video:&lt;/b&gt; https://youtu.be/KjprZsPDgV8
&lt;b&gt;For more information on the Dhammapada:&lt;/b&gt; http://www.buddhanet.net/e-learning/buddhism/dhammapada.htm
&lt;b&gt;Automatic Keywords:&lt;/b&gt; evil, deeds, pig, pigs, grieves
</description><pubDate>Wed, 02 Nov 2011 13:10:55 GMT</pubDate><enclosure url="https://almedia.blob.core.windows.net/audio/KjprZsPDgV8.mp3" length="0" type="audio/mpeg"></enclosure><guid isPermaLink="true">KjprZsPDgV8</guid><itunes:duration>753</itunes:duration><itunes:order>None</itunes:order></item><item><title>Dhammapada Verses 13 and 14: A Well-Thatched Roof</title><description>13.
yathā agāraṁ ducchannaṁ, vuṭṭhī samativijjhati.
evaṁ abhāvitaṁ cittaṁ, rāgo samativijjhati.

14.
yathā agāraṁ suchannaṁ, vuṭṭhī na samativijjhati.
evaṁ subhāvitaṁ cittaṁ, rāgo na samativijjhati.

Part of a series on the Dhammapada, a set of 423 verse teachings given by the Buddha, including explanation of the Pali verse, a synopsis of the background story and application of the teaching to our practice.

&lt;b&gt;Original YouTube-Video:&lt;/b&gt; https://youtu.be/k5E7O4tiCAs
&lt;b&gt;For more information on the Dhammapada:&lt;/b&gt; http://www.buddhanet.net/e-learning/buddhism/dhammapada.htm
&lt;b&gt;Automatic Keywords:&lt;/b&gt; nymphs, buddha, mind, penetrate, lust
</description><pubDate>Tue, 01 Nov 2011 09:56:11 GMT</pubDate><enclosure url="https://almedia.blob.core.windows.net/audio/k5E7O4tiCAs.mp3" length="0" type="audio/mpeg"></enclosure><guid isPermaLink="true">k5E7O4tiCAs</guid><itunes:duration>1599</itunes:duration><itunes:order>None</itunes:order></item><item><title>Dhammapada Verses 11 and 12: Essential and Unessential</title><description>11.
asāre sāramatino, sāre cāsāradassino.
te sāraṃ nādhigacchanti, micchāsaṅkappagocarā.

12.
sārañca sārato ñatvā, asārañca asārato.
te sāraṃ adhigacchanti, sammāsaṅkappagocarā.

Part of a series on the Dhammapada, a set of 423 verse teachings given by the Buddha, including explanation of the Pali verse, a synopsis of the background story and application of the teaching to our practice.

&lt;b&gt;Original YouTube-Video:&lt;/b&gt; https://youtu.be/UTfPX-sPcgA
&lt;b&gt;For more information on the Dhammapada:&lt;/b&gt; http://www.buddhanet.net/e-learning/buddhism/dhammapada.htm
&lt;b&gt;Automatic Keywords:&lt;/b&gt; essential, colita, essence, said, able
</description><pubDate>Sat, 17 Sep 2011 14:35:31 GMT</pubDate><enclosure url="https://almedia.blob.core.windows.net/audio/UTfPX-sPcgA.mp3" length="0" type="audio/mpeg"></enclosure><guid isPermaLink="true">UTfPX-sPcgA</guid><itunes:duration>1560</itunes:duration><itunes:order>None</itunes:order></item><item><title>Dhammapada Verses Nine and Ten: Worthy of the Robe</title><description>9.
anikkasāvo kāsāvaṃ, yo vatthaṃ paridahissati.
apeto damasaccena, na so kāsāvamarahati.

10.
yo ca vantakasāvassa, sīlesu susamāhito.
upeto damasaccena, sa ve kāsāvamarahati.

Part of a series on the Dhammapada, a set of 423 verse teachings given by the Buddha, including explanation of the Pali verse, a synopsis of the background story and application of the teaching to our practice.

&lt;b&gt;Original YouTube-Video:&lt;/b&gt; https://youtu.be/JzQeoiJCXIo
&lt;b&gt;For more information on the Dhammapada:&lt;/b&gt; http://www.buddhanet.net/e-learning/buddhism/dhammapada.htm
&lt;b&gt;Automatic Keywords:&lt;/b&gt; people, know, robe, laypeople, david
</description><pubDate>Sun, 04 Sep 2011 18:55:00 GMT</pubDate><enclosure url="https://almedia.blob.core.windows.net/audio/JzQeoiJCXIo.mp3" length="0" type="audio/mpeg"></enclosure><guid isPermaLink="true">JzQeoiJCXIo</guid><itunes:duration>2539</itunes:duration><itunes:order>None</itunes:order></item><item><title>Dhammapada Verses Seven &amp; Eight: A Weak Tree and a Mountain of Solid Rock</title><description>7.
subhānupassiṃ viharantaṃ, indriyesu asaṃvutaṃ.
bhojanamhi cāmattaññuṃ, kusītaṃ hīnavīriyaṃ.
taṃ ve pasahati māro, vāto rukkhaṃva dubbalaṃ.

8.
asubhānupassiṃ viharantaṃ, indriyesu susaṃvutaṃ.
bhojanamhi ca mattaññuṃ, saddhaṃ āraddhavīriyaṃ.
taṃ ve nappasahati māro, vāto selaṃva pabbataṃ.

Part of a series on the Dhammapada, a set of 423 verse teachings given by the Buddha, including explanation of the Pali verse, a synopsis of the background story and application of the teaching to our practice.

&lt;b&gt;Original YouTube-Video:&lt;/b&gt; https://youtu.be/C87bdxRW14w
&lt;b&gt;For more information on the Dhammapada:&lt;/b&gt; http://www.buddhanet.net/e-learning/buddhism/dhammapada.htm
&lt;b&gt;Automatic Keywords:&lt;/b&gt; know, brother, mara, people, evil
</description><pubDate>Thu, 25 Aug 2011 18:49:43 GMT</pubDate><enclosure url="https://almedia.blob.core.windows.net/audio/C87bdxRW14w.mp3" length="0" type="audio/mpeg"></enclosure><guid isPermaLink="true">C87bdxRW14w</guid><itunes:duration>2896</itunes:duration><itunes:order>None</itunes:order></item><item><title>Dhammapada Verse Six: Those With Clear Knowledge Settle Their Quarrels</title><description>6.
pare ca na vijānanti, mayamettha yamāmase.
ye ca tattha vijānanti, tato sammanti medhagā.

Part of a series on the Dhammapada, a set of 423 verse teachings given by the Buddha, including explanation of the Pali verse, a synopsis of the background story and application of the teaching to our practice.

&lt;b&gt;Original YouTube-Video:&lt;/b&gt; https://youtu.be/JDN7PcroYBA
&lt;b&gt;For more information on the Dhammapada:&lt;/b&gt; http://www.buddhanet.net/e-learning/buddhism/dhammapada.htm
&lt;b&gt;Automatic Keywords:&lt;/b&gt; split, offense, death, monks, quarrels
</description><pubDate>Sun, 14 Aug 2011 02:00:43 GMT</pubDate><enclosure url="https://almedia.blob.core.windows.net/audio/JDN7PcroYBA.mp3" length="0" type="audio/mpeg"></enclosure><guid isPermaLink="true">JDN7PcroYBA</guid><itunes:duration>1026</itunes:duration><itunes:order>None</itunes:order></item><item><title>Dhammapada Verse Five: Enmity Is Not Vanquished By Enmity</title><description>5.
na hi verena verāni, sammantīdha kudācanaṃ.
averena ca sammanti, esa dhammo sanantano.

Part of a series on the Dhammapada, a set of 423 verse teachings given by the Buddha, including explanation of the Pali verse, a synopsis of the background story and application of the teaching to our practice.

&lt;b&gt;Original YouTube-Video:&lt;/b&gt; https://youtu.be/teUXh0wcU64
&lt;b&gt;For more information on the Dhammapada:&lt;/b&gt; http://www.buddhanet.net/e-learning/buddhism/dhammapada.htm
&lt;b&gt;Automatic Keywords:&lt;/b&gt; ogre, revenge, enmity, woman, abortion
</description><pubDate>Thu, 11 Aug 2011 12:36:14 GMT</pubDate><enclosure url="https://almedia.blob.core.windows.net/audio/teUXh0wcU64.mp3" length="0" type="audio/mpeg"></enclosure><guid isPermaLink="true">teUXh0wcU64</guid><itunes:duration>981</itunes:duration><itunes:order>None</itunes:order></item><item><title>Dhammapada Verses Three and Four: Clinging to Perceived Wrongs Only Leads to More Wrong</title><description>3.
akkocchi maṃ avadhi maṃ, ajini maṃ ahāsi me.
ye ca taṃ upanayhanti, veraṃ tesaṃ na sammati.

4.
akkocchi maṃ avadhi maṃ, ajini maṃ ahāsi me.
ye ca taṃ nupanayhanti, veraṃ tesūpasammati.

Part of a series on the Dhammapada, a set of 423 verse teachings given by the Buddha, including explanation of the Pali verse, a synopsis of the background story and application of the teaching to our practice.

&lt;b&gt;Original YouTube-Video:&lt;/b&gt; https://youtu.be/QoqSU8zZUSg
&lt;b&gt;For more information on the Dhammapada:&lt;/b&gt; http://www.buddhanet.net/e-learning/buddhism/dhammapada.htm
&lt;b&gt;Automatic Keywords:&lt;/b&gt; anger, said, buddha, monk, angry
</description><pubDate>Tue, 09 Aug 2011 17:05:05 GMT</pubDate><enclosure url="https://almedia.blob.core.windows.net/audio/QoqSU8zZUSg.mp3" length="0" type="audio/mpeg"></enclosure><guid isPermaLink="true">QoqSU8zZUSg</guid><itunes:duration>1333</itunes:duration><itunes:order>None</itunes:order></item><item><title>Dhammapada Verse Two: Happiness Follows a Pure Mind</title><description>2.
manopubbaṅgamā dhammā, manoseṭṭhā manomayā.
manasā ce pasannena, bhāsati vā karoti vā.
tato naṃ sukhamanveti, chāyāva anapāyinī.

Part of a series on the Dhammapada, a set of 423 verse teachings given by the Buddha, including explanation of the Pali verse, a synopsis of the background story and application of the teaching to our practice.

&lt;b&gt;Original YouTube-Video:&lt;/b&gt; https://youtu.be/N3x9BQi9G7E
&lt;b&gt;For more information on the Dhammapada:&lt;/b&gt; http://www.buddhanet.net/e-learning/buddhism/dhammapada.htm
&lt;b&gt;Automatic Keywords:&lt;/b&gt; son, father, story, mind, shadow
</description><pubDate>Sun, 07 Aug 2011 22:54:53 GMT</pubDate><enclosure url="https://almedia.blob.core.windows.net/audio/N3x9BQi9G7E.mp3" length="0" type="audio/mpeg"></enclosure><guid isPermaLink="true">N3x9BQi9G7E</guid><itunes:duration>2300</itunes:duration><itunes:order>None</itunes:order></item><item><title>Dhammapada 1:  Suffering is Mind-made</title><description>1.
manopubbaṅgamā dhammā, manoseṭṭhā manomayā.
manasā ce paduṭṭhena, bhāsati vā karoti vā.
tato naṃ dukkhamanveti, cakkaṃva vahato padaṃ.


Part of a series on the Dhammapada, a set of 423 verse teachings given by the Buddha, including explanation of the Pali verse, a synopsis of the background story and application of the teaching to our practice.

&lt;b&gt;Original YouTube-Video:&lt;/b&gt; https://youtu.be/lZZiE-EofAE
&lt;b&gt;For more information on the Dhammapada:&lt;/b&gt; http://www.buddhanet.net/e-learning/buddhism/dhammapada.htm
&lt;b&gt;Automatic Keywords:&lt;/b&gt; verse, mind, said, ox, impure
</description><pubDate>Sat, 06 Aug 2011 13:18:08 GMT</pubDate><enclosure url="https://almedia.blob.core.windows.net/audio/lZZiE-EofAE.mp3" length="0" type="audio/mpeg"></enclosure><guid isPermaLink="true">lZZiE-EofAE</guid><itunes:duration>1181</itunes:duration><itunes:order>None</itunes:order></item></channel></rss>